2024-07-13 14:21:54,485 [INFO] Activator:176 - 


2024-07-13 14:21:54,485 [INFO] Activator:177 - !SESSION log4j initialized
2024-07-13 14:21:58,463 [INFO] LogOutputStream:77 - [STDOUT_REDIRECT] 
2024-07-13 14:22:03,899 [ERROR] ConfigurationRetriever:142 - IOException on connection: Read timed out
2024-07-13 14:22:06,546 [INFO] ApplicationProperties:184 - Using Application install path: C:\ST\STM32CubeIDE_1.15.1\STM32CubeIDE\plugins\com.st.stm32cube.common.mx_6.11.1.202404110753
2024-07-13 14:22:06,571 [INFO] DbMcusXml:78 - Set database path to: C:\ST\STM32CubeIDE_1.15.1\STM32CubeIDE\plugins\com.st.stm32cube.common.mx_6.11.1.202404110753\\db\/mcu/
2024-07-13 14:22:06,573 [INFO] ApiDb:274 - Set plugin database path to: C:\ST\STM32CubeIDE_1.15.1\STM32CubeIDE\plugins\com.st.stm32cube.common.mx_6.11.1.202404110753\\db\/plugins/boardmanager/
2024-07-13 14:22:06,573 [WARN] ApiDb:259 - Overriding images path with different value:  => C:\ST\STM32CubeIDE_1.15.1\STM32CubeIDE\plugins\com.st.stm32cube.common.mx_6.11.1.202404110753\\db\/plugins/mcufinder/images/
2024-07-13 14:22:06,611 [INFO] ApiDb:250 - Set database path to: C:\Users\Sbzrgn\.stmcufinder\plugins\mcufinder//mcu/
2024-07-13 14:22:06,613 [INFO] DbMcusAds:125 - Set database path to: C:\Users\Sbzrgn\.stmcufinder\plugins\mcufinder//mcu/
2024-07-13 14:22:06,616 [INFO] CrossReferenceDbSqlite:203 - Set database path to: C:\Users\Sbzrgn\.stmcufinder\plugins\mcufinder//mcu/cs/
2024-07-13 14:22:06,946 [INFO] RulesReader:64 - Compatibility file has been processed (297 Rules)
2024-07-13 14:22:07,215 [INFO] DbMcusXml:78 - Set database path to: C:\ST\STM32CubeIDE_1.15.1\STM32CubeIDE\plugins\com.st.stm32cube.common.mx_6.11.1.202404110753\\db\/mcu/
2024-07-13 14:22:07,215 [INFO] ApiDb:274 - Set plugin database path to: C:\ST\STM32CubeIDE_1.15.1\STM32CubeIDE\plugins\com.st.stm32cube.common.mx_6.11.1.202404110753\\db\/plugins/boardmanager/
2024-07-13 14:22:07,215 [INFO] ApiDb:261 - Set plugin images path to: C:\ST\STM32CubeIDE_1.15.1\STM32CubeIDE\plugins\com.st.stm32cube.common.mx_6.11.1.202404110753\\db\/plugins/mcufinder/images/
2024-07-13 14:22:07,215 [WARN] DbFile:41 - Overriding database path with different value: C:\Users\Sbzrgn\.stmcufinder\plugins\mcufinder/ => C:\Users\Sbzrgn\.stmcufinder\plugins\mcufinder
2024-07-13 14:22:07,216 [INFO] ApiDb:250 - Set database path to: C:\Users\Sbzrgn\.stmcufinder\plugins\mcufinder//mcu/
2024-07-13 14:22:07,216 [WARN] DbFile:41 - Overriding database path with different value: C:\Users\Sbzrgn\.stmcufinder\plugins\mcufinder/ => C:\Users\Sbzrgn\.stmcufinder\plugins\mcufinder
2024-07-13 14:22:07,216 [INFO] DbMcusAds:125 - Set database path to: C:\Users\Sbzrgn\.stmcufinder\plugins\mcufinder//mcu/
2024-07-13 14:22:07,216 [WARN] DbFile:41 - Overriding database path with different value: C:\Users\Sbzrgn\.stmcufinder\plugins\mcufinder/ => C:\Users\Sbzrgn\.stmcufinder\plugins\mcufinder
2024-07-13 14:22:07,216 [WARN] DbFile:41 - Overriding database path with different value: C:\Users\Sbzrgn\.stmcufinder\plugins\mcufinder/ => C:\Users\Sbzrgn\.stmcufinder\plugins\mcufinder
2024-07-13 14:22:07,217 [INFO] CrossReferenceDbSqlite:203 - Set database path to: C:\Users\Sbzrgn\.stmcufinder\plugins\mcufinder//mcu/cs/
2024-07-13 14:22:07,563 [INFO] MainPanel:264 - HeapMemory: 268435456
2024-07-13 14:22:07,875 [INFO] DbMcusXml:78 - Set database path to: C:\ST\STM32CubeIDE_1.15.1\STM32CubeIDE\plugins\com.st.stm32cube.common.mx_6.11.1.202404110753\\db\/mcu/
2024-07-13 14:22:07,875 [INFO] ApiDb:274 - Set plugin database path to: C:\ST\STM32CubeIDE_1.15.1\STM32CubeIDE\plugins\com.st.stm32cube.common.mx_6.11.1.202404110753\\db\/plugins/boardmanager/
2024-07-13 14:22:07,876 [INFO] ApiDb:261 - Set plugin images path to: C:\ST\STM32CubeIDE_1.15.1\STM32CubeIDE\plugins\com.st.stm32cube.common.mx_6.11.1.202404110753\\db\/plugins/mcufinder/images/
2024-07-13 14:22:07,877 [WARN] DbFile:41 - Overriding database path with different value: C:\Users\Sbzrgn\.stmcufinder\plugins\mcufinder/ => C:\Users\Sbzrgn\.stmcufinder\plugins\mcufinder
2024-07-13 14:22:07,877 [INFO] ApiDb:250 - Set database path to: C:\Users\Sbzrgn\.stmcufinder\plugins\mcufinder//mcu/
2024-07-13 14:22:07,878 [WARN] DbFile:41 - Overriding database path with different value: C:\Users\Sbzrgn\.stmcufinder\plugins\mcufinder/ => C:\Users\Sbzrgn\.stmcufinder\plugins\mcufinder
2024-07-13 14:22:07,878 [INFO] DbMcusAds:125 - Set database path to: C:\Users\Sbzrgn\.stmcufinder\plugins\mcufinder//mcu/
2024-07-13 14:22:07,878 [WARN] DbFile:41 - Overriding database path with different value: C:\Users\Sbzrgn\.stmcufinder\plugins\mcufinder/ => C:\Users\Sbzrgn\.stmcufinder\plugins\mcufinder
2024-07-13 14:22:07,878 [WARN] DbFile:41 - Overriding database path with different value: C:\Users\Sbzrgn\.stmcufinder\plugins\mcufinder/ => C:\Users\Sbzrgn\.stmcufinder\plugins\mcufinder
2024-07-13 14:22:07,879 [INFO] CrossReferenceDbSqlite:203 - Set database path to: C:\Users\Sbzrgn\.stmcufinder\plugins\mcufinder//mcu/cs/
2024-07-13 14:22:07,974 [INFO] ApplicationProperties:184 - Using Application install path: C:\ST\STM32CubeIDE_1.15.1\STM32CubeIDE\plugins\com.st.stm32cube.common.mx_6.11.1.202404110753
2024-07-13 14:22:07,977 [INFO] PluginManage:196 - Search for loadable plugins [exclusion list=, ]
2024-07-13 14:22:07,979 [INFO] PluginManage:310 - Check plugin analytics
2024-07-13 14:22:08,742 [INFO] AnalyticsPlugin:253 - Accepted Software Licenses: STM32CubeMX.6.10.0
2024-07-13 14:22:08,742 [INFO] AnalyticsPlugin:255 - Accepted CMSIS Pack Licenses: 
2024-07-13 14:22:08,742 [INFO] AnalyticsPlugin:257 - Accepted Firmware Licenses: FW.F4.1.27.0,FW.H7.1.11.0,FW.F4.1.28.0
2024-07-13 14:22:08,746 [INFO] PluginManage:359 - Loaded plugin analytics (category:tool,tabindex:-1)
2024-07-13 14:22:08,746 [INFO] PluginManage:310 - Check plugin cadmodel
2024-07-13 14:22:08,758 [INFO] CADModel:105 - Init CAD model plugin
2024-07-13 14:22:08,758 [INFO] PluginManage:359 - Loaded plugin cadmodel (category:power,tabindex:5)
2024-07-13 14:22:08,759 [INFO] PluginManage:310 - Check plugin clock
2024-07-13 14:22:08,806 [INFO] PluginManage:359 - Loaded plugin clock (category:base,tabindex:2)
2024-07-13 14:22:08,806 [INFO] PluginManage:310 - Check plugin ddr
2024-07-13 14:22:08,811 [INFO] PluginManage:359 - Loaded plugin ddr (category:tool,tabindex:6)
2024-07-13 14:22:08,811 [INFO] PluginManage:310 - Check plugin filemanager
2024-07-13 14:22:09,350 [INFO] PluginManage:359 - Loaded plugin filemanager (category:base,tabindex:10)
2024-07-13 14:22:09,350 [INFO] PluginManage:310 - Check plugin ipmanager
2024-07-13 14:22:09,364 [INFO] PluginManage:359 - Loaded plugin ipmanager (category:base,tabindex:5)
2024-07-13 14:22:09,367 [INFO] PluginManage:310 - Check plugin lpbam
2024-07-13 14:22:09,381 [INFO] PluginManage:359 - Loaded plugin lpbam (category:base,tabindex:0)
2024-07-13 14:22:09,381 [INFO] PluginManage:310 - Check plugin memorymap
2024-07-13 14:22:09,433 [INFO] PluginManage:359 - Loaded plugin memorymap (category:base,tabindex:4)
2024-07-13 14:22:09,433 [INFO] PluginManage:310 - Check plugin pinoutandconfiguration
2024-07-13 14:22:09,449 [INFO] PluginManage:359 - Loaded plugin pinoutandconfiguration (category:base,tabindex:1)
2024-07-13 14:22:09,450 [INFO] PluginManage:310 - Check plugin pinoutconfig
2024-07-13 14:22:09,680 [WARN] SupportedApi:132 - Cannot load RTOS API schema: s4s-elt-must-match.1: The content of 'definitions' must match (annotation?, (simpleType | complexType)?, (unique | key | keyref)*)). A problem was found starting at: attribute.
2024-07-13 14:22:09,963 [INFO] PluginManage:359 - Loaded plugin pinoutconfig (category:base,tabindex:0)
2024-07-13 14:22:09,963 [INFO] PluginManage:310 - Check plugin power
2024-07-13 14:22:09,977 [INFO] PluginManage:359 - Loaded plugin power (category:power,tabindex:4)
2024-07-13 14:22:09,977 [INFO] PluginManage:310 - Check plugin projectmanager
2024-07-13 14:22:10,010 [INFO] PluginManage:359 - Loaded plugin projectmanager (category:projectmanager,tabindex:3)
2024-07-13 14:22:10,010 [INFO] PluginManage:310 - Check plugin thirdparty
2024-07-13 14:22:10,357 [INFO] PluginManage:359 - Loaded plugin thirdparty (category:base,tabindex:-1)
2024-07-13 14:22:10,358 [INFO] PluginManage:310 - Check plugin tools
2024-07-13 14:22:10,380 [WARN] IntegrityCheckThread:84 - waiting for thirdparty lock release [integrity check]
2024-07-13 14:22:10,380 [INFO] IntegrityCheckThread:86 - entering critical section [integrity check]
2024-07-13 14:22:10,381 [INFO] ThirdPartyUpdaterWithRetryManager:70 - Updater plugin not ready yet. [1/15]
2024-07-13 14:22:10,404 [INFO] PluginManage:359 - Loaded plugin tools (category:base,tabindex:7)
2024-07-13 14:22:10,404 [INFO] PluginManage:310 - Check plugin tutovideos
2024-07-13 14:22:10,853 [INFO] PluginManage:359 - Loaded plugin tutovideos (category:base,tabindex:-1)
2024-07-13 14:22:10,853 [INFO] PluginManage:310 - Check plugin updater
2024-07-13 14:22:10,869 [INFO] PluginManage:359 - Loaded plugin updater (category:base,tabindex:12)
2024-07-13 14:22:10,870 [INFO] PluginManage:310 - Check plugin userauth
2024-07-13 14:22:10,877 [INFO] UserAuth:114 - Init User Auth plugin
2024-07-13 14:22:10,877 [INFO] PluginManage:359 - Loaded plugin userauth (category:base,tabindex:14)
2024-07-13 14:22:10,878 [INFO] PluginManage:283 - PluginManage : Loaded plugins [17]
2024-07-13 14:22:11,281 [INFO] PinOutPanel:1561 - setPackage(No Configuration,No Configuration)
2024-07-13 14:22:11,433 [INFO] CADModel:165 - CPN selected for project level
2024-07-13 14:22:11,434 [INFO] CADModel:114 - Register for checkConnection events
2024-07-13 14:22:11,459 [INFO] IPUIPlugin:80 - create IPUIPlugin
2024-07-13 14:22:11,460 [INFO] PluginManager:220 - loadIPPluginJar : add adc
2024-07-13 14:22:11,464 [INFO] IPUIPlugin:80 - create IPUIPlugin
2024-07-13 14:22:11,464 [INFO] PluginManager:220 - loadIPPluginJar : add aes
2024-07-13 14:22:11,476 [INFO] IPUIPlugin:80 - create IPUIPlugin
2024-07-13 14:22:11,476 [INFO] PluginManager:220 - loadIPPluginJar : add can
2024-07-13 14:22:11,479 [INFO] IPUIPlugin:80 - create IPUIPlugin
2024-07-13 14:22:11,479 [INFO] PluginManager:220 - loadIPPluginJar : add comp
2024-07-13 14:22:11,483 [INFO] IPUIPlugin:80 - create IPUIPlugin
2024-07-13 14:22:11,483 [INFO] PluginManager:220 - loadIPPluginJar : add cryp
2024-07-13 14:22:11,487 [INFO] IPUIPlugin:80 - create IPUIPlugin
2024-07-13 14:22:11,487 [INFO] PluginManager:220 - loadIPPluginJar : add dfsdm
2024-07-13 14:22:11,494 [INFO] IPUIPlugin:80 - create IPUIPlugin
2024-07-13 14:22:11,495 [INFO] PluginManager:220 - loadIPPluginJar : add dma
2024-07-13 14:22:11,499 [INFO] IPUIPlugin:80 - create IPUIPlugin
2024-07-13 14:22:11,499 [INFO] PluginManager:220 - loadIPPluginJar : add dma3
2024-07-13 14:22:11,503 [INFO] IPUIPlugin:80 - create IPUIPlugin
2024-07-13 14:22:11,503 [INFO] PluginManager:220 - loadIPPluginJar : add extmemmanager
2024-07-13 14:22:11,535 [INFO] IPUIPlugin:80 - create IPUIPlugin
2024-07-13 14:22:11,535 [INFO] PluginManager:220 - loadIPPluginJar : add fatfs
2024-07-13 14:22:11,543 [INFO] IPUIPlugin:80 - create IPUIPlugin
2024-07-13 14:22:11,543 [INFO] PluginManager:220 - loadIPPluginJar : add fmc
2024-07-13 14:22:11,554 [INFO] IPUIPlugin:80 - create IPUIPlugin
2024-07-13 14:22:11,555 [INFO] PluginManager:220 - loadIPPluginJar : add freertos
2024-07-13 14:22:11,558 [INFO] IPUIPlugin:80 - create IPUIPlugin
2024-07-13 14:22:11,558 [INFO] PluginManager:220 - loadIPPluginJar : add genericplugin
2024-07-13 14:22:11,562 [INFO] IPUIPlugin:80 - create IPUIPlugin
2024-07-13 14:22:11,562 [INFO] PluginManager:220 - loadIPPluginJar : add gfxmmu
2024-07-13 14:22:11,570 [INFO] IPUIPlugin:80 - create IPUIPlugin
2024-07-13 14:22:11,570 [INFO] PluginManager:220 - loadIPPluginJar : add gic
2024-07-13 14:22:11,575 [INFO] IPUIPlugin:80 - create IPUIPlugin
2024-07-13 14:22:11,575 [INFO] PluginManager:220 - loadIPPluginJar : add gpio
2024-07-13 14:22:11,579 [INFO] IPUIPlugin:80 - create IPUIPlugin
2024-07-13 14:22:11,579 [INFO] PluginManager:220 - loadIPPluginJar : add gtzc
2024-07-13 14:22:11,589 [INFO] IPUIPlugin:80 - create IPUIPlugin
2024-07-13 14:22:11,589 [INFO] PluginManager:220 - loadIPPluginJar : add hash
2024-07-13 14:22:11,594 [INFO] IPUIPlugin:80 - create IPUIPlugin
2024-07-13 14:22:11,594 [INFO] PluginManager:220 - loadIPPluginJar : add i2c
2024-07-13 14:22:11,601 [INFO] IPUIPlugin:80 - create IPUIPlugin
2024-07-13 14:22:11,601 [INFO] PluginManager:220 - loadIPPluginJar : add i2s
2024-07-13 14:22:11,605 [INFO] IPUIPlugin:80 - create IPUIPlugin
2024-07-13 14:22:11,605 [INFO] PluginManager:220 - loadIPPluginJar : add i3c
2024-07-13 14:22:11,610 [INFO] IPUIPlugin:80 - create IPUIPlugin
2024-07-13 14:22:11,610 [INFO] PluginManager:220 - loadIPPluginJar : add ipddr
2024-07-13 14:22:11,618 [INFO] IPUIPlugin:80 - create IPUIPlugin
2024-07-13 14:22:11,618 [INFO] PluginManager:220 - loadIPPluginJar : add linkedlist
2024-07-13 14:22:11,623 [INFO] IPUIPlugin:80 - create IPUIPlugin
2024-07-13 14:22:11,623 [INFO] PluginManager:220 - loadIPPluginJar : add lorawan
2024-07-13 14:22:11,625 [INFO] IPUIPlugin:80 - create IPUIPlugin
2024-07-13 14:22:11,625 [INFO] PluginManager:220 - loadIPPluginJar : add ltdc
2024-07-13 14:22:11,638 [INFO] IPUIPlugin:80 - create IPUIPlugin
2024-07-13 14:22:11,638 [INFO] PluginManager:220 - loadIPPluginJar : add mdma
2024-07-13 14:22:11,643 [INFO] IPUIPlugin:80 - create IPUIPlugin
2024-07-13 14:22:11,644 [INFO] PluginManager:220 - loadIPPluginJar : add nvic
2024-07-13 14:22:11,648 [INFO] IPUIPlugin:80 - create IPUIPlugin
2024-07-13 14:22:11,649 [INFO] PluginManager:220 - loadIPPluginJar : add opamp
2024-07-13 14:22:11,653 [INFO] IPUIPlugin:80 - create IPUIPlugin
2024-07-13 14:22:11,653 [INFO] PluginManager:220 - loadIPPluginJar : add openamp
2024-07-13 14:22:11,658 [INFO] IPUIPlugin:80 - create IPUIPlugin
2024-07-13 14:22:11,658 [INFO] PluginManager:220 - loadIPPluginJar : add pdm2pcm
2024-07-13 14:22:11,667 [INFO] IPUIPlugin:80 - create IPUIPlugin
2024-07-13 14:22:11,671 [INFO] PluginManager:220 - loadIPPluginJar : add plateformsettings
2024-07-13 14:22:11,674 [INFO] IPUIPlugin:80 - create IPUIPlugin
2024-07-13 14:22:11,674 [INFO] PluginManager:220 - loadIPPluginJar : add quadspi
2024-07-13 14:22:11,679 [INFO] IPUIPlugin:80 - create IPUIPlugin
2024-07-13 14:22:11,679 [INFO] PluginManager:220 - loadIPPluginJar : add resmgrutility
2024-07-13 14:22:11,684 [INFO] IPUIPlugin:80 - create IPUIPlugin
2024-07-13 14:22:11,684 [INFO] PluginManager:220 - loadIPPluginJar : add sai
2024-07-13 14:22:11,688 [INFO] IPUIPlugin:80 - create IPUIPlugin
2024-07-13 14:22:11,688 [INFO] PluginManager:220 - loadIPPluginJar : add spi
2024-07-13 14:22:11,695 [INFO] IPUIPlugin:80 - create IPUIPlugin
2024-07-13 14:22:11,696 [INFO] PluginManager:220 - loadIPPluginJar : add stm32_wpan
2024-07-13 14:22:11,698 [INFO] IPUIPlugin:80 - create IPUIPlugin
2024-07-13 14:22:11,698 [INFO] PluginManager:220 - loadIPPluginJar : add tim
2024-07-13 14:22:11,703 [INFO] IPUIPlugin:80 - create IPUIPlugin
2024-07-13 14:22:11,703 [INFO] PluginManager:220 - loadIPPluginJar : add touchsensing
2024-07-13 14:22:11,706 [INFO] IPUIPlugin:80 - create IPUIPlugin
2024-07-13 14:22:11,707 [INFO] PluginManager:220 - loadIPPluginJar : add tracer_emb
2024-07-13 14:22:11,710 [INFO] IPUIPlugin:80 - create IPUIPlugin
2024-07-13 14:22:11,710 [INFO] PluginManager:220 - loadIPPluginJar : add ts
2024-07-13 14:22:11,713 [INFO] IPUIPlugin:80 - create IPUIPlugin
2024-07-13 14:22:11,713 [INFO] PluginManager:220 - loadIPPluginJar : add tsc
2024-07-13 14:22:11,716 [INFO] IPUIPlugin:80 - create IPUIPlugin
2024-07-13 14:22:11,716 [INFO] PluginManager:220 - loadIPPluginJar : add ucpd
2024-07-13 14:22:11,720 [INFO] IPUIPlugin:80 - create IPUIPlugin
2024-07-13 14:22:11,720 [INFO] PluginManager:220 - loadIPPluginJar : add usart
2024-07-13 14:22:11,728 [INFO] IPUIPlugin:80 - create IPUIPlugin
2024-07-13 14:22:11,728 [INFO] PluginManager:220 - loadIPPluginJar : add usbx
2024-07-13 14:22:11,932 [INFO] CADModel:165 - CPN selected for project level
2024-07-13 14:22:11,932 [INFO] CADModel:114 - Register for checkConnection events
2024-07-13 14:22:11,932 [FATAL] Updater:308 - Updater called before beeing initialized
2024-07-13 14:22:11,932 [ERROR] CADModel:125 - Updater not yet initialized, retry later 
2024-07-13 14:22:12,124 [INFO] CADModel:165 - CPN selected for project level
2024-07-13 14:22:12,124 [INFO] CADModel:114 - Register for checkConnection events
2024-07-13 14:22:12,124 [FATAL] Updater:308 - Updater called before beeing initialized
2024-07-13 14:22:12,124 [ERROR] CADModel:125 - Updater not yet initialized, retry later 
2024-07-13 14:22:12,129 [FATAL] Updater:308 - Updater called before beeing initialized
2024-07-13 14:22:12,323 [FATAL] Updater:308 - Updater called before beeing initialized
2024-07-13 14:22:12,332 [INFO] DbMcusAds:53 - JSON generation date=Thu May 16 12:52:00 IRST 2024 (1715851320667)
2024-07-13 14:22:12,332 [FATAL] Updater:308 - Updater called before beeing initialized
2024-07-13 14:22:12,402 [WARN] DetailPanel:346 - Failed to get advertising image, set to default
2024-07-13 14:22:12,861 [FATAL] Updater:308 - Updater called before beeing initialized
2024-07-13 14:22:12,866 [FATAL] Updater:308 - Updater called before beeing initialized
2024-07-13 14:22:12,867 [FATAL] Updater:308 - Updater called before beeing initialized
2024-07-13 14:22:12,867 [WARN] DetailPanel:346 - Failed to get advertising image, set to default
2024-07-13 14:22:12,870 [FATAL] Updater:308 - Updater called before beeing initialized
2024-07-13 14:22:12,963 [ERROR] Updater:1120 - MainUpdater not yet initialized. External WinMGr cannot be set.
2024-07-13 14:22:12,968 [INFO] Updater:1056 - Updater Version found : 6.11.1
2024-07-13 14:22:12,998 [INFO] ApplicationProperties:184 - Using Application install path: C:\ST\STM32CubeIDE_1.15.1\STM32CubeIDE\plugins\com.st.stm32cube.common.mx_6.11.1.202404110753
2024-07-13 14:22:13,382 [INFO] ThirdPartyUpdaterWithRetryManager:70 - Updater plugin not ready yet. [2/15]
2024-07-13 14:22:16,384 [FATAL] Updater:308 - Updater called before beeing initialized
2024-07-13 14:22:16,384 [ERROR] IntegrityCheckThread:130 - Cannot retrieve database content from updater: error 21
2024-07-13 14:22:16,385 [INFO] ThirdParty:978 - Integrity check success = false
2024-07-13 14:22:16,387 [INFO] IntegrityCheckThread:100 - exiting critical section [integrity check]
2024-07-13 14:22:16,388 [INFO] IntegrityCheckThread:103 - End integrity checks thread
2024-07-13 14:22:18,469 [INFO] MainUpdater:2873 - connection check result : 10
2024-07-13 14:22:18,470 [INFO] MainUpdater:3567 - Updater definition file requires update
2024-07-13 14:22:18,471 [INFO] MainUpdater:290 - Updater Check For Update Now.
2024-07-13 14:22:18,471 [INFO] MicroXplorer:498 - Change Database Version : DB.6.0.111
2024-07-13 14:22:18,480 [INFO] McuFinderGlobals:63 - Set McuFinder mode to 2 (CubeIDE integrated)
2024-07-13 14:22:18,490 [INFO] UserAuth:415 - Internet connection configuration mode: 1
2024-07-13 14:22:18,517 [INFO] JxBrowserEngine:152 - Initiate JxBrowser Engine with user profile folder
2024-07-13 14:22:19,985 [INFO] WebApp:161 - Instantiating new browser for Auth
2024-07-13 14:22:21,189 [INFO] WebApp:779 - Register for checkConnection events
2024-07-13 14:22:21,189 [INFO] WebApp:414 - Apply proxy settings
2024-07-13 14:22:21,189 [INFO] WebApp:499 - Chromium requires no authentication
2024-07-13 14:22:21,197 [INFO] WebApp:442 - Direct internet connection detected
2024-07-13 14:22:21,431 [INFO] WebApp:192 - Starting web application
2024-07-13 14:22:21,431 [INFO] WebApp:544 - Web application path used C:\ST\STM32CubeIDE_1.15.1\STM32CubeIDE\plugins\com.st.stm32cube.common.mx_6.11.1.202404110753\db\plugins\mcufinder\reactClient1\index.html
2024-07-13 14:22:21,431 [ERROR] ServerAccessManage:1172 - Problem during Server Connection :  IO error Remote host terminated the handshake
2024-07-13 14:22:21,432 [ERROR] ServerAccessManage:651 - Problem during Server Connection :  : updaters.zip.
2024-07-13 14:22:21,432 [WARN] LoadServerUpdatesThread:475 - Updater definition download error.
2024-07-13 14:22:21,435 [INFO] LoadServerUpdatesThread:375 - End of LoadServerUpdate Thread
2024-07-13 14:22:21,739 [INFO] CheckServerUpdateThread:120 - End of CheckServer Thread
2024-07-13 14:22:23,647 [ERROR] ConfigurationRetriever:142 - IOException on connection: Read timed out
2024-07-13 14:22:46,861 [ERROR] ConfigurationRetriever:142 - IOException on connection: Remote host terminated the handshake
2024-07-13 14:22:50,361 [ERROR] ConfigurationRetriever:142 - IOException on connection: Remote host terminated the handshake
2024-07-13 15:12:04,556 [INFO] MainUpdater:2873 - connection check result : 22
2024-07-13 15:12:06,016 [INFO] CheckServerUpdateThread:120 - End of CheckServer Thread
2024-07-13 15:12:55,489 [INFO] MainUpdater:2873 - connection check result : 22
2024-07-13 15:17:22,334 [INFO] MainUpdater:2873 - connection check result : 22
2024-07-13 15:17:35,239 [ERROR] LogOutputStream:75 - [STDERR_REDIRECT] 
2024-07-13 15:18:08,631 [INFO] Activator:176 - 


2024-07-13 15:18:08,634 [INFO] Activator:177 - !SESSION log4j initialized
2024-07-13 15:18:15,008 [INFO] LogOutputStream:77 - [STDOUT_REDIRECT] 
2024-07-13 15:18:16,346 [ERROR] ConfigurationRetriever:142 - IOException on connection: Remote host terminated the handshake
2024-07-13 15:18:16,718 [INFO] ApplicationProperties:184 - Using Application install path: C:\ST\STM32CubeIDE_1.15.1\STM32CubeIDE\plugins\com.st.stm32cube.common.mx_6.11.1.202404110753
2024-07-13 15:18:16,743 [INFO] DbMcusXml:78 - Set database path to: C:\ST\STM32CubeIDE_1.15.1\STM32CubeIDE\plugins\com.st.stm32cube.common.mx_6.11.1.202404110753\\db\/mcu/
2024-07-13 15:18:16,744 [INFO] ApiDb:274 - Set plugin database path to: C:\ST\STM32CubeIDE_1.15.1\STM32CubeIDE\plugins\com.st.stm32cube.common.mx_6.11.1.202404110753\\db\/plugins/boardmanager/
2024-07-13 15:18:16,744 [WARN] ApiDb:259 - Overriding images path with different value:  => C:\ST\STM32CubeIDE_1.15.1\STM32CubeIDE\plugins\com.st.stm32cube.common.mx_6.11.1.202404110753\\db\/plugins/mcufinder/images/
2024-07-13 15:18:16,753 [INFO] ApiDb:250 - Set database path to: C:\Users\Sbzrgn\.stmcufinder\plugins\mcufinder//mcu/
2024-07-13 15:18:16,754 [INFO] DbMcusAds:125 - Set database path to: C:\Users\Sbzrgn\.stmcufinder\plugins\mcufinder//mcu/
2024-07-13 15:18:16,758 [INFO] CrossReferenceDbSqlite:203 - Set database path to: C:\Users\Sbzrgn\.stmcufinder\plugins\mcufinder//mcu/cs/
2024-07-13 15:18:16,908 [INFO] RulesReader:64 - Compatibility file has been processed (297 Rules)
2024-07-13 15:18:17,017 [INFO] DbMcusXml:78 - Set database path to: C:\ST\STM32CubeIDE_1.15.1\STM32CubeIDE\plugins\com.st.stm32cube.common.mx_6.11.1.202404110753\\db\/mcu/
2024-07-13 15:18:17,017 [INFO] ApiDb:274 - Set plugin database path to: C:\ST\STM32CubeIDE_1.15.1\STM32CubeIDE\plugins\com.st.stm32cube.common.mx_6.11.1.202404110753\\db\/plugins/boardmanager/
2024-07-13 15:18:17,018 [INFO] ApiDb:261 - Set plugin images path to: C:\ST\STM32CubeIDE_1.15.1\STM32CubeIDE\plugins\com.st.stm32cube.common.mx_6.11.1.202404110753\\db\/plugins/mcufinder/images/
2024-07-13 15:18:17,018 [WARN] DbFile:41 - Overriding database path with different value: C:\Users\Sbzrgn\.stmcufinder\plugins\mcufinder/ => C:\Users\Sbzrgn\.stmcufinder\plugins\mcufinder
2024-07-13 15:18:17,018 [INFO] ApiDb:250 - Set database path to: C:\Users\Sbzrgn\.stmcufinder\plugins\mcufinder//mcu/
2024-07-13 15:18:17,018 [WARN] DbFile:41 - Overriding database path with different value: C:\Users\Sbzrgn\.stmcufinder\plugins\mcufinder/ => C:\Users\Sbzrgn\.stmcufinder\plugins\mcufinder
2024-07-13 15:18:17,018 [INFO] DbMcusAds:125 - Set database path to: C:\Users\Sbzrgn\.stmcufinder\plugins\mcufinder//mcu/
2024-07-13 15:18:17,018 [WARN] DbFile:41 - Overriding database path with different value: C:\Users\Sbzrgn\.stmcufinder\plugins\mcufinder/ => C:\Users\Sbzrgn\.stmcufinder\plugins\mcufinder
2024-07-13 15:18:17,019 [WARN] DbFile:41 - Overriding database path with different value: C:\Users\Sbzrgn\.stmcufinder\plugins\mcufinder/ => C:\Users\Sbzrgn\.stmcufinder\plugins\mcufinder
2024-07-13 15:18:17,019 [INFO] CrossReferenceDbSqlite:203 - Set database path to: C:\Users\Sbzrgn\.stmcufinder\plugins\mcufinder//mcu/cs/
2024-07-13 15:18:17,137 [INFO] MainPanel:264 - HeapMemory: 268435456
2024-07-13 15:18:17,252 [INFO] DbMcusXml:78 - Set database path to: C:\ST\STM32CubeIDE_1.15.1\STM32CubeIDE\plugins\com.st.stm32cube.common.mx_6.11.1.202404110753\\db\/mcu/
2024-07-13 15:18:17,252 [INFO] ApiDb:274 - Set plugin database path to: C:\ST\STM32CubeIDE_1.15.1\STM32CubeIDE\plugins\com.st.stm32cube.common.mx_6.11.1.202404110753\\db\/plugins/boardmanager/
2024-07-13 15:18:17,252 [INFO] ApiDb:261 - Set plugin images path to: C:\ST\STM32CubeIDE_1.15.1\STM32CubeIDE\plugins\com.st.stm32cube.common.mx_6.11.1.202404110753\\db\/plugins/mcufinder/images/
2024-07-13 15:18:17,252 [WARN] DbFile:41 - Overriding database path with different value: C:\Users\Sbzrgn\.stmcufinder\plugins\mcufinder/ => C:\Users\Sbzrgn\.stmcufinder\plugins\mcufinder
2024-07-13 15:18:17,253 [INFO] ApiDb:250 - Set database path to: C:\Users\Sbzrgn\.stmcufinder\plugins\mcufinder//mcu/
2024-07-13 15:18:17,253 [WARN] DbFile:41 - Overriding database path with different value: C:\Users\Sbzrgn\.stmcufinder\plugins\mcufinder/ => C:\Users\Sbzrgn\.stmcufinder\plugins\mcufinder
2024-07-13 15:18:17,253 [INFO] DbMcusAds:125 - Set database path to: C:\Users\Sbzrgn\.stmcufinder\plugins\mcufinder//mcu/
2024-07-13 15:18:17,253 [WARN] DbFile:41 - Overriding database path with different value: C:\Users\Sbzrgn\.stmcufinder\plugins\mcufinder/ => C:\Users\Sbzrgn\.stmcufinder\plugins\mcufinder
2024-07-13 15:18:17,253 [WARN] DbFile:41 - Overriding database path with different value: C:\Users\Sbzrgn\.stmcufinder\plugins\mcufinder/ => C:\Users\Sbzrgn\.stmcufinder\plugins\mcufinder
2024-07-13 15:18:17,253 [INFO] CrossReferenceDbSqlite:203 - Set database path to: C:\Users\Sbzrgn\.stmcufinder\plugins\mcufinder//mcu/cs/
2024-07-13 15:18:17,279 [INFO] ApplicationProperties:184 - Using Application install path: C:\ST\STM32CubeIDE_1.15.1\STM32CubeIDE\plugins\com.st.stm32cube.common.mx_6.11.1.202404110753
2024-07-13 15:18:17,281 [INFO] PluginManage:196 - Search for loadable plugins [exclusion list=, ]
2024-07-13 15:18:17,283 [INFO] PluginManage:310 - Check plugin analytics
2024-07-13 15:18:17,625 [INFO] AnalyticsPlugin:253 - Accepted Software Licenses: STM32CubeMX.6.10.0
2024-07-13 15:18:17,626 [INFO] AnalyticsPlugin:255 - Accepted CMSIS Pack Licenses: 
2024-07-13 15:18:17,626 [INFO] AnalyticsPlugin:257 - Accepted Firmware Licenses: FW.F4.1.27.0,FW.H7.1.11.0,FW.F4.1.28.0
2024-07-13 15:18:17,630 [INFO] PluginManage:359 - Loaded plugin analytics (category:tool,tabindex:-1)
2024-07-13 15:18:17,631 [INFO] PluginManage:310 - Check plugin cadmodel
2024-07-13 15:18:17,640 [INFO] CADModel:105 - Init CAD model plugin
2024-07-13 15:18:17,640 [INFO] PluginManage:359 - Loaded plugin cadmodel (category:power,tabindex:5)
2024-07-13 15:18:17,641 [INFO] PluginManage:310 - Check plugin clock
2024-07-13 15:18:17,659 [INFO] PluginManage:359 - Loaded plugin clock (category:base,tabindex:2)
2024-07-13 15:18:17,660 [INFO] PluginManage:310 - Check plugin ddr
2024-07-13 15:18:17,664 [INFO] PluginManage:359 - Loaded plugin ddr (category:tool,tabindex:6)
2024-07-13 15:18:17,664 [INFO] PluginManage:310 - Check plugin filemanager
2024-07-13 15:18:17,858 [INFO] PluginManage:359 - Loaded plugin filemanager (category:base,tabindex:10)
2024-07-13 15:18:17,858 [INFO] PluginManage:310 - Check plugin ipmanager
2024-07-13 15:18:17,866 [INFO] PluginManage:359 - Loaded plugin ipmanager (category:base,tabindex:5)
2024-07-13 15:18:17,867 [INFO] PluginManage:310 - Check plugin lpbam
2024-07-13 15:18:17,876 [INFO] PluginManage:359 - Loaded plugin lpbam (category:base,tabindex:0)
2024-07-13 15:18:17,877 [INFO] PluginManage:310 - Check plugin memorymap
2024-07-13 15:18:17,897 [INFO] PluginManage:359 - Loaded plugin memorymap (category:base,tabindex:4)
2024-07-13 15:18:17,897 [INFO] PluginManage:310 - Check plugin pinoutandconfiguration
2024-07-13 15:18:17,904 [INFO] PluginManage:359 - Loaded plugin pinoutandconfiguration (category:base,tabindex:1)
2024-07-13 15:18:17,905 [INFO] PluginManage:310 - Check plugin pinoutconfig
2024-07-13 15:18:18,081 [WARN] SupportedApi:132 - Cannot load RTOS API schema: s4s-elt-must-match.1: The content of 'definitions' must match (annotation?, (simpleType | complexType)?, (unique | key | keyref)*)). A problem was found starting at: attribute.
2024-07-13 15:18:18,283 [INFO] PluginManage:359 - Loaded plugin pinoutconfig (category:base,tabindex:0)
2024-07-13 15:18:18,283 [INFO] PluginManage:310 - Check plugin power
2024-07-13 15:18:18,293 [INFO] PluginManage:359 - Loaded plugin power (category:power,tabindex:4)
2024-07-13 15:18:18,293 [INFO] PluginManage:310 - Check plugin projectmanager
2024-07-13 15:18:18,316 [INFO] PluginManage:359 - Loaded plugin projectmanager (category:projectmanager,tabindex:3)
2024-07-13 15:18:18,316 [INFO] PluginManage:310 - Check plugin thirdparty
2024-07-13 15:18:18,398 [ERROR] ConfigurationRetriever:142 - IOException on connection: Read timed out
2024-07-13 15:18:18,597 [INFO] PluginManage:359 - Loaded plugin thirdparty (category:base,tabindex:-1)
2024-07-13 15:18:18,597 [WARN] IntegrityCheckThread:84 - waiting for thirdparty lock release [integrity check]
2024-07-13 15:18:18,597 [INFO] PluginManage:310 - Check plugin tools
2024-07-13 15:18:18,597 [INFO] IntegrityCheckThread:86 - entering critical section [integrity check]
2024-07-13 15:18:18,598 [INFO] ThirdPartyUpdaterWithRetryManager:70 - Updater plugin not ready yet. [1/15]
2024-07-13 15:18:18,601 [INFO] PluginManage:359 - Loaded plugin tools (category:base,tabindex:7)
2024-07-13 15:18:18,601 [INFO] PluginManage:310 - Check plugin tutovideos
2024-07-13 15:18:18,876 [INFO] PluginManage:359 - Loaded plugin tutovideos (category:base,tabindex:-1)
2024-07-13 15:18:18,876 [INFO] PluginManage:310 - Check plugin updater
2024-07-13 15:18:18,893 [INFO] PluginManage:359 - Loaded plugin updater (category:base,tabindex:12)
2024-07-13 15:18:18,894 [INFO] PluginManage:310 - Check plugin userauth
2024-07-13 15:18:18,900 [INFO] UserAuth:114 - Init User Auth plugin
2024-07-13 15:18:18,900 [INFO] PluginManage:359 - Loaded plugin userauth (category:base,tabindex:14)
2024-07-13 15:18:18,901 [INFO] PluginManage:283 - PluginManage : Loaded plugins [17]
2024-07-13 15:18:19,006 [ERROR] ConfigurationRetriever:142 - IOException on connection: Remote host terminated the handshake
2024-07-13 15:18:19,182 [INFO] PinOutPanel:1561 - setPackage(No Configuration,No Configuration)
2024-07-13 15:18:19,279 [INFO] CADModel:165 - CPN selected for project level
2024-07-13 15:18:19,279 [INFO] CADModel:114 - Register for checkConnection events
2024-07-13 15:18:19,297 [INFO] IPUIPlugin:80 - create IPUIPlugin
2024-07-13 15:18:19,297 [INFO] PluginManager:220 - loadIPPluginJar : add adc
2024-07-13 15:18:19,301 [INFO] IPUIPlugin:80 - create IPUIPlugin
2024-07-13 15:18:19,302 [INFO] PluginManager:220 - loadIPPluginJar : add aes
2024-07-13 15:18:19,305 [INFO] IPUIPlugin:80 - create IPUIPlugin
2024-07-13 15:18:19,306 [INFO] PluginManager:220 - loadIPPluginJar : add can
2024-07-13 15:18:19,308 [INFO] IPUIPlugin:80 - create IPUIPlugin
2024-07-13 15:18:19,309 [INFO] PluginManager:220 - loadIPPluginJar : add comp
2024-07-13 15:18:19,312 [INFO] IPUIPlugin:80 - create IPUIPlugin
2024-07-13 15:18:19,313 [INFO] PluginManager:220 - loadIPPluginJar : add cryp
2024-07-13 15:18:19,317 [INFO] IPUIPlugin:80 - create IPUIPlugin
2024-07-13 15:18:19,317 [INFO] PluginManager:220 - loadIPPluginJar : add dfsdm
2024-07-13 15:18:19,325 [INFO] IPUIPlugin:80 - create IPUIPlugin
2024-07-13 15:18:19,325 [INFO] PluginManager:220 - loadIPPluginJar : add dma
2024-07-13 15:18:19,329 [INFO] IPUIPlugin:80 - create IPUIPlugin
2024-07-13 15:18:19,330 [INFO] PluginManager:220 - loadIPPluginJar : add dma3
2024-07-13 15:18:19,333 [INFO] IPUIPlugin:80 - create IPUIPlugin
2024-07-13 15:18:19,333 [INFO] PluginManager:220 - loadIPPluginJar : add extmemmanager
2024-07-13 15:18:19,335 [INFO] IPUIPlugin:80 - create IPUIPlugin
2024-07-13 15:18:19,335 [INFO] PluginManager:220 - loadIPPluginJar : add fatfs
2024-07-13 15:18:19,340 [INFO] IPUIPlugin:80 - create IPUIPlugin
2024-07-13 15:18:19,340 [INFO] PluginManager:220 - loadIPPluginJar : add fmc
2024-07-13 15:18:19,348 [INFO] IPUIPlugin:80 - create IPUIPlugin
2024-07-13 15:18:19,348 [INFO] PluginManager:220 - loadIPPluginJar : add freertos
2024-07-13 15:18:19,351 [INFO] IPUIPlugin:80 - create IPUIPlugin
2024-07-13 15:18:19,351 [INFO] PluginManager:220 - loadIPPluginJar : add genericplugin
2024-07-13 15:18:19,354 [INFO] IPUIPlugin:80 - create IPUIPlugin
2024-07-13 15:18:19,354 [INFO] PluginManager:220 - loadIPPluginJar : add gfxmmu
2024-07-13 15:18:19,362 [INFO] IPUIPlugin:80 - create IPUIPlugin
2024-07-13 15:18:19,362 [INFO] PluginManager:220 - loadIPPluginJar : add gic
2024-07-13 15:18:19,368 [INFO] IPUIPlugin:80 - create IPUIPlugin
2024-07-13 15:18:19,368 [INFO] PluginManager:220 - loadIPPluginJar : add gpio
2024-07-13 15:18:19,371 [INFO] IPUIPlugin:80 - create IPUIPlugin
2024-07-13 15:18:19,372 [INFO] PluginManager:220 - loadIPPluginJar : add gtzc
2024-07-13 15:18:19,375 [INFO] IPUIPlugin:80 - create IPUIPlugin
2024-07-13 15:18:19,375 [INFO] PluginManager:220 - loadIPPluginJar : add hash
2024-07-13 15:18:19,379 [INFO] IPUIPlugin:80 - create IPUIPlugin
2024-07-13 15:18:19,379 [INFO] PluginManager:220 - loadIPPluginJar : add i2c
2024-07-13 15:18:19,382 [INFO] IPUIPlugin:80 - create IPUIPlugin
2024-07-13 15:18:19,382 [INFO] PluginManager:220 - loadIPPluginJar : add i2s
2024-07-13 15:18:19,385 [INFO] IPUIPlugin:80 - create IPUIPlugin
2024-07-13 15:18:19,385 [INFO] PluginManager:220 - loadIPPluginJar : add i3c
2024-07-13 15:18:19,390 [INFO] IPUIPlugin:80 - create IPUIPlugin
2024-07-13 15:18:19,390 [INFO] PluginManager:220 - loadIPPluginJar : add ipddr
2024-07-13 15:18:19,399 [INFO] IPUIPlugin:80 - create IPUIPlugin
2024-07-13 15:18:19,400 [INFO] PluginManager:220 - loadIPPluginJar : add linkedlist
2024-07-13 15:18:19,403 [INFO] IPUIPlugin:80 - create IPUIPlugin
2024-07-13 15:18:19,404 [INFO] PluginManager:220 - loadIPPluginJar : add lorawan
2024-07-13 15:18:19,406 [INFO] IPUIPlugin:80 - create IPUIPlugin
2024-07-13 15:18:19,406 [INFO] PluginManager:220 - loadIPPluginJar : add ltdc
2024-07-13 15:18:19,413 [INFO] IPUIPlugin:80 - create IPUIPlugin
2024-07-13 15:18:19,413 [INFO] PluginManager:220 - loadIPPluginJar : add mdma
2024-07-13 15:18:19,417 [INFO] IPUIPlugin:80 - create IPUIPlugin
2024-07-13 15:18:19,418 [INFO] PluginManager:220 - loadIPPluginJar : add nvic
2024-07-13 15:18:19,421 [INFO] IPUIPlugin:80 - create IPUIPlugin
2024-07-13 15:18:19,421 [INFO] PluginManager:220 - loadIPPluginJar : add opamp
2024-07-13 15:18:19,425 [INFO] IPUIPlugin:80 - create IPUIPlugin
2024-07-13 15:18:19,426 [INFO] PluginManager:220 - loadIPPluginJar : add openamp
2024-07-13 15:18:19,429 [INFO] IPUIPlugin:80 - create IPUIPlugin
2024-07-13 15:18:19,429 [INFO] PluginManager:220 - loadIPPluginJar : add pdm2pcm
2024-07-13 15:18:19,437 [INFO] IPUIPlugin:80 - create IPUIPlugin
2024-07-13 15:18:19,440 [INFO] PluginManager:220 - loadIPPluginJar : add plateformsettings
2024-07-13 15:18:19,442 [INFO] IPUIPlugin:80 - create IPUIPlugin
2024-07-13 15:18:19,442 [INFO] PluginManager:220 - loadIPPluginJar : add quadspi
2024-07-13 15:18:19,446 [INFO] IPUIPlugin:80 - create IPUIPlugin
2024-07-13 15:18:19,446 [INFO] PluginManager:220 - loadIPPluginJar : add resmgrutility
2024-07-13 15:18:19,449 [INFO] IPUIPlugin:80 - create IPUIPlugin
2024-07-13 15:18:19,449 [INFO] PluginManager:220 - loadIPPluginJar : add sai
2024-07-13 15:18:19,452 [INFO] IPUIPlugin:80 - create IPUIPlugin
2024-07-13 15:18:19,452 [INFO] PluginManager:220 - loadIPPluginJar : add spi
2024-07-13 15:18:19,457 [INFO] IPUIPlugin:80 - create IPUIPlugin
2024-07-13 15:18:19,457 [INFO] PluginManager:220 - loadIPPluginJar : add stm32_wpan
2024-07-13 15:18:19,459 [INFO] IPUIPlugin:80 - create IPUIPlugin
2024-07-13 15:18:19,459 [INFO] PluginManager:220 - loadIPPluginJar : add tim
2024-07-13 15:18:19,462 [INFO] IPUIPlugin:80 - create IPUIPlugin
2024-07-13 15:18:19,462 [INFO] PluginManager:220 - loadIPPluginJar : add touchsensing
2024-07-13 15:18:19,464 [INFO] IPUIPlugin:80 - create IPUIPlugin
2024-07-13 15:18:19,464 [INFO] PluginManager:220 - loadIPPluginJar : add tracer_emb
2024-07-13 15:18:19,466 [INFO] IPUIPlugin:80 - create IPUIPlugin
2024-07-13 15:18:19,467 [INFO] PluginManager:220 - loadIPPluginJar : add ts
2024-07-13 15:18:19,468 [INFO] IPUIPlugin:80 - create IPUIPlugin
2024-07-13 15:18:19,468 [INFO] PluginManager:220 - loadIPPluginJar : add tsc
2024-07-13 15:18:19,470 [INFO] IPUIPlugin:80 - create IPUIPlugin
2024-07-13 15:18:19,470 [INFO] PluginManager:220 - loadIPPluginJar : add ucpd
2024-07-13 15:18:19,474 [INFO] IPUIPlugin:80 - create IPUIPlugin
2024-07-13 15:18:19,474 [INFO] PluginManager:220 - loadIPPluginJar : add usart
2024-07-13 15:18:19,478 [INFO] IPUIPlugin:80 - create IPUIPlugin
2024-07-13 15:18:19,478 [INFO] PluginManager:220 - loadIPPluginJar : add usbx
2024-07-13 15:18:19,624 [INFO] CADModel:165 - CPN selected for project level
2024-07-13 15:18:19,625 [INFO] CADModel:114 - Register for checkConnection events
2024-07-13 15:18:19,625 [FATAL] Updater:308 - Updater called before beeing initialized
2024-07-13 15:18:19,626 [ERROR] CADModel:125 - Updater not yet initialized, retry later 
2024-07-13 15:18:19,817 [INFO] CADModel:165 - CPN selected for project level
2024-07-13 15:18:19,817 [INFO] CADModel:114 - Register for checkConnection events
2024-07-13 15:18:19,817 [FATAL] Updater:308 - Updater called before beeing initialized
2024-07-13 15:18:19,817 [ERROR] CADModel:125 - Updater not yet initialized, retry later 
2024-07-13 15:18:19,821 [FATAL] Updater:308 - Updater called before beeing initialized
2024-07-13 15:18:19,978 [FATAL] Updater:308 - Updater called before beeing initialized
2024-07-13 15:18:19,987 [INFO] DbMcusAds:53 - JSON generation date=Thu May 16 12:52:00 IRST 2024 (1715851320667)
2024-07-13 15:18:19,987 [FATAL] Updater:308 - Updater called before beeing initialized
2024-07-13 15:18:20,036 [WARN] DetailPanel:346 - Failed to get advertising image, set to default
2024-07-13 15:18:20,119 [ERROR] ConfigurationRetriever:142 - IOException on connection: Remote host terminated the handshake
2024-07-13 15:18:20,154 [FATAL] Updater:308 - Updater called before beeing initialized
2024-07-13 15:18:20,156 [FATAL] Updater:308 - Updater called before beeing initialized
2024-07-13 15:18:20,156 [FATAL] Updater:308 - Updater called before beeing initialized
2024-07-13 15:18:20,156 [WARN] DetailPanel:346 - Failed to get advertising image, set to default
2024-07-13 15:18:20,158 [FATAL] Updater:308 - Updater called before beeing initialized
2024-07-13 15:18:20,223 [ERROR] Updater:1120 - MainUpdater not yet initialized. External WinMGr cannot be set.
2024-07-13 15:18:20,226 [INFO] Updater:1056 - Updater Version found : 6.11.1
2024-07-13 15:18:20,253 [INFO] ApplicationProperties:184 - Using Application install path: C:\ST\STM32CubeIDE_1.15.1\STM32CubeIDE\plugins\com.st.stm32cube.common.mx_6.11.1.202404110753
2024-07-13 15:18:21,599 [INFO] ThirdPartyUpdaterWithRetryManager:70 - Updater plugin not ready yet. [2/15]
2024-07-13 15:18:22,961 [WARN] CheckConnectionManager:291 - Warning during Server Connection :  timeout Read timed out
2024-07-13 15:18:24,600 [FATAL] Updater:308 - Updater called before beeing initialized
2024-07-13 15:18:24,603 [ERROR] IntegrityCheckThread:130 - Cannot retrieve database content from updater: error 21
2024-07-13 15:18:24,604 [INFO] ThirdParty:978 - Integrity check success = false
2024-07-13 15:18:24,604 [INFO] IntegrityCheckThread:100 - exiting critical section [integrity check]
2024-07-13 15:18:24,604 [INFO] IntegrityCheckThread:103 - End integrity checks thread
2024-07-13 15:18:24,740 [INFO] MainUpdater:2873 - connection check result : 10
2024-07-13 15:18:24,740 [INFO] MainUpdater:3567 - Updater definition file requires update
2024-07-13 15:18:24,742 [INFO] MainUpdater:290 - Updater Check For Update Now.
2024-07-13 15:18:24,743 [INFO] MicroXplorer:498 - Change Database Version : DB.6.0.111
2024-07-13 15:18:24,757 [INFO] McuFinderGlobals:63 - Set McuFinder mode to 2 (CubeIDE integrated)
2024-07-13 15:18:24,764 [INFO] UserAuth:415 - Internet connection configuration mode: 1
2024-07-13 15:18:24,775 [INFO] JxBrowserEngine:152 - Initiate JxBrowser Engine with user profile folder
2024-07-13 15:18:25,520 [INFO] WebApp:161 - Instantiating new browser for Auth
2024-07-13 15:18:26,340 [INFO] WebApp:779 - Register for checkConnection events
2024-07-13 15:18:26,341 [INFO] WebApp:414 - Apply proxy settings
2024-07-13 15:18:26,341 [INFO] WebApp:499 - Chromium requires no authentication
2024-07-13 15:18:26,349 [INFO] WebApp:442 - Direct internet connection detected
2024-07-13 15:18:26,553 [INFO] WebApp:192 - Starting web application
2024-07-13 15:18:26,553 [INFO] WebApp:544 - Web application path used C:\ST\STM32CubeIDE_1.15.1\STM32CubeIDE\plugins\com.st.stm32cube.common.mx_6.11.1.202404110753\db\plugins\mcufinder\reactClient1\index.html
2024-07-13 15:18:44,818 [INFO] MainUpdater:2873 - connection check result : 10
2024-07-13 15:19:09,928 [WARN] ServerAccessManage:1168 - Warning during Server Connection :  timeout Read timed out
2024-07-13 15:19:10,677 [ERROR] ServerAccessManage:1172 - Problem during Server Connection :  IO error Remote host terminated the handshake
2024-07-13 15:19:10,679 [ERROR] ServerAccessManage:651 - Problem during Server Connection :  : updaters.zip.
2024-07-13 15:19:10,680 [WARN] LoadServerUpdatesThread:475 - Updater definition download error.
2024-07-13 15:19:10,694 [INFO] LoadServerUpdatesThread:375 - End of LoadServerUpdate Thread
2024-07-13 15:19:10,960 [INFO] CheckServerUpdateThread:120 - End of CheckServer Thread
2024-07-13 15:19:11,078 [INFO] MainUpdater:2873 - connection check result : 22
2024-07-13 15:19:12,208 [INFO] CheckServerUpdateThread:120 - End of CheckServer Thread
2024-07-13 15:19:47,697 [ERROR] FileExtend:455 - File entry not found
2024-07-13 15:19:47,697 [ERROR] CmsisPacksFileManager:123 - Missing pdsc file within cmsis pack : Invalid pack file
2024-07-13 15:19:47,697 [ERROR] LoadLocalFilesThread:607 - Cmsis pack invalid or pdsc file is missing.
2024-07-13 15:19:51,881 [INFO] LoadLocalFilesThread:304 - End of Local Load Thread
2024-07-13 15:19:52,082 [INFO] LoadServerUpdatesThread:375 - End of LoadServerUpdate Thread
2024-07-13 15:19:52,457 [INFO] CheckServerUpdateThread:120 - End of CheckServer Thread
2024-07-13 15:19:58,772 [ERROR] ServerAccessManage:1117 - HTTP Service Unavailable http://sw-center.st.com/packs/x-cube/STMicroelectronics.X-CUBE-AI.8.1.0.pack
2024-07-13 15:20:00,621 [ERROR] ServerAccessManage:1117 - HTTP Service Unavailable http://sw-center.st.com/packs/x-cube/STMicroelectronics.X-CUBE-AI.8.1.0.pack
2024-07-13 15:20:00,623 [ERROR] ServerAccessManage:651 - Error HTTP Service temporary unavailable. : STMicroelectronics.X-CUBE-AI.8.1.0.pack.
2024-07-13 15:20:09,421 [INFO] LoadServerPackagesThread:196 - End of LoadServerPackages Thread
2024-07-13 15:20:09,729 [INFO] CheckServerUpdateThread:120 - End of CheckServer Thread
2024-07-13 15:20:18,265 [ERROR] ServerAccessManage:1117 - HTTP Service Unavailable http://sw-center.st.com/packs/x-cube/STMicroelectronics.X-CUBE-AI.8.1.0.pack
2024-07-13 15:20:18,751 [ERROR] ServerAccessManage:1117 - HTTP Service Unavailable http://sw-center.st.com/packs/x-cube/STMicroelectronics.X-CUBE-AI.8.1.0.pack
2024-07-13 15:20:18,752 [ERROR] ServerAccessManage:651 - Error HTTP Service temporary unavailable. : STMicroelectronics.X-CUBE-AI.8.1.0.pack.
2024-07-13 15:20:26,406 [INFO] LoadServerPackagesThread:196 - End of LoadServerPackages Thread
2024-07-13 15:20:26,794 [INFO] CheckServerUpdateThread:120 - End of CheckServer Thread
2024-07-13 15:22:22,634 [INFO] MainUpdater:2873 - connection check result : 22
2024-07-13 15:22:22,961 [INFO] CheckServerUpdateThread:120 - End of CheckServer Thread
2024-07-13 15:22:46,351 [ERROR] FileExtend:455 - File entry not found
2024-07-13 15:22:46,352 [ERROR] CmsisPacksFileManager:123 - Missing pdsc file within cmsis pack : Invalid pack file
2024-07-13 15:22:46,352 [ERROR] LoadLocalFilesThread:607 - Cmsis pack invalid or pdsc file is missing.
2024-07-13 15:22:52,875 [INFO] LoadLocalFilesThread:304 - End of Local Load Thread
2024-07-13 15:22:53,049 [INFO] LoadServerUpdatesThread:375 - End of LoadServerUpdate Thread
2024-07-13 15:22:53,345 [INFO] CheckServerUpdateThread:120 - End of CheckServer Thread
2024-07-13 15:56:31,682 [ERROR] ConfigurationRetriever:142 - IOException on connection: Remote host terminated the handshake
2024-07-13 15:56:33,346 [ERROR] ConfigurationRetriever:142 - IOException on connection: Remote host terminated the handshake
2024-07-13 15:57:03,632 [ERROR] ConfigurationRetriever:142 - IOException on connection: Read timed out
