2024-07-13 12:32:58,992 [INFO] Activator:176 - 


2024-07-13 12:32:59,007 [INFO] Activator:177 - !SESSION log4j initialized
2024-07-13 12:33:09,623 [INFO] LogOutputStream:77 - [STDOUT_REDIRECT] 
2024-07-13 12:33:13,013 [INFO] ApplicationProperties:184 - Using Application install path: C:\ST\STM32CubeIDE_1.15.1\STM32CubeIDE\plugins\com.st.stm32cube.common.mx_6.11.1.202404110753
2024-07-13 12:33:13,043 [INFO] DbMcusXml:78 - Set database path to: C:\ST\STM32CubeIDE_1.15.1\STM32CubeIDE\plugins\com.st.stm32cube.common.mx_6.11.1.202404110753\\db\/mcu/
2024-07-13 12:33:13,044 [INFO] ApiDb:274 - Set plugin database path to: C:\ST\STM32CubeIDE_1.15.1\STM32CubeIDE\plugins\com.st.stm32cube.common.mx_6.11.1.202404110753\\db\/plugins/boardmanager/
2024-07-13 12:33:13,044 [WARN] ApiDb:259 - Overriding images path with different value:  => C:\ST\STM32CubeIDE_1.15.1\STM32CubeIDE\plugins\com.st.stm32cube.common.mx_6.11.1.202404110753\\db\/plugins/mcufinder/images/
2024-07-13 12:33:13,063 [INFO] ApiDb:250 - Set database path to: C:\Users\Sbzrgn\.stmcufinder\plugins\mcufinder//mcu/
2024-07-13 12:33:13,065 [INFO] DbMcusAds:125 - Set database path to: C:\Users\Sbzrgn\.stmcufinder\plugins\mcufinder//mcu/
2024-07-13 12:33:13,068 [INFO] CrossReferenceDbSqlite:203 - Set database path to: C:\Users\Sbzrgn\.stmcufinder\plugins\mcufinder//mcu/cs/
2024-07-13 12:33:13,256 [INFO] RulesReader:64 - Compatibility file has been processed (297 Rules)
2024-07-13 12:33:13,384 [INFO] DbMcusXml:78 - Set database path to: C:\ST\STM32CubeIDE_1.15.1\STM32CubeIDE\plugins\com.st.stm32cube.common.mx_6.11.1.202404110753\\db\/mcu/
2024-07-13 12:33:13,384 [INFO] ApiDb:274 - Set plugin database path to: C:\ST\STM32CubeIDE_1.15.1\STM32CubeIDE\plugins\com.st.stm32cube.common.mx_6.11.1.202404110753\\db\/plugins/boardmanager/
2024-07-13 12:33:13,384 [INFO] ApiDb:261 - Set plugin images path to: C:\ST\STM32CubeIDE_1.15.1\STM32CubeIDE\plugins\com.st.stm32cube.common.mx_6.11.1.202404110753\\db\/plugins/mcufinder/images/
2024-07-13 12:33:13,384 [WARN] DbFile:41 - Overriding database path with different value: C:\Users\Sbzrgn\.stmcufinder\plugins\mcufinder/ => C:\Users\Sbzrgn\.stmcufinder\plugins\mcufinder
2024-07-13 12:33:13,385 [INFO] ApiDb:250 - Set database path to: C:\Users\Sbzrgn\.stmcufinder\plugins\mcufinder//mcu/
2024-07-13 12:33:13,385 [WARN] DbFile:41 - Overriding database path with different value: C:\Users\Sbzrgn\.stmcufinder\plugins\mcufinder/ => C:\Users\Sbzrgn\.stmcufinder\plugins\mcufinder
2024-07-13 12:33:13,385 [INFO] DbMcusAds:125 - Set database path to: C:\Users\Sbzrgn\.stmcufinder\plugins\mcufinder//mcu/
2024-07-13 12:33:13,385 [WARN] DbFile:41 - Overriding database path with different value: C:\Users\Sbzrgn\.stmcufinder\plugins\mcufinder/ => C:\Users\Sbzrgn\.stmcufinder\plugins\mcufinder
2024-07-13 12:33:13,385 [WARN] DbFile:41 - Overriding database path with different value: C:\Users\Sbzrgn\.stmcufinder\plugins\mcufinder/ => C:\Users\Sbzrgn\.stmcufinder\plugins\mcufinder
2024-07-13 12:33:13,385 [INFO] CrossReferenceDbSqlite:203 - Set database path to: C:\Users\Sbzrgn\.stmcufinder\plugins\mcufinder//mcu/cs/
2024-07-13 12:33:13,498 [INFO] MainPanel:264 - HeapMemory: 268435456
2024-07-13 12:33:13,613 [INFO] DbMcusXml:78 - Set database path to: C:\ST\STM32CubeIDE_1.15.1\STM32CubeIDE\plugins\com.st.stm32cube.common.mx_6.11.1.202404110753\\db\/mcu/
2024-07-13 12:33:13,613 [INFO] ApiDb:274 - Set plugin database path to: C:\ST\STM32CubeIDE_1.15.1\STM32CubeIDE\plugins\com.st.stm32cube.common.mx_6.11.1.202404110753\\db\/plugins/boardmanager/
2024-07-13 12:33:13,613 [INFO] ApiDb:261 - Set plugin images path to: C:\ST\STM32CubeIDE_1.15.1\STM32CubeIDE\plugins\com.st.stm32cube.common.mx_6.11.1.202404110753\\db\/plugins/mcufinder/images/
2024-07-13 12:33:13,614 [WARN] DbFile:41 - Overriding database path with different value: C:\Users\Sbzrgn\.stmcufinder\plugins\mcufinder/ => C:\Users\Sbzrgn\.stmcufinder\plugins\mcufinder
2024-07-13 12:33:13,614 [INFO] ApiDb:250 - Set database path to: C:\Users\Sbzrgn\.stmcufinder\plugins\mcufinder//mcu/
2024-07-13 12:33:13,614 [WARN] DbFile:41 - Overriding database path with different value: C:\Users\Sbzrgn\.stmcufinder\plugins\mcufinder/ => C:\Users\Sbzrgn\.stmcufinder\plugins\mcufinder
2024-07-13 12:33:13,614 [INFO] DbMcusAds:125 - Set database path to: C:\Users\Sbzrgn\.stmcufinder\plugins\mcufinder//mcu/
2024-07-13 12:33:13,615 [WARN] DbFile:41 - Overriding database path with different value: C:\Users\Sbzrgn\.stmcufinder\plugins\mcufinder/ => C:\Users\Sbzrgn\.stmcufinder\plugins\mcufinder
2024-07-13 12:33:13,615 [WARN] DbFile:41 - Overriding database path with different value: C:\Users\Sbzrgn\.stmcufinder\plugins\mcufinder/ => C:\Users\Sbzrgn\.stmcufinder\plugins\mcufinder
2024-07-13 12:33:13,615 [INFO] CrossReferenceDbSqlite:203 - Set database path to: C:\Users\Sbzrgn\.stmcufinder\plugins\mcufinder//mcu/cs/
2024-07-13 12:33:13,637 [INFO] ApplicationProperties:184 - Using Application install path: C:\ST\STM32CubeIDE_1.15.1\STM32CubeIDE\plugins\com.st.stm32cube.common.mx_6.11.1.202404110753
2024-07-13 12:33:13,640 [INFO] PluginManage:196 - Search for loadable plugins [exclusion list=, ]
2024-07-13 12:33:13,641 [INFO] PluginManage:310 - Check plugin analytics
2024-07-13 12:33:13,874 [INFO] AnalyticsPlugin:253 - Accepted Software Licenses: STM32CubeMX.6.10.0
2024-07-13 12:33:13,874 [INFO] AnalyticsPlugin:255 - Accepted CMSIS Pack Licenses: 
2024-07-13 12:33:13,875 [INFO] AnalyticsPlugin:257 - Accepted Firmware Licenses: FW.F4.1.27.0,FW.H7.1.11.0,FW.F4.1.28.0
2024-07-13 12:33:13,879 [INFO] PluginManage:359 - Loaded plugin analytics (category:tool,tabindex:-1)
2024-07-13 12:33:13,880 [INFO] PluginManage:310 - Check plugin cadmodel
2024-07-13 12:33:13,906 [INFO] CADModel:105 - Init CAD model plugin
2024-07-13 12:33:13,907 [INFO] PluginManage:359 - Loaded plugin cadmodel (category:power,tabindex:5)
2024-07-13 12:33:13,907 [INFO] PluginManage:310 - Check plugin clock
2024-07-13 12:33:13,940 [INFO] PluginManage:359 - Loaded plugin clock (category:base,tabindex:2)
2024-07-13 12:33:13,940 [INFO] PluginManage:310 - Check plugin ddr
2024-07-13 12:33:13,943 [INFO] PluginManage:359 - Loaded plugin ddr (category:tool,tabindex:6)
2024-07-13 12:33:13,943 [INFO] PluginManage:310 - Check plugin filemanager
2024-07-13 12:33:14,141 [INFO] PluginManage:359 - Loaded plugin filemanager (category:base,tabindex:10)
2024-07-13 12:33:14,141 [INFO] PluginManage:310 - Check plugin ipmanager
2024-07-13 12:33:14,152 [INFO] PluginManage:359 - Loaded plugin ipmanager (category:base,tabindex:5)
2024-07-13 12:33:14,152 [INFO] PluginManage:310 - Check plugin lpbam
2024-07-13 12:33:14,173 [INFO] PluginManage:359 - Loaded plugin lpbam (category:base,tabindex:0)
2024-07-13 12:33:14,173 [INFO] PluginManage:310 - Check plugin memorymap
2024-07-13 12:33:14,199 [INFO] PluginManage:359 - Loaded plugin memorymap (category:base,tabindex:4)
2024-07-13 12:33:14,199 [INFO] PluginManage:310 - Check plugin pinoutandconfiguration
2024-07-13 12:33:14,217 [INFO] PluginManage:359 - Loaded plugin pinoutandconfiguration (category:base,tabindex:1)
2024-07-13 12:33:14,217 [INFO] PluginManage:310 - Check plugin pinoutconfig
2024-07-13 12:33:14,339 [WARN] SupportedApi:132 - Cannot load RTOS API schema: s4s-elt-must-match.1: The content of 'definitions' must match (annotation?, (simpleType | complexType)?, (unique | key | keyref)*)). A problem was found starting at: attribute.
2024-07-13 12:33:14,504 [INFO] PluginManage:359 - Loaded plugin pinoutconfig (category:base,tabindex:0)
2024-07-13 12:33:14,504 [INFO] PluginManage:310 - Check plugin power
2024-07-13 12:33:14,534 [INFO] PluginManage:359 - Loaded plugin power (category:power,tabindex:4)
2024-07-13 12:33:14,534 [INFO] PluginManage:310 - Check plugin projectmanager
2024-07-13 12:33:14,560 [INFO] PluginManage:359 - Loaded plugin projectmanager (category:projectmanager,tabindex:3)
2024-07-13 12:33:14,560 [INFO] PluginManage:310 - Check plugin thirdparty
2024-07-13 12:33:14,925 [INFO] PluginManage:359 - Loaded plugin thirdparty (category:base,tabindex:-1)
2024-07-13 12:33:14,925 [WARN] IntegrityCheckThread:84 - waiting for thirdparty lock release [integrity check]
2024-07-13 12:33:14,925 [INFO] PluginManage:310 - Check plugin tools
2024-07-13 12:33:14,926 [INFO] IntegrityCheckThread:86 - entering critical section [integrity check]
2024-07-13 12:33:14,926 [INFO] ThirdPartyUpdaterWithRetryManager:70 - Updater plugin not ready yet. [1/15]
2024-07-13 12:33:14,966 [INFO] PluginManage:359 - Loaded plugin tools (category:base,tabindex:7)
2024-07-13 12:33:14,966 [INFO] PluginManage:310 - Check plugin tutovideos
2024-07-13 12:33:15,214 [INFO] PluginManage:359 - Loaded plugin tutovideos (category:base,tabindex:-1)
2024-07-13 12:33:15,215 [INFO] PluginManage:310 - Check plugin updater
2024-07-13 12:33:15,232 [INFO] PluginManage:359 - Loaded plugin updater (category:base,tabindex:12)
2024-07-13 12:33:15,232 [INFO] PluginManage:310 - Check plugin userauth
2024-07-13 12:33:15,240 [INFO] UserAuth:114 - Init User Auth plugin
2024-07-13 12:33:15,240 [INFO] PluginManage:359 - Loaded plugin userauth (category:base,tabindex:14)
2024-07-13 12:33:15,241 [INFO] PluginManage:283 - PluginManage : Loaded plugins [17]
2024-07-13 12:33:15,580 [INFO] PinOutPanel:1561 - setPackage(No Configuration,No Configuration)
2024-07-13 12:33:15,671 [INFO] CADModel:165 - CPN selected for project level
2024-07-13 12:33:15,672 [INFO] CADModel:114 - Register for checkConnection events
2024-07-13 12:33:15,701 [INFO] IPUIPlugin:80 - create IPUIPlugin
2024-07-13 12:33:15,701 [INFO] PluginManager:220 - loadIPPluginJar : add adc
2024-07-13 12:33:15,743 [INFO] IPUIPlugin:80 - create IPUIPlugin
2024-07-13 12:33:15,743 [INFO] PluginManager:220 - loadIPPluginJar : add aes
2024-07-13 12:33:15,790 [INFO] IPUIPlugin:80 - create IPUIPlugin
2024-07-13 12:33:15,790 [INFO] PluginManager:220 - loadIPPluginJar : add can
2024-07-13 12:33:15,819 [INFO] IPUIPlugin:80 - create IPUIPlugin
2024-07-13 12:33:15,819 [INFO] PluginManager:220 - loadIPPluginJar : add comp
2024-07-13 12:33:15,859 [INFO] IPUIPlugin:80 - create IPUIPlugin
2024-07-13 12:33:15,859 [INFO] PluginManager:220 - loadIPPluginJar : add cryp
2024-07-13 12:33:15,895 [INFO] IPUIPlugin:80 - create IPUIPlugin
2024-07-13 12:33:15,895 [INFO] PluginManager:220 - loadIPPluginJar : add dfsdm
2024-07-13 12:33:15,912 [INFO] IPUIPlugin:80 - create IPUIPlugin
2024-07-13 12:33:15,912 [INFO] PluginManager:220 - loadIPPluginJar : add dma
2024-07-13 12:33:15,963 [INFO] IPUIPlugin:80 - create IPUIPlugin
2024-07-13 12:33:15,963 [INFO] PluginManager:220 - loadIPPluginJar : add dma3
2024-07-13 12:33:16,110 [INFO] IPUIPlugin:80 - create IPUIPlugin
2024-07-13 12:33:16,110 [INFO] PluginManager:220 - loadIPPluginJar : add extmemmanager
2024-07-13 12:33:16,151 [INFO] IPUIPlugin:80 - create IPUIPlugin
2024-07-13 12:33:16,152 [INFO] PluginManager:220 - loadIPPluginJar : add fatfs
2024-07-13 12:33:16,215 [INFO] IPUIPlugin:80 - create IPUIPlugin
2024-07-13 12:33:16,216 [INFO] PluginManager:220 - loadIPPluginJar : add fmc
2024-07-13 12:33:16,235 [INFO] IPUIPlugin:80 - create IPUIPlugin
2024-07-13 12:33:16,236 [INFO] PluginManager:220 - loadIPPluginJar : add freertos
2024-07-13 12:33:16,260 [INFO] IPUIPlugin:80 - create IPUIPlugin
2024-07-13 12:33:16,260 [INFO] PluginManager:220 - loadIPPluginJar : add genericplugin
2024-07-13 12:33:16,384 [INFO] IPUIPlugin:80 - create IPUIPlugin
2024-07-13 12:33:16,385 [INFO] PluginManager:220 - loadIPPluginJar : add gfxmmu
2024-07-13 12:33:16,639 [INFO] IPUIPlugin:80 - create IPUIPlugin
2024-07-13 12:33:16,640 [INFO] PluginManager:220 - loadIPPluginJar : add gic
2024-07-13 12:33:16,657 [INFO] IPUIPlugin:80 - create IPUIPlugin
2024-07-13 12:33:16,657 [INFO] PluginManager:220 - loadIPPluginJar : add gpio
2024-07-13 12:33:16,768 [INFO] IPUIPlugin:80 - create IPUIPlugin
2024-07-13 12:33:16,769 [INFO] PluginManager:220 - loadIPPluginJar : add gtzc
2024-07-13 12:33:16,820 [INFO] IPUIPlugin:80 - create IPUIPlugin
2024-07-13 12:33:16,820 [INFO] PluginManager:220 - loadIPPluginJar : add hash
2024-07-13 12:33:16,883 [INFO] IPUIPlugin:80 - create IPUIPlugin
2024-07-13 12:33:16,883 [INFO] PluginManager:220 - loadIPPluginJar : add i2c
2024-07-13 12:33:16,931 [INFO] IPUIPlugin:80 - create IPUIPlugin
2024-07-13 12:33:16,931 [INFO] PluginManager:220 - loadIPPluginJar : add i2s
2024-07-13 12:33:16,980 [INFO] IPUIPlugin:80 - create IPUIPlugin
2024-07-13 12:33:16,981 [INFO] PluginManager:220 - loadIPPluginJar : add i3c
2024-07-13 12:33:17,114 [INFO] IPUIPlugin:80 - create IPUIPlugin
2024-07-13 12:33:17,114 [INFO] PluginManager:220 - loadIPPluginJar : add ipddr
2024-07-13 12:33:17,223 [INFO] IPUIPlugin:80 - create IPUIPlugin
2024-07-13 12:33:17,224 [INFO] PluginManager:220 - loadIPPluginJar : add linkedlist
2024-07-13 12:33:17,263 [INFO] IPUIPlugin:80 - create IPUIPlugin
2024-07-13 12:33:17,263 [INFO] PluginManager:220 - loadIPPluginJar : add lorawan
2024-07-13 12:33:17,310 [INFO] IPUIPlugin:80 - create IPUIPlugin
2024-07-13 12:33:17,310 [INFO] PluginManager:220 - loadIPPluginJar : add ltdc
2024-07-13 12:33:17,332 [INFO] IPUIPlugin:80 - create IPUIPlugin
2024-07-13 12:33:17,332 [INFO] PluginManager:220 - loadIPPluginJar : add mdma
2024-07-13 12:33:17,346 [INFO] IPUIPlugin:80 - create IPUIPlugin
2024-07-13 12:33:17,346 [INFO] PluginManager:220 - loadIPPluginJar : add nvic
2024-07-13 12:33:17,395 [INFO] IPUIPlugin:80 - create IPUIPlugin
2024-07-13 12:33:17,395 [INFO] PluginManager:220 - loadIPPluginJar : add opamp
2024-07-13 12:33:17,473 [INFO] IPUIPlugin:80 - create IPUIPlugin
2024-07-13 12:33:17,474 [INFO] PluginManager:220 - loadIPPluginJar : add openamp
2024-07-13 12:33:17,530 [INFO] IPUIPlugin:80 - create IPUIPlugin
2024-07-13 12:33:17,530 [INFO] PluginManager:220 - loadIPPluginJar : add pdm2pcm
2024-07-13 12:33:17,548 [INFO] IPUIPlugin:80 - create IPUIPlugin
2024-07-13 12:33:17,551 [INFO] PluginManager:220 - loadIPPluginJar : add plateformsettings
2024-07-13 12:33:17,580 [INFO] IPUIPlugin:80 - create IPUIPlugin
2024-07-13 12:33:17,580 [INFO] PluginManager:220 - loadIPPluginJar : add quadspi
2024-07-13 12:33:17,596 [INFO] IPUIPlugin:80 - create IPUIPlugin
2024-07-13 12:33:17,596 [INFO] PluginManager:220 - loadIPPluginJar : add resmgrutility
2024-07-13 12:33:17,656 [INFO] IPUIPlugin:80 - create IPUIPlugin
2024-07-13 12:33:17,656 [INFO] PluginManager:220 - loadIPPluginJar : add sai
2024-07-13 12:33:17,717 [INFO] IPUIPlugin:80 - create IPUIPlugin
2024-07-13 12:33:17,717 [INFO] PluginManager:220 - loadIPPluginJar : add spi
2024-07-13 12:33:17,823 [INFO] IPUIPlugin:80 - create IPUIPlugin
2024-07-13 12:33:17,824 [INFO] PluginManager:220 - loadIPPluginJar : add stm32_wpan
2024-07-13 12:33:17,828 [INFO] IPUIPlugin:80 - create IPUIPlugin
2024-07-13 12:33:17,828 [INFO] PluginManager:220 - loadIPPluginJar : add tim
2024-07-13 12:33:17,918 [INFO] IPUIPlugin:80 - create IPUIPlugin
2024-07-13 12:33:17,918 [INFO] PluginManager:220 - loadIPPluginJar : add touchsensing
2024-07-13 12:33:17,922 [INFO] IPUIPlugin:80 - create IPUIPlugin
2024-07-13 12:33:17,922 [INFO] PluginManager:220 - loadIPPluginJar : add tracer_emb
2024-07-13 12:33:17,928 [INFO] ThirdPartyUpdaterWithRetryManager:70 - Updater plugin not ready yet. [2/15]
2024-07-13 12:33:17,952 [INFO] IPUIPlugin:80 - create IPUIPlugin
2024-07-13 12:33:17,952 [INFO] PluginManager:220 - loadIPPluginJar : add ts
2024-07-13 12:33:17,981 [INFO] IPUIPlugin:80 - create IPUIPlugin
2024-07-13 12:33:17,981 [INFO] PluginManager:220 - loadIPPluginJar : add tsc
2024-07-13 12:33:18,014 [INFO] IPUIPlugin:80 - create IPUIPlugin
2024-07-13 12:33:18,014 [INFO] PluginManager:220 - loadIPPluginJar : add ucpd
2024-07-13 12:33:18,073 [INFO] IPUIPlugin:80 - create IPUIPlugin
2024-07-13 12:33:18,074 [INFO] PluginManager:220 - loadIPPluginJar : add usart
2024-07-13 12:33:18,127 [INFO] IPUIPlugin:80 - create IPUIPlugin
2024-07-13 12:33:18,128 [INFO] PluginManager:220 - loadIPPluginJar : add usbx
2024-07-13 12:33:18,288 [INFO] CADModel:165 - CPN selected for project level
2024-07-13 12:33:18,289 [INFO] CADModel:114 - Register for checkConnection events
2024-07-13 12:33:18,289 [FATAL] Updater:308 - Updater called before beeing initialized
2024-07-13 12:33:18,289 [ERROR] CADModel:125 - Updater not yet initialized, retry later 
2024-07-13 12:33:18,482 [INFO] CADModel:165 - CPN selected for project level
2024-07-13 12:33:18,483 [INFO] CADModel:114 - Register for checkConnection events
2024-07-13 12:33:18,483 [FATAL] Updater:308 - Updater called before beeing initialized
2024-07-13 12:33:18,483 [ERROR] CADModel:125 - Updater not yet initialized, retry later 
2024-07-13 12:33:18,486 [FATAL] Updater:308 - Updater called before beeing initialized
2024-07-13 12:33:18,506 [ERROR] ConfigurationRetriever:142 - IOException on connection: Remote host terminated the handshake
2024-07-13 12:33:18,506 [ERROR] ConfigurationRetriever:142 - IOException on connection: Remote host terminated the handshake
2024-07-13 12:33:18,654 [FATAL] Updater:308 - Updater called before beeing initialized
2024-07-13 12:33:18,672 [INFO] DbMcusAds:53 - JSON generation date=Thu May 16 12:52:00 IRST 2024 (1715851320667)
2024-07-13 12:33:18,673 [FATAL] Updater:308 - Updater called before beeing initialized
2024-07-13 12:33:18,762 [WARN] DetailPanel:346 - Failed to get advertising image, set to default
2024-07-13 12:33:18,873 [FATAL] Updater:308 - Updater called before beeing initialized
2024-07-13 12:33:18,875 [FATAL] Updater:308 - Updater called before beeing initialized
2024-07-13 12:33:18,875 [FATAL] Updater:308 - Updater called before beeing initialized
2024-07-13 12:33:18,875 [WARN] DetailPanel:346 - Failed to get advertising image, set to default
2024-07-13 12:33:18,876 [FATAL] Updater:308 - Updater called before beeing initialized
2024-07-13 12:33:18,961 [ERROR] Updater:1120 - MainUpdater not yet initialized. External WinMGr cannot be set.
2024-07-13 12:33:18,971 [INFO] Updater:1056 - Updater Version found : 6.11.1
2024-07-13 12:33:18,994 [INFO] ApplicationProperties:184 - Using Application install path: C:\ST\STM32CubeIDE_1.15.1\STM32CubeIDE\plugins\com.st.stm32cube.common.mx_6.11.1.202404110753
2024-07-13 12:33:20,929 [INFO] ThirdPartyUpdaterWithRetryManager:70 - Updater plugin not ready yet. [3/15]
2024-07-13 12:33:21,420 [ERROR] ConfigurationRetriever:142 - IOException on connection: Remote host terminated the handshake
2024-07-13 12:33:23,005 [INFO] MainUpdater:2873 - connection check result : 22
2024-07-13 12:33:23,007 [INFO] MainUpdater:290 - Updater Check For Update Now.
2024-07-13 12:33:23,007 [INFO] MicroXplorer:498 - Change Database Version : DB.6.0.111
2024-07-13 12:33:23,042 [INFO] McuFinderGlobals:63 - Set McuFinder mode to 2 (CubeIDE integrated)
2024-07-13 12:33:23,065 [INFO] UserAuth:415 - Internet connection configuration mode: 2
2024-07-13 12:33:23,476 [INFO] CheckServerUpdateThread:120 - End of CheckServer Thread
2024-07-13 12:33:24,080 [INFO] ThirdParty:978 - Integrity check success = true
2024-07-13 12:33:24,080 [INFO] IntegrityCheckThread:100 - exiting critical section [integrity check]
2024-07-13 12:33:24,080 [INFO] IntegrityCheckThread:103 - End integrity checks thread
2024-07-13 12:51:56,925 [ERROR] ConfigurationRetriever:142 - IOException on connection: Remote host terminated the handshake
2024-07-13 12:52:03,852 [ERROR] ConfigurationRetriever:142 - IOException on connection: Read timed out
