2024-10-05 10:29:03,534 [INFO] Activator:176 - 


2024-10-05 10:29:03,535 [INFO] Activator:177 - !SESSION log4j initialized
2024-10-05 10:29:05,173 [INFO] LogOutputStream:77 - [STDOUT_REDIRECT] 
2024-10-05 10:29:10,549 [INFO] ApplicationProperties:184 - Using Application install path: C:\ST\STM32CubeIDE_1.16.1\STM32CubeIDE\plugins\com.st.stm32cube.common.mx_6.12.1.202409122256
2024-10-05 10:29:10,562 [INFO] DbMcusXml:78 - Set database path to: C:\ST\STM32CubeIDE_1.16.1\STM32CubeIDE\plugins\com.st.stm32cube.common.mx_6.12.1.202409122256\\db\/mcu/
2024-10-05 10:29:10,562 [INFO] ApiDb:274 - Set plugin database path to: C:\ST\STM32CubeIDE_1.16.1\STM32CubeIDE\plugins\com.st.stm32cube.common.mx_6.12.1.202409122256\\db\/plugins/boardmanager/
2024-10-05 10:29:10,563 [WARN] ApiDb:259 - Overriding images path with different value:  => C:\ST\STM32CubeIDE_1.16.1\STM32CubeIDE\plugins\com.st.stm32cube.common.mx_6.12.1.202409122256\\db\/plugins/mcufinder/images/
2024-10-05 10:29:10,566 [INFO] ApiDb:250 - Set database path to: C:\Users\s.bazargan.TOSANTECHNO\.stmcufinder\plugins\mcufinder//mcu/
2024-10-05 10:29:10,566 [INFO] DbMcusAds:125 - Set database path to: C:\Users\s.bazargan.TOSANTECHNO\.stmcufinder\plugins\mcufinder//mcu/
2024-10-05 10:29:10,567 [INFO] CrossReferenceDbSqlite:203 - Set database path to: C:\Users\s.bazargan.TOSANTECHNO\.stmcufinder\plugins\mcufinder//mcu/cs/
2024-10-05 10:29:10,622 [INFO] RulesReader:64 - Compatibility file has been processed (297 Rules)
2024-10-05 10:29:10,674 [INFO] DbMcusXml:78 - Set database path to: C:\ST\STM32CubeIDE_1.16.1\STM32CubeIDE\plugins\com.st.stm32cube.common.mx_6.12.1.202409122256\\db\/mcu/
2024-10-05 10:29:10,674 [INFO] ApiDb:274 - Set plugin database path to: C:\ST\STM32CubeIDE_1.16.1\STM32CubeIDE\plugins\com.st.stm32cube.common.mx_6.12.1.202409122256\\db\/plugins/boardmanager/
2024-10-05 10:29:10,674 [INFO] ApiDb:261 - Set plugin images path to: C:\ST\STM32CubeIDE_1.16.1\STM32CubeIDE\plugins\com.st.stm32cube.common.mx_6.12.1.202409122256\\db\/plugins/mcufinder/images/
2024-10-05 10:29:10,674 [WARN] DbFile:41 - Overriding database path with different value: C:\Users\s.bazargan.TOSANTECHNO\.stmcufinder\plugins\mcufinder/ => C:\Users\s.bazargan.TOSANTECHNO\.stmcufinder\plugins\mcufinder
2024-10-05 10:29:10,674 [INFO] ApiDb:250 - Set database path to: C:\Users\s.bazargan.TOSANTECHNO\.stmcufinder\plugins\mcufinder//mcu/
2024-10-05 10:29:10,674 [WARN] DbFile:41 - Overriding database path with different value: C:\Users\s.bazargan.TOSANTECHNO\.stmcufinder\plugins\mcufinder/ => C:\Users\s.bazargan.TOSANTECHNO\.stmcufinder\plugins\mcufinder
2024-10-05 10:29:10,674 [INFO] DbMcusAds:125 - Set database path to: C:\Users\s.bazargan.TOSANTECHNO\.stmcufinder\plugins\mcufinder//mcu/
2024-10-05 10:29:10,675 [WARN] DbFile:41 - Overriding database path with different value: C:\Users\s.bazargan.TOSANTECHNO\.stmcufinder\plugins\mcufinder/ => C:\Users\s.bazargan.TOSANTECHNO\.stmcufinder\plugins\mcufinder
2024-10-05 10:29:10,675 [WARN] DbFile:41 - Overriding database path with different value: C:\Users\s.bazargan.TOSANTECHNO\.stmcufinder\plugins\mcufinder/ => C:\Users\s.bazargan.TOSANTECHNO\.stmcufinder\plugins\mcufinder
2024-10-05 10:29:10,675 [INFO] CrossReferenceDbSqlite:203 - Set database path to: C:\Users\s.bazargan.TOSANTECHNO\.stmcufinder\plugins\mcufinder//mcu/cs/
2024-10-05 10:29:10,716 [INFO] MainPanel:268 - HeapMemory: 268435456
2024-10-05 10:29:10,759 [INFO] DbMcusXml:78 - Set database path to: C:\ST\STM32CubeIDE_1.16.1\STM32CubeIDE\plugins\com.st.stm32cube.common.mx_6.12.1.202409122256\\db\/mcu/
2024-10-05 10:29:10,759 [INFO] ApiDb:274 - Set plugin database path to: C:\ST\STM32CubeIDE_1.16.1\STM32CubeIDE\plugins\com.st.stm32cube.common.mx_6.12.1.202409122256\\db\/plugins/boardmanager/
2024-10-05 10:29:10,759 [INFO] ApiDb:261 - Set plugin images path to: C:\ST\STM32CubeIDE_1.16.1\STM32CubeIDE\plugins\com.st.stm32cube.common.mx_6.12.1.202409122256\\db\/plugins/mcufinder/images/
2024-10-05 10:29:10,759 [WARN] DbFile:41 - Overriding database path with different value: C:\Users\s.bazargan.TOSANTECHNO\.stmcufinder\plugins\mcufinder/ => C:\Users\s.bazargan.TOSANTECHNO\.stmcufinder\plugins\mcufinder
2024-10-05 10:29:10,759 [INFO] ApiDb:250 - Set database path to: C:\Users\s.bazargan.TOSANTECHNO\.stmcufinder\plugins\mcufinder//mcu/
2024-10-05 10:29:10,759 [WARN] DbFile:41 - Overriding database path with different value: C:\Users\s.bazargan.TOSANTECHNO\.stmcufinder\plugins\mcufinder/ => C:\Users\s.bazargan.TOSANTECHNO\.stmcufinder\plugins\mcufinder
2024-10-05 10:29:10,759 [INFO] DbMcusAds:125 - Set database path to: C:\Users\s.bazargan.TOSANTECHNO\.stmcufinder\plugins\mcufinder//mcu/
2024-10-05 10:29:10,759 [WARN] DbFile:41 - Overriding database path with different value: C:\Users\s.bazargan.TOSANTECHNO\.stmcufinder\plugins\mcufinder/ => C:\Users\s.bazargan.TOSANTECHNO\.stmcufinder\plugins\mcufinder
2024-10-05 10:29:10,759 [WARN] DbFile:41 - Overriding database path with different value: C:\Users\s.bazargan.TOSANTECHNO\.stmcufinder\plugins\mcufinder/ => C:\Users\s.bazargan.TOSANTECHNO\.stmcufinder\plugins\mcufinder
2024-10-05 10:29:10,759 [INFO] CrossReferenceDbSqlite:203 - Set database path to: C:\Users\s.bazargan.TOSANTECHNO\.stmcufinder\plugins\mcufinder//mcu/cs/
2024-10-05 10:29:10,769 [INFO] ApplicationProperties:184 - Using Application install path: C:\ST\STM32CubeIDE_1.16.1\STM32CubeIDE\plugins\com.st.stm32cube.common.mx_6.12.1.202409122256
2024-10-05 10:29:10,770 [INFO] PluginManage:196 - Search for loadable plugins [exclusion list=, ]
2024-10-05 10:29:10,771 [INFO] PluginManage:310 - Check plugin analytics
2024-10-05 10:29:13,613 [INFO] McuFinderGlobals:63 - Set McuFinder mode to 2 (CubeIDE integrated)
2024-10-05 10:29:15,372 [INFO] AnalyticsPlugin:253 - Accepted Software Licenses: 
2024-10-05 10:29:15,372 [INFO] AnalyticsPlugin:255 - Accepted CMSIS Pack Licenses: 
2024-10-05 10:29:15,372 [INFO] AnalyticsPlugin:257 - Accepted Firmware Licenses: FW.F4.1.28.0
2024-10-05 10:29:15,374 [INFO] PluginManage:359 - Loaded plugin analytics (category:tool,tabindex:-1)
2024-10-05 10:29:15,374 [INFO] PluginManage:310 - Check plugin cadmodel
2024-10-05 10:29:15,377 [INFO] CADModel:105 - Init CAD model plugin
2024-10-05 10:29:15,377 [INFO] PluginManage:359 - Loaded plugin cadmodel (category:power,tabindex:5)
2024-10-05 10:29:15,377 [INFO] PluginManage:310 - Check plugin clock
2024-10-05 10:29:15,381 [INFO] PluginManage:359 - Loaded plugin clock (category:base,tabindex:2)
2024-10-05 10:29:15,381 [INFO] PluginManage:310 - Check plugin ddr
2024-10-05 10:29:15,382 [INFO] PluginManage:359 - Loaded plugin ddr (category:tool,tabindex:6)
2024-10-05 10:29:15,382 [INFO] PluginManage:310 - Check plugin filemanager
2024-10-05 10:29:15,478 [INFO] PluginManage:359 - Loaded plugin filemanager (category:base,tabindex:10)
2024-10-05 10:29:15,478 [INFO] PluginManage:310 - Check plugin ipmanager
2024-10-05 10:29:15,485 [INFO] PluginManage:359 - Loaded plugin ipmanager (category:base,tabindex:5)
2024-10-05 10:29:15,485 [INFO] PluginManage:310 - Check plugin lpbam
2024-10-05 10:29:15,494 [INFO] PluginManage:359 - Loaded plugin lpbam (category:base,tabindex:0)
2024-10-05 10:29:15,494 [INFO] PluginManage:310 - Check plugin memorymap
2024-10-05 10:29:15,501 [INFO] PluginManage:359 - Loaded plugin memorymap (category:base,tabindex:4)
2024-10-05 10:29:15,501 [INFO] PluginManage:310 - Check plugin pinoutandconfiguration
2024-10-05 10:29:15,505 [INFO] PluginManage:359 - Loaded plugin pinoutandconfiguration (category:base,tabindex:1)
2024-10-05 10:29:15,505 [INFO] PluginManage:310 - Check plugin pinoutconfig
2024-10-05 10:29:15,560 [WARN] SupportedApi:132 - Cannot load RTOS API schema: s4s-elt-must-match.1: The content of 'definitions' must match (annotation?, (simpleType | complexType)?, (unique | key | keyref)*)). A problem was found starting at: attribute.
2024-10-05 10:29:15,635 [INFO] PluginManage:359 - Loaded plugin pinoutconfig (category:base,tabindex:0)
2024-10-05 10:29:15,635 [INFO] PluginManage:310 - Check plugin power
2024-10-05 10:29:15,639 [INFO] PluginManage:359 - Loaded plugin power (category:power,tabindex:4)
2024-10-05 10:29:15,640 [INFO] PluginManage:310 - Check plugin projectmanager
2024-10-05 10:29:15,649 [INFO] PluginManage:359 - Loaded plugin projectmanager (category:projectmanager,tabindex:4)
2024-10-05 10:29:15,650 [INFO] PluginManage:310 - Check plugin rif
2024-10-05 10:29:15,653 [INFO] PluginManage:359 - Loaded plugin rif (category:base,tabindex:3)
2024-10-05 10:29:15,654 [INFO] PluginManage:310 - Check plugin thirdparty
2024-10-05 10:29:15,720 [INFO] PluginManage:359 - Loaded plugin thirdparty (category:base,tabindex:-1)
2024-10-05 10:29:15,720 [INFO] PluginManage:310 - Check plugin tools
2024-10-05 10:29:15,720 [WARN] IntegrityCheckThread:84 - waiting for thirdparty lock release [integrity check]
2024-10-05 10:29:15,720 [INFO] IntegrityCheckThread:86 - entering critical section [integrity check]
2024-10-05 10:29:15,721 [INFO] ThirdPartyUpdaterWithRetryManager:70 - Updater plugin not ready yet. [1/15]
2024-10-05 10:29:15,722 [INFO] PluginManage:359 - Loaded plugin tools (category:base,tabindex:7)
2024-10-05 10:29:15,723 [INFO] PluginManage:310 - Check plugin tutovideos
2024-10-05 10:29:15,814 [INFO] PluginManage:359 - Loaded plugin tutovideos (category:base,tabindex:-1)
2024-10-05 10:29:15,814 [INFO] PluginManage:310 - Check plugin updater
2024-10-05 10:29:15,824 [INFO] PluginManage:359 - Loaded plugin updater (category:base,tabindex:12)
2024-10-05 10:29:15,824 [INFO] PluginManage:310 - Check plugin userauth
2024-10-05 10:29:15,827 [INFO] UserAuth:113 - Init User Auth plugin
2024-10-05 10:29:15,827 [INFO] PluginManage:359 - Loaded plugin userauth (category:base,tabindex:14)
2024-10-05 10:29:15,827 [INFO] PluginManage:283 - PluginManage : Loaded plugins [18]
2024-10-05 10:29:15,936 [INFO] PinOutPanel:1561 - setPackage(No Configuration,No Configuration)
2024-10-05 10:29:15,986 [INFO] CADModel:165 - CPN selected for project level
2024-10-05 10:29:15,987 [INFO] CADModel:114 - Register for checkConnection events
2024-10-05 10:29:15,998 [INFO] IPUIPlugin:80 - create IPUIPlugin
2024-10-05 10:29:15,998 [INFO] PluginManager:220 - loadIPPluginJar : add adc
2024-10-05 10:29:16,000 [INFO] IPUIPlugin:80 - create IPUIPlugin
2024-10-05 10:29:16,000 [INFO] PluginManager:220 - loadIPPluginJar : add aes
2024-10-05 10:29:16,001 [INFO] IPUIPlugin:80 - create IPUIPlugin
2024-10-05 10:29:16,001 [INFO] PluginManager:220 - loadIPPluginJar : add can
2024-10-05 10:29:16,002 [INFO] IPUIPlugin:80 - create IPUIPlugin
2024-10-05 10:29:16,002 [INFO] PluginManager:220 - loadIPPluginJar : add comp
2024-10-05 10:29:16,003 [INFO] IPUIPlugin:80 - create IPUIPlugin
2024-10-05 10:29:16,003 [INFO] PluginManager:220 - loadIPPluginJar : add cryp
2024-10-05 10:29:16,005 [INFO] IPUIPlugin:80 - create IPUIPlugin
2024-10-05 10:29:16,005 [INFO] PluginManager:220 - loadIPPluginJar : add ddr_ctrl_phy
2024-10-05 10:29:16,006 [INFO] IPUIPlugin:80 - create IPUIPlugin
2024-10-05 10:29:16,006 [INFO] PluginManager:220 - loadIPPluginJar : add dfsdm
2024-10-05 10:29:16,010 [INFO] IPUIPlugin:80 - create IPUIPlugin
2024-10-05 10:29:16,010 [INFO] PluginManager:220 - loadIPPluginJar : add dma
2024-10-05 10:29:16,011 [INFO] IPUIPlugin:80 - create IPUIPlugin
2024-10-05 10:29:16,011 [INFO] PluginManager:220 - loadIPPluginJar : add dma3
2024-10-05 10:29:16,013 [INFO] IPUIPlugin:80 - create IPUIPlugin
2024-10-05 10:29:16,013 [INFO] PluginManager:220 - loadIPPluginJar : add extmemmanager
2024-10-05 10:29:16,014 [INFO] IPUIPlugin:80 - create IPUIPlugin
2024-10-05 10:29:16,014 [INFO] PluginManager:220 - loadIPPluginJar : add fatfs
2024-10-05 10:29:16,016 [INFO] IPUIPlugin:80 - create IPUIPlugin
2024-10-05 10:29:16,017 [INFO] PluginManager:220 - loadIPPluginJar : add fmc
2024-10-05 10:29:16,021 [INFO] IPUIPlugin:80 - create IPUIPlugin
2024-10-05 10:29:16,021 [INFO] PluginManager:220 - loadIPPluginJar : add freertos
2024-10-05 10:29:16,022 [INFO] IPUIPlugin:80 - create IPUIPlugin
2024-10-05 10:29:16,022 [INFO] PluginManager:220 - loadIPPluginJar : add genericplugin
2024-10-05 10:29:16,023 [INFO] IPUIPlugin:80 - create IPUIPlugin
2024-10-05 10:29:16,023 [INFO] PluginManager:220 - loadIPPluginJar : add gfxmmu
2024-10-05 10:29:16,026 [INFO] IPUIPlugin:80 - create IPUIPlugin
2024-10-05 10:29:16,026 [INFO] PluginManager:220 - loadIPPluginJar : add gic
2024-10-05 10:29:16,028 [INFO] IPUIPlugin:80 - create IPUIPlugin
2024-10-05 10:29:16,028 [INFO] PluginManager:220 - loadIPPluginJar : add gpio
2024-10-05 10:29:16,029 [INFO] IPUIPlugin:80 - create IPUIPlugin
2024-10-05 10:29:16,029 [INFO] PluginManager:220 - loadIPPluginJar : add gtzc
2024-10-05 10:29:16,031 [INFO] IPUIPlugin:80 - create IPUIPlugin
2024-10-05 10:29:16,031 [INFO] PluginManager:220 - loadIPPluginJar : add hash
2024-10-05 10:29:16,032 [INFO] IPUIPlugin:80 - create IPUIPlugin
2024-10-05 10:29:16,033 [INFO] PluginManager:220 - loadIPPluginJar : add i2c
2024-10-05 10:29:16,034 [INFO] IPUIPlugin:80 - create IPUIPlugin
2024-10-05 10:29:16,034 [INFO] PluginManager:220 - loadIPPluginJar : add i2s
2024-10-05 10:29:16,036 [INFO] IPUIPlugin:80 - create IPUIPlugin
2024-10-05 10:29:16,036 [INFO] PluginManager:220 - loadIPPluginJar : add i3c
2024-10-05 10:29:16,038 [INFO] IPUIPlugin:80 - create IPUIPlugin
2024-10-05 10:29:16,038 [INFO] PluginManager:220 - loadIPPluginJar : add ipddr
2024-10-05 10:29:16,043 [INFO] IPUIPlugin:80 - create IPUIPlugin
2024-10-05 10:29:16,043 [INFO] PluginManager:220 - loadIPPluginJar : add linkedlist
2024-10-05 10:29:16,045 [INFO] IPUIPlugin:80 - create IPUIPlugin
2024-10-05 10:29:16,045 [INFO] PluginManager:220 - loadIPPluginJar : add lorawan
2024-10-05 10:29:16,046 [INFO] IPUIPlugin:80 - create IPUIPlugin
2024-10-05 10:29:16,046 [INFO] PluginManager:220 - loadIPPluginJar : add ltdc
2024-10-05 10:29:16,050 [INFO] IPUIPlugin:80 - create IPUIPlugin
2024-10-05 10:29:16,050 [INFO] PluginManager:220 - loadIPPluginJar : add mdma
2024-10-05 10:29:16,052 [INFO] IPUIPlugin:80 - create IPUIPlugin
2024-10-05 10:29:16,052 [INFO] PluginManager:220 - loadIPPluginJar : add nvic
2024-10-05 10:29:16,054 [INFO] IPUIPlugin:80 - create IPUIPlugin
2024-10-05 10:29:16,054 [INFO] PluginManager:220 - loadIPPluginJar : add opamp
2024-10-05 10:29:16,055 [INFO] IPUIPlugin:80 - create IPUIPlugin
2024-10-05 10:29:16,055 [INFO] PluginManager:220 - loadIPPluginJar : add openamp
2024-10-05 10:29:16,057 [INFO] IPUIPlugin:80 - create IPUIPlugin
2024-10-05 10:29:16,057 [INFO] PluginManager:220 - loadIPPluginJar : add pdm2pcm
2024-10-05 10:29:16,060 [INFO] IPUIPlugin:80 - create IPUIPlugin
2024-10-05 10:29:16,062 [INFO] PluginManager:220 - loadIPPluginJar : add plateformsettings
2024-10-05 10:29:16,063 [INFO] IPUIPlugin:80 - create IPUIPlugin
2024-10-05 10:29:16,063 [INFO] PluginManager:220 - loadIPPluginJar : add quadspi
2024-10-05 10:29:16,064 [INFO] IPUIPlugin:80 - create IPUIPlugin
2024-10-05 10:29:16,064 [INFO] PluginManager:220 - loadIPPluginJar : add radio
2024-10-05 10:29:16,065 [INFO] IPUIPlugin:80 - create IPUIPlugin
2024-10-05 10:29:16,066 [INFO] PluginManager:220 - loadIPPluginJar : add resmgrutility
2024-10-05 10:29:16,067 [INFO] IPUIPlugin:80 - create IPUIPlugin
2024-10-05 10:29:16,067 [INFO] PluginManager:220 - loadIPPluginJar : add sai
2024-10-05 10:29:16,069 [INFO] IPUIPlugin:80 - create IPUIPlugin
2024-10-05 10:29:16,069 [INFO] PluginManager:220 - loadIPPluginJar : add spi
2024-10-05 10:29:16,072 [INFO] IPUIPlugin:80 - create IPUIPlugin
2024-10-05 10:29:16,072 [INFO] PluginManager:220 - loadIPPluginJar : add stm32_wpan
2024-10-05 10:29:16,073 [INFO] IPUIPlugin:80 - create IPUIPlugin
2024-10-05 10:29:16,073 [INFO] PluginManager:220 - loadIPPluginJar : add tim
2024-10-05 10:29:16,074 [INFO] IPUIPlugin:80 - create IPUIPlugin
2024-10-05 10:29:16,074 [INFO] PluginManager:220 - loadIPPluginJar : add touchsensing
2024-10-05 10:29:16,075 [INFO] IPUIPlugin:80 - create IPUIPlugin
2024-10-05 10:29:16,076 [INFO] PluginManager:220 - loadIPPluginJar : add tracer_emb
2024-10-05 10:29:16,077 [INFO] IPUIPlugin:80 - create IPUIPlugin
2024-10-05 10:29:16,077 [INFO] PluginManager:220 - loadIPPluginJar : add ts
2024-10-05 10:29:16,077 [INFO] IPUIPlugin:80 - create IPUIPlugin
2024-10-05 10:29:16,077 [INFO] PluginManager:220 - loadIPPluginJar : add tsc
2024-10-05 10:29:16,078 [INFO] IPUIPlugin:80 - create IPUIPlugin
2024-10-05 10:29:16,078 [INFO] PluginManager:220 - loadIPPluginJar : add ucpd
2024-10-05 10:29:16,080 [INFO] IPUIPlugin:80 - create IPUIPlugin
2024-10-05 10:29:16,080 [INFO] PluginManager:220 - loadIPPluginJar : add usart
2024-10-05 10:29:16,081 [INFO] IPUIPlugin:80 - create IPUIPlugin
2024-10-05 10:29:16,081 [INFO] PluginManager:220 - loadIPPluginJar : add usbx
2024-10-05 10:29:16,181 [INFO] CADModel:165 - CPN selected for project level
2024-10-05 10:29:16,182 [INFO] CADModel:114 - Register for checkConnection events
2024-10-05 10:29:16,182 [FATAL] Updater:334 - Updater called before beeing initialized
2024-10-05 10:29:16,182 [ERROR] CADModel:125 - Updater not yet initialized, retry later 
2024-10-05 10:29:16,250 [INFO] CADModel:165 - CPN selected for project level
2024-10-05 10:29:16,250 [INFO] CADModel:114 - Register for checkConnection events
2024-10-05 10:29:16,250 [FATAL] Updater:334 - Updater called before beeing initialized
2024-10-05 10:29:16,250 [ERROR] CADModel:125 - Updater not yet initialized, retry later 
2024-10-05 10:29:16,252 [FATAL] Updater:334 - Updater called before beeing initialized
2024-10-05 10:29:16,306 [FATAL] Updater:334 - Updater called before beeing initialized
2024-10-05 10:29:16,309 [INFO] DbMcusAds:53 - JSON generation date=Thu Sep 30 10:25:09 GMT+03:30 2021 (1632984909247)
2024-10-05 10:29:16,309 [FATAL] Updater:334 - Updater called before beeing initialized
2024-10-05 10:29:16,328 [WARN] DetailPanel:346 - Failed to get advertising image, set to default
2024-10-05 10:29:16,381 [FATAL] Updater:334 - Updater called before beeing initialized
2024-10-05 10:29:16,382 [FATAL] Updater:334 - Updater called before beeing initialized
2024-10-05 10:29:16,382 [FATAL] Updater:334 - Updater called before beeing initialized
2024-10-05 10:29:16,382 [WARN] DetailPanel:346 - Failed to get advertising image, set to default
2024-10-05 10:29:16,383 [FATAL] Updater:334 - Updater called before beeing initialized
2024-10-05 10:29:16,413 [ERROR] Updater:1164 - MainUpdater not yet initialized. External WinMGr cannot be set.
2024-10-05 10:29:16,414 [INFO] Updater:1100 - Updater Version found : 6.12.1
2024-10-05 10:29:16,426 [INFO] ApplicationProperties:184 - Using Application install path: C:\ST\STM32CubeIDE_1.16.1\STM32CubeIDE\plugins\com.st.stm32cube.common.mx_6.12.1.202409122256
2024-10-05 10:29:17,495 [ERROR] CheckConnectionManager:249 - Problem, Http access forbiden
2024-10-05 10:29:17,497 [INFO] MainUpdater:2873 - connection check result : 22
2024-10-05 10:29:17,497 [INFO] MainUpdater:290 - Updater Check For Update Now.
2024-10-05 10:29:17,497 [INFO] MicroXplorer:498 - Change Database Version : DB.6.0.121
2024-10-05 10:29:17,500 [INFO] McuFinderGlobals:63 - Set McuFinder mode to 2 (CubeIDE integrated)
2024-10-05 10:29:17,500 [INFO] UserAuth:417 - Internet connection configuration mode: 2
2024-10-05 10:29:17,507 [INFO] UserAuth:417 - Internet connection configuration mode: 2
2024-10-05 10:29:17,653 [INFO] CheckServerUpdateThread:120 - End of CheckServer Thread
2024-10-05 10:29:17,709 [INFO] MainUpdater:2873 - connection check result : 22
2024-10-05 10:29:18,799 [WARN] PackLoader:240 - Cannot read IP mode file for emotas.I-CUBE-CANOPEN.1.3.0
2024-10-05 10:29:18,811 [WARN] PackLoader:240 - Cannot read IP mode file for EmbeddedOffice.I-CUBE-FS-RTOS.1.0.1
2024-10-05 10:29:18,811 [ERROR] ConditionMgr:805 - Attr not supported : Dmpu
2024-10-05 10:29:18,811 [ERROR] ConditionMgr:805 - Attr not supported : Dmpu
2024-10-05 10:29:18,811 [ERROR] ConditionMgr:805 - Attr not supported : Dmpu
2024-10-05 10:29:18,811 [ERROR] ConditionMgr:805 - Attr not supported : Dmpu
2024-10-05 10:29:18,811 [ERROR] ConditionMgr:805 - Attr not supported : Dmpu
2024-10-05 10:29:18,811 [ERROR] ConditionMgr:805 - Attr not supported : Dmpu
2024-10-05 10:29:18,811 [ERROR] ConditionMgr:805 - Attr not supported : Dmpu
2024-10-05 10:29:18,811 [ERROR] ConditionMgr:805 - Attr not supported : Dmpu
2024-10-05 10:29:18,811 [ERROR] ConditionMgr:805 - Attr not supported : Dmpu
2024-10-05 10:29:18,811 [ERROR] ConditionMgr:805 - Attr not supported : Dmpu
2024-10-05 10:29:18,811 [ERROR] ConditionMgr:805 - Attr not supported : Dmpu
2024-10-05 10:29:18,811 [ERROR] ConditionMgr:805 - Attr not supported : Dmpu
2024-10-05 10:29:18,811 [ERROR] ConditionMgr:805 - Attr not supported : Dmpu
2024-10-05 10:29:18,811 [ERROR] ConditionMgr:805 - Attr not supported : Dmpu
2024-10-05 10:29:18,811 [ERROR] ConditionMgr:805 - Attr not supported : Dmpu
2024-10-05 10:29:18,811 [ERROR] ConditionMgr:805 - Attr not supported : Dmpu
2024-10-05 10:29:18,812 [ERROR] ConditionMgr:805 - Attr not supported : Dmpu
2024-10-05 10:29:18,812 [ERROR] ConditionMgr:805 - Attr not supported : Dmpu
2024-10-05 10:29:18,812 [ERROR] ConditionMgr:805 - Attr not supported : Dmpu
2024-10-05 10:29:18,812 [ERROR] ConditionMgr:805 - Attr not supported : Dmpu
2024-10-05 10:29:18,812 [ERROR] ConditionMgr:805 - Attr not supported : Dmpu
2024-10-05 10:29:18,812 [ERROR] ConditionMgr:805 - Attr not supported : Dmpu
2024-10-05 10:29:18,812 [ERROR] ConditionMgr:805 - Attr not supported : Dmpu
2024-10-05 10:29:18,812 [ERROR] ConditionMgr:805 - Attr not supported : Dmpu
2024-10-05 10:29:18,812 [ERROR] ConditionMgr:805 - Attr not supported : Dmpu
2024-10-05 10:29:18,812 [ERROR] ConditionMgr:805 - Attr not supported : Dmpu
2024-10-05 10:29:18,812 [ERROR] ConditionMgr:805 - Attr not supported : Dmpu
2024-10-05 10:29:18,812 [ERROR] ConditionMgr:805 - Attr not supported : Dmpu
2024-10-05 10:29:18,812 [ERROR] ConditionMgr:805 - Attr not supported : Dmpu
2024-10-05 10:29:18,812 [ERROR] ConditionMgr:805 - Attr not supported : Dmpu
2024-10-05 10:29:18,812 [ERROR] ConditionMgr:805 - Attr not supported : Dmpu
2024-10-05 10:29:18,812 [ERROR] ConditionMgr:805 - Attr not supported : Dmpu
2024-10-05 10:29:18,812 [ERROR] ConditionMgr:805 - Attr not supported : Dmpu
2024-10-05 10:29:18,813 [ERROR] ConditionMgr:805 - Attr not supported : Dmpu
2024-10-05 10:29:18,813 [ERROR] ConditionMgr:805 - Attr not supported : Dmpu
2024-10-05 10:29:18,813 [ERROR] ConditionMgr:805 - Attr not supported : Dmpu
2024-10-05 10:29:18,813 [ERROR] ConditionMgr:805 - Attr not supported : Dmpu
2024-10-05 10:29:18,813 [ERROR] ConditionMgr:805 - Attr not supported : Dmpu
2024-10-05 10:29:18,813 [ERROR] ConditionMgr:805 - Attr not supported : Dmpu
2024-10-05 10:29:18,813 [ERROR] ConditionMgr:805 - Attr not supported : Dmpu
2024-10-05 10:29:18,813 [ERROR] ConditionMgr:805 - Attr not supported : Dmpu
2024-10-05 10:29:18,813 [ERROR] ConditionMgr:805 - Attr not supported : Dmpu
2024-10-05 10:29:18,813 [ERROR] ConditionMgr:805 - Attr not supported : Dmpu
2024-10-05 10:29:18,813 [ERROR] ConditionMgr:805 - Attr not supported : Dmpu
2024-10-05 10:29:18,813 [ERROR] ConditionMgr:805 - Attr not supported : Dmpu
2024-10-05 10:29:18,813 [ERROR] ConditionMgr:805 - Attr not supported : Dmpu
2024-10-05 10:29:18,813 [ERROR] ConditionMgr:805 - Attr not supported : Dmpu
2024-10-05 10:29:18,813 [ERROR] ConditionMgr:805 - Attr not supported : Dmpu
2024-10-05 10:29:18,813 [ERROR] ConditionMgr:805 - Attr not supported : Dmpu
2024-10-05 10:29:18,813 [ERROR] ConditionMgr:805 - Attr not supported : Dmpu
2024-10-05 10:29:18,813 [ERROR] ConditionMgr:805 - Attr not supported : Dmpu
2024-10-05 10:29:18,814 [ERROR] ConditionMgr:805 - Attr not supported : Dmpu
2024-10-05 10:29:18,814 [ERROR] ConditionMgr:805 - Attr not supported : Dmpu
2024-10-05 10:29:18,814 [ERROR] ConditionMgr:805 - Attr not supported : Dmpu
2024-10-05 10:29:18,814 [ERROR] ConditionMgr:805 - Attr not supported : Dmpu
2024-10-05 10:29:18,814 [ERROR] ConditionMgr:805 - Attr not supported : Dmpu
2024-10-05 10:29:18,814 [ERROR] ConditionMgr:805 - Attr not supported : Dmpu
2024-10-05 10:29:18,814 [ERROR] ConditionMgr:805 - Attr not supported : Dmpu
2024-10-05 10:29:18,814 [ERROR] ConditionMgr:805 - Attr not supported : Dmpu
2024-10-05 10:29:18,814 [ERROR] ConditionMgr:805 - Attr not supported : Dmpu
2024-10-05 10:29:18,814 [ERROR] ConditionMgr:805 - Attr not supported : Dmpu
2024-10-05 10:29:18,814 [ERROR] ConditionMgr:805 - Attr not supported : Dmpu
2024-10-05 10:29:18,814 [ERROR] ConditionMgr:805 - Attr not supported : Dmpu
2024-10-05 10:29:18,814 [ERROR] ConditionMgr:805 - Attr not supported : Dmpu
2024-10-05 10:29:18,828 [WARN] PackLoader:240 - Cannot read IP mode file for ITTIA_DB.I-CUBE-ITTIADB.8.9.0
2024-10-05 10:29:18,865 [WARN] PackLoader:240 - Cannot read IP mode file for SEGGER.I-CUBE-embOS.1.3.1
2024-10-05 10:29:18,892 [WARN] PackLoader:240 - Cannot read IP mode file for Cesanta.I-CUBE-Mongoose.7.13.0
2024-10-05 10:29:18,895 [WARN] PackLoader:240 - Cannot read IP mode file for portGmbH.I-Cube-SoM-uGOAL.1.1.0
2024-10-05 10:29:18,906 [WARN] PackLoader:240 - Cannot read IP mode file for Infineon.AIROC-Wi-Fi-Bluetooth-STM32.1.6.1
2024-10-05 10:29:18,908 [INFO] ThirdParty:978 - Integrity check success = true
2024-10-05 10:29:18,909 [INFO] IntegrityCheckThread:100 - exiting critical section [integrity check]
2024-10-05 10:29:18,909 [INFO] IntegrityCheckThread:103 - End integrity checks thread
2024-10-05 10:29:21,902 [INFO] ApiDb:581 - Connected to CubeFinder SQLite database (C:\Users\s.bazargan.TOSANTECHNO\.stmcufinder\plugins\mcufinder\mcu\cube-finder-db.db)
2024-10-05 10:29:21,934 [INFO] ApiDb:668 - CubeFinder database Data Model version=2.1
2024-10-05 10:29:21,934 [INFO] ApiDb:669 - CubeFinder database Configuration version=3.0.39
2024-10-05 10:29:21,935 [INFO] ApiDb:670 - CubeFinder database generation date=2024-08-28 (1724861534)
2024-10-05 10:29:21,935 [INFO] ApiDb:671 - CubeFinder database FW Pack versions=[FP-ATR-ASTRA1_V2.0.0, FP-SNS-FLIGHT1_V5.0.2, FP-SNS-MOTENV1_V5.0.0, FP-SNS-MOTENVWB1_V1.4.0, FP-SNS-SMARTAG2_V1.2.0, FP-SNS-STBOX1_V2.0.0, STM32Cube_FW_C0_V1.2.0, STM32Cube_FW_F4_V1.28.0, STM32Cube_FW_F7_V1.17.2, STM32Cube_FW_G0_V1.6.2, STM32Cube_FW_G4_V1.6.0, STM32Cube_FW_H5_V1.3.0, STM32Cube_FW_H7RS_V1.1.0, STM32Cube_FW_H7_V1.11.2, STM32Cube_FW_L0_V1.12.2, STM32Cube_FW_L5_V1.5.1, STM32Cube_FW_U0_V1.1.0, STM32Cube_FW_U5_V1.6.0, STM32Cube_FW_WB0_V1.0.0, STM32Cube_FW_WBA_V1.4.1, STM32Cube_FW_WB_V1.20.0, STM32Cube_FW_WL_V1.3.0, X-CUBE-ALGOBUILD_V1.4.0, X-CUBE-ALS_V1.0.2, X-CUBE-AZRTOS-F4_V1.1.0, X-CUBE-AZRTOS-F7_V1.1.0, X-CUBE-AZRTOS-G0_V1.1.0, X-CUBE-AZRTOS-G4_V2.0.0, X-CUBE-AZRTOS-H7RS_V1.0.0, X-CUBE-AZRTOS-H7_V3.2.0, X-CUBE-AZRTOS-L4_V2.0.0, X-CUBE-AZRTOS-L5_V1.1.0, X-CUBE-AZRTOS-WB_V2.0.0, X-CUBE-AZRTOS-WL_V2.0.0, X-CUBE-BLE1_V7.0.0, X-CUBE-BLE2_V3.3.0, X-CUBE-BLEMGR_V3.1.0, X-CUBE-EEPRMA1_V5.1.0, X-CUBE-FREERTOS_V1.2.0, X-CUBE-GNSS1_V6.0.0, X-CUBE-MEMS1_V10.0.0, X-CUBE-NFC4_V3.0.0, X-CUBE-NFC7_V1.0.1, X-CUBE-SFXS2LP1_V4.0.0, X-CUBE-SUBG2_V5.0.0, X-CUBE-TOF1_V3.4.2]
2024-10-05 10:29:21,969 [INFO] DbBoardsSqlite:226 - include board P-NUCLEO-WB55-NUCLEO as a kit item of type 'Nucleo-64'
2024-10-05 10:29:21,969 [INFO] DbBoardsSqlite:226 - include board P-NUCLEO-WB55-USBDONGLE as a kit item of type 'Nucleo USB Dongle'
2024-10-05 10:29:21,969 [INFO] DbBoardsSqlite:226 - include board STEVAL-IDP005V1 as a kit item of type 'Evaluation Board'
2024-10-05 10:29:21,970 [INFO] DbBoardsSqlite:226 - include board STEVAL-IDP005V2 as a kit item of type 'Evaluation Board'
2024-10-05 10:29:21,997 [INFO] ApiDb:240 - Found 646 in-development CPN: [B-G473E-ZEST1S, B-WB1M-WPAN1, B-WL5M-SUBG1, NUCLEO-C031C6, NUCLEO-C071RB, NUCLEO-H503RB, NUCLEO-H533RE, NUCLEO-H563ZI, NUCLEO-H7S3L8, NUCLEO-U031R8, NUCLEO-U083RC, NUCLEO-U545RE-Q, NUCLEO-U5A5ZJ-Q, NUCLEO-WB05KZ, NUCLEO-WB07CC, NUCLEO-WB09KE, NUCLEO-WBA52CG, NUCLEO-WBA55CG, STEVAL-PROTEUS1, STEVAL-SMARTAG2, STEVAL-STWINBX1, STM320518-EVAL, STM32C0116-DK, STM32C011D6Y3TR, STM32C011D6Y6TR, STM32C011F4P3, STM32C011F4P6, STM32C011F4U3, STM32C011F4U6TR, STM32C011F6P3, STM32C011F6P6, STM32C011F6U3, STM32C011F6U6TR, STM32C011J4M3, STM32C011J4M6, STM32C011J6M3, STM32C011J6M6, STM32C0316-DK, STM32C031C4T3, STM32C031C4T6, STM32C031C4U3, STM32C031C4U6, STM32C031C6T3, STM32C031C6T6, STM32C031C6U3, STM32C031C6U6, STM32C031F4P3, STM32C031F4P6, STM32C031F6P3, STM32C031F6P6, STM32C031G4U3, STM32C031G4U6, STM32C031G6U3, STM32C031G6U6, STM32C031K4T3, STM32C031K4T6, STM32C031K4U3, STM32C031K4U6, STM32C031K6T3, STM32C031K6T6, STM32C031K6U3, STM32C031K6U6, STM32C071C8T6, STM32C071C8T6N, STM32C071C8U6, STM32C071C8U6N, STM32C071CBT6, STM32C071CBT6N, STM32C071CBU6, STM32C071CBU6N, STM32C071F8P6, STM32C071F8P6N, STM32C071FBP6, STM32C071FBP6N, STM32C071FBY6TR, STM32C071G8U6, STM32C071G8U6N, STM32C071GBU6, STM32C071GBU6N, STM32C071K8T6, STM32C071K8T6N, STM32C071K8U6, STM32C071K8U6N, STM32C071KBT6, STM32C071KBT6N, STM32C071KBU6, STM32C071KBU6N, STM32C071R8T6, STM32C071R8T6N, STM32C071RBI6N, STM32C071RBT6, STM32C071RBT6N, STM32G071K8TXN, STM32G071K8UXN, STM32G081GBU6N, STM32G081KBT6N, STM32G081KBUXN, STM32G0B1CCT6N, STM32G0B1KCT6, STM32G0B1NEY6TR, STM32G0B1RCT6N, STM32G0C1CCT6, STM32G0C1CCT6N, STM32G0C1CCU6N, STM32G0C1CET6N, STM32G0C1CEU6N, STM32G0C1KCT6, STM32G0C1NEY6TR, STM32G0C1RCI6N, STM32G0C1RCT6N, STM32G0C1REI6N, STM32G0C1RET6N, STM32G0C1VCI6, STM32G0C1VEI6, STM32G411C6T3, STM32G411C6T6, STM32G411C6U3, STM32G411C6U6, STM32G411C8T3, STM32G411C8T6, STM32G411C8U3, STM32G411C8U6, STM32G411CBT3, STM32G411CBT6, STM32G411CBU3, STM32G411CBU6, STM32G411K6T3, STM32G411K6T6, STM32G411K6U3, STM32G411K6U6, STM32G411K8T3, STM32G411K8T6, STM32G411K8U3, STM32G411K8U6, STM32G411KBT3, STM32G411KBT6, STM32G411KBU3, STM32G411KBU6, STM32G411M6T3, STM32G411M6T6, STM32G411M8T3, STM32G411M8T6, STM32G411MBT3, STM32G411MBT6, STM32G411R6T3, STM32G411R6T6, STM32G411R8T3, STM32G411R8T6, STM32G411RBT3, STM32G411RBT6, STM32G414CBT3, STM32G414CBT6, STM32G414CBU3, STM32G414CBU6, STM32G414CCT3, STM32G414CCT6, STM32G414CCU3, STM32G414CCU6, STM32G414MBT3, STM32G414MBT6, STM32G414MCT3, STM32G414MCT6, STM32G414RBT3, STM32G414RBT6, STM32G414RCT3, STM32G414RCT6, STM32G414VBT3, STM32G414VBT6, STM32G414VCT3, STM32G414VCT6, STM32G431CBT3Z, STM32G431RBT3Z, STM32G471CCT6, STM32G471CCU6, STM32G471CET3, STM32G471CET6, STM32G471CEU3, STM32G471CEU6, STM32G471MCT6, STM32G471MET3, STM32G471MET6, STM32G471MEY6TR, STM32G471QCT6, STM32G471QET3, STM32G471RCT6, STM32G471RET3, STM32G471RET6, STM32G471VCH6, STM32G471VCI6, STM32G471VCT6, STM32G471VEH3, STM32G471VEH6, STM32G471VEI3, STM32G471VEI6, STM32G471VET3, STM32G471VET6, STM32G473QET3Z, STM32G473RET3Z, STM32G474CCT6, STM32G491RET3Z, STM32H503CBT6, STM32H503CBU6, STM32H503EBY6TR, STM32H503KBU6, STM32H503RBT6, STM32H523CCT6, STM32H523CCU6, STM32H523CET6, STM32H523CEU6, STM32H523HEY6TR, STM32H523RCT6, STM32H523RET6, STM32H523VCI6, STM32H523VCT6, STM32H523VEI6, STM32H523VET6, STM32H523ZCJ6, STM32H523ZCT6, STM32H523ZEJ6, STM32H523ZET6, STM32H533CET6, STM32H533CEU6, STM32H533HEY6TR, STM32H533RET6, STM32H533VEI6, STM32H533VET6, STM32H533ZEJ6, STM32H533ZET6, STM32H562AGI6, STM32H562AII6, STM32H562IGK6, STM32H562IGT6, STM32H562IIK6, STM32H562IIT6, STM32H562RGT6, STM32H562RGV6, STM32H562RIT6, STM32H562RIV6, STM32H562VGT6, STM32H562VIT6, STM32H562ZGT6, STM32H562ZIT6, STM32H563AGI6, STM32H563AII3Q, STM32H563AII6, STM32H563IGK6, STM32H563IGT6, STM32H563IIK3Q, STM32H563IIK6, STM32H563IIT3Q, STM32H563IIT6, STM32H563MIY3QTR, STM32H563RGT6, STM32H563RGV6, STM32H563RIT6, STM32H563RIV6, STM32H563VGT6, STM32H563VIT3Q, STM32H563VIT6, STM32H563ZGT6, STM32H563ZIT3Q, STM32H563ZIT6, STM32H573AII3Q, STM32H573AII6, STM32H573I-DK, STM32H573IIK3Q, STM32H573IIK6, STM32H573IIT3Q, STM32H573IIT6, STM32H573MIY3QTR, STM32H573RIT6, STM32H573RIV6, STM32H573VIT3Q, STM32H573VIT6, STM32H573ZIT3Q, STM32H573ZIT6, STM32H7R3A8I6, STM32H7R3I8K6, STM32H7R3I8T6, STM32H7R3L8H6, STM32H7R3L8H6H, STM32H7R3R8V6, STM32H7R3V8H6, STM32H7R3V8T6, STM32H7R3V8Y6TR, STM32H7R3Z8J6, STM32H7R3Z8T6, STM32H7R7A8I6, STM32H7R7I8K6, STM32H7R7I8T6, STM32H7R7L8H6, STM32H7R7L8H6H, STM32H7R7Z8J6, STM32H7S3A8I6, STM32H7S3I8K6, STM32H7S3I8T6, STM32H7S3L8H6, STM32H7S3L8H6H, STM32H7S3R8V6, STM32H7S3V8H6, STM32H7S3V8T6, STM32H7S3V8Y6TR, STM32H7S3Z8J6, STM32H7S3Z8T6, STM32H7S78-DK, STM32H7S7A8I6, STM32H7S7I8K6, STM32H7S7I8T6, STM32H7S7L8H6, STM32H7S7L8H6H, STM32H7S7Z8J6, STM32L4R5QGI6STR, STM32MP131AAE3, STM32MP131AAF3, STM32MP131AAG3, STM32MP131CAE3, STM32MP131CAF3, STM32MP131CAG3, STM32MP131DAE7, STM32MP131DAF7, STM32MP131DAG7, STM32MP131FAE7, STM32MP131FAF7, STM32MP131FAG7, STM32MP133AAE3, STM32MP133AAF3, STM32MP133AAG3, STM32MP133CAE3, STM32MP133CAF3, STM32MP133CAG3, STM32MP133DAE7, STM32MP133DAF7, STM32MP133DAG7, STM32MP133FAE7, STM32MP133FAF7, STM32MP133FAG7, STM32MP135AAE3, STM32MP135AAF3, STM32MP135AAG3, STM32MP135CAE3, STM32MP135CAF3, STM32MP135CAG3, STM32MP135DAE7, STM32MP135DAF7, STM32MP135DAG7, STM32MP135F-DK, STM32MP135FAE7, STM32MP135FAF7, STM32MP135FAF7T, STM32MP135FAF7U, STM32MP135FAG7, STM32MP251AAI3, STM32MP251AAK3, STM32MP251AAL3, STM32MP251CAI3, STM32MP251CAK3, STM32MP251CAL3, STM32MP251DAI3, STM32MP251DAK3, STM32MP251DAL3, STM32MP251FAI3, STM32MP251FAK3, STM32MP251FAL3, STM32MP253AAI3, STM32MP253AAK3, STM32MP253AAL3, STM32MP253CAI3, STM32MP253CAK3, STM32MP253CAL3, STM32MP253DAI3, STM32MP253DAK3, STM32MP253DAL3, STM32MP253FAI3, STM32MP253FAK3, STM32MP253FAL3, STM32MP255AAI3, STM32MP255AAK3, STM32MP255AAL3, STM32MP255CAI3, STM32MP255CAK3, STM32MP255CAL3, STM32MP255DAI3, STM32MP255DAK3, STM32MP255DAL3, STM32MP255FAI3, STM32MP255FAK3, STM32MP255FAL3, STM32MP257AAI3, STM32MP257AAK3, STM32MP257AAL3, STM32MP257CAI3, STM32MP257CAK3, STM32MP257CAL3, STM32MP257DAI3, STM32MP257DAK3, STM32MP257DAL3, STM32MP257F-DK, STM32MP257F-EV1, STM32MP257FAI3, STM32MP257FAK3, STM32MP257FAL3, STM32U031C6T6, STM32U031C6U6, STM32U031C8T6, STM32U031C8U6, STM32U031F4P6, STM32U031F6P6, STM32U031F8P6, STM32U031G6Y6TR, STM32U031G8Y6TR, STM32U031K4U6, STM32U031K6U6, STM32U031K8U6, STM32U031R6I6, STM32U031R6T6, STM32U031R8I6, STM32U031R8T6, STM32U073C8T6, STM32U073C8U6, STM32U073CBT6, STM32U073CBU6, STM32U073CCT6, STM32U073CCU6, STM32U073H8Y6TR, STM32U073HBY6TR, STM32U073HCY6TR, STM32U073K8U6, STM32U073KBU6, STM32U073KCU6, STM32U073M8I6, STM32U073M8T6, STM32U073MBI6, STM32U073MBT6, STM32U073MCI6, STM32U073MCT6, STM32U073R8I6, STM32U073R8T6, STM32U073RBI6, STM32U073RBT6, STM32U073RCI6, STM32U073RCT6, STM32U083C-DK, STM32U083CCT6, STM32U083CCU6, STM32U083HCY6TR, STM32U083KCU6, STM32U083MCI6, STM32U083MCT6, STM32U083RCI6, STM32U083RCT6, STM32U535CBT6, STM32U535CBT6Q, STM32U535CBU6, STM32U535CBU6Q, STM32U535CCT6, STM32U535CCT6Q, STM32U535CCU6, STM32U535CCU6Q, STM32U535CET6, STM32U535CET6Q, STM32U535CEU6, STM32U535CEU6Q, STM32U535JEY6QTR, STM32U535NCY6QTR, STM32U535NEY6QTR, STM32U535RBI6, STM32U535RBI6Q, STM32U535RBT6, STM32U535RBT6Q, STM32U535RCI6, STM32U535RCI6Q, STM32U535RCT6, STM32U535RCT6Q, STM32U535REI6, STM32U535REI6Q, STM32U535RET6, STM32U535RET6Q, STM32U535VCI6, STM32U535VCI6Q, STM32U535VCT6, STM32U535VCT6Q, STM32U535VEI6, STM32U535VEI6Q, STM32U535VET6, STM32U535VET6Q, STM32U545CET6, STM32U545CET6Q, STM32U545CEU6, STM32U545CEU6Q, STM32U545JEY6QTR, STM32U545NEY6QTR, STM32U545REI6, STM32U545REI6Q, STM32U545RET6, STM32U545RET6Q, STM32U545VEI6, STM32U545VEI6Q, STM32U545VET6, STM32U545VET6Q, STM32U595AIH6, STM32U595AIH6Q, STM32U595AJH6, STM32U595AJH6Q, STM32U595QII6, STM32U595QII6Q, STM32U595QJI6, STM32U595QJI6Q, STM32U595RIT6, STM32U595RIT6Q, STM32U595RJT6, STM32U595RJT6Q, STM32U595VIT6, STM32U595VIT6Q, STM32U595VJT6, STM32U595VJT6Q, STM32U595ZIT6, STM32U595ZIT6Q, STM32U595ZIY6QTR, STM32U595ZJT6, STM32U595ZJT6Q, STM32U595ZJY6QTR, STM32U599BJY6QTR, STM32U599NIH6Q, STM32U599NJH6Q, STM32U599VIT6Q, STM32U599VJT6, STM32U599VJT6Q, STM32U599ZIT6Q, STM32U599ZIY6QTR, STM32U599ZJT6Q, STM32U599ZJY6QTR, STM32U5A5AJH6, STM32U5A5AJH6Q, STM32U5A5QII3Q , STM32U5A5QJI6, STM32U5A5QJI6Q, STM32U5A5RJT6, STM32U5A5RJT6Q, STM32U5A5VJT6, STM32U5A5VJT6Q, STM32U5A5ZJT6, STM32U5A5ZJT6Q, STM32U5A5ZJY6QTR, STM32U5A9BJY6QTR, STM32U5A9J-DK, STM32U5A9NJH6Q, STM32U5A9VJT6Q, STM32U5A9ZJT6Q, STM32U5A9ZJY6QTR, STM32U5F7VIT6, STM32U5F7VIT6Q, STM32U5F7VJT6, STM32U5F7VJT6Q, STM32U5F9BJY6QTR, STM32U5F9NJH6Q, STM32U5F9VIT6Q, STM32U5F9VJT6Q, STM32U5F9ZIJ6QTR, STM32U5F9ZIT6Q, STM32U5F9ZJJ6QTR, STM32U5F9ZJT6Q, STM32U5G7VJT6, STM32U5G7VJT6Q, STM32U5G9BJY6QTR, STM32U5G9J-DK1, STM32U5G9J-DK2, STM32U5G9NJH6Q, STM32U5G9VJT6Q, STM32U5G9ZJJ6QTR, STM32U5G9ZJT6Q, STM32WB05KZV6TR, STM32WB05KZV7TR, STM32WB05TZF6TR, STM32WB05TZF7TR, STM32WB06CCF6TR, STM32WB06CCF7TR, STM32WB06CCV6TR, STM32WB06CCV7TR, STM32WB06KCV6TR, STM32WB06KCV7TR, STM32WB07CCF6TR, STM32WB07CCF7TR, STM32WB07CCV6TR, STM32WB07CCV7TR, STM32WB07KCV6TR, STM32WB07KCV7TR, STM32WB09KEV6TR, STM32WB09KEV7TR, STM32WB09TEF6TR, STM32WB09TEF7TR, STM32WB1MMCH6, STM32WBA50KGU6, STM32WBA50KGU6TR, STM32WBA52CEU6, STM32WBA52CEU6TR, STM32WBA52CEU7, STM32WBA52CEU7TR, STM32WBA52CGU6, STM32WBA52CGU6TR, STM32WBA52CGU6U, STM32WBA52CGU7, STM32WBA52CGU7TR, STM32WBA52KEU6, STM32WBA52KEU6TR, STM32WBA52KGU6, STM32WBA52KGU6TR, STM32WBA54CEU6, STM32WBA54CEU6TR, STM32WBA54CEU7, STM32WBA54CEU7TR, STM32WBA54CGU6, STM32WBA54CGU6TR, STM32WBA54CGU7, STM32WBA54CGU7TR, STM32WBA54KEU6, STM32WBA54KEU6TR, STM32WBA54KEU7, STM32WBA54KEU7TR, STM32WBA54KGU6, STM32WBA54KGU6TR, STM32WBA54KGU7, STM32WBA54KGU7TR, STM32WBA55CEU6, STM32WBA55CEU6TR, STM32WBA55CEU7, STM32WBA55CEU7TR, STM32WBA55CGU6, STM32WBA55CGU6TR, STM32WBA55CGU6U, STM32WBA55CGU7, STM32WBA55CGU7TR, STM32WBA55G-DK1, STM32WBA55HEF6, STM32WBA55HEF7, STM32WBA55HGF6, STM32WBA55HGF7, STM32WBA55UEI6, STM32WBA55UEI6TR, STM32WBA55UEI7, STM32WBA55UEI7TR, STM32WBA55UGI6, STM32WBA55UGI6TR, STM32WBA55UGI7, STM32WBA55UGI7TR, STM32WL5MOCH6, STM32WL5MOCH6TR]
2024-10-05 10:29:22,076 [INFO] BoardInfo:889 - No configuration file found for board P-NUCLEO-WB55
2024-10-05 10:29:22,076 [INFO] DbBoards:161 - Kit is not supported: P-NUCLEO-WB55
2024-10-05 10:29:22,079 [INFO] BoardInfo:889 - No configuration file found for board STEVAL-BFA001V1B
2024-10-05 10:29:22,080 [INFO] DbBoards:161 - Kit is not supported: STEVAL-BFA001V1B
2024-10-05 10:29:22,080 [INFO] BoardInfo:889 - No configuration file found for board STEVAL-BFA001V2B
2024-10-05 10:29:22,080 [INFO] DbBoards:161 - Kit is not supported: STEVAL-BFA001V2B
2024-10-05 10:29:22,160 [INFO] DbBoards:168 - Found 201 boards, 198 are supported
2024-10-05 10:29:22,160 [INFO] DbBoards:169 - Found 201 boards, 25 of them is supported for  Bsp
2024-10-05 10:29:22,162 [INFO] ApiDb:668 - CubeFinder database Data Model version=2.1
2024-10-05 10:29:22,162 [INFO] ApiDb:669 - CubeFinder database Configuration version=3.0.39
2024-10-05 10:29:22,162 [INFO] ApiDb:670 - CubeFinder database generation date=2024-08-28 (1724861534)
2024-10-05 10:29:22,162 [INFO] ApiDb:671 - CubeFinder database FW Pack versions=[FP-ATR-ASTRA1_V2.0.0, FP-SNS-FLIGHT1_V5.0.2, FP-SNS-MOTENV1_V5.0.0, FP-SNS-MOTENVWB1_V1.4.0, FP-SNS-SMARTAG2_V1.2.0, FP-SNS-STBOX1_V2.0.0, STM32Cube_FW_C0_V1.2.0, STM32Cube_FW_F4_V1.28.0, STM32Cube_FW_F7_V1.17.2, STM32Cube_FW_G0_V1.6.2, STM32Cube_FW_G4_V1.6.0, STM32Cube_FW_H5_V1.3.0, STM32Cube_FW_H7RS_V1.1.0, STM32Cube_FW_H7_V1.11.2, STM32Cube_FW_L0_V1.12.2, STM32Cube_FW_L5_V1.5.1, STM32Cube_FW_U0_V1.1.0, STM32Cube_FW_U5_V1.6.0, STM32Cube_FW_WB0_V1.0.0, STM32Cube_FW_WBA_V1.4.1, STM32Cube_FW_WB_V1.20.0, STM32Cube_FW_WL_V1.3.0, X-CUBE-ALGOBUILD_V1.4.0, X-CUBE-ALS_V1.0.2, X-CUBE-AZRTOS-F4_V1.1.0, X-CUBE-AZRTOS-F7_V1.1.0, X-CUBE-AZRTOS-G0_V1.1.0, X-CUBE-AZRTOS-G4_V2.0.0, X-CUBE-AZRTOS-H7RS_V1.0.0, X-CUBE-AZRTOS-H7_V3.2.0, X-CUBE-AZRTOS-L4_V2.0.0, X-CUBE-AZRTOS-L5_V1.1.0, X-CUBE-AZRTOS-WB_V2.0.0, X-CUBE-AZRTOS-WL_V2.0.0, X-CUBE-BLE1_V7.0.0, X-CUBE-BLE2_V3.3.0, X-CUBE-BLEMGR_V3.1.0, X-CUBE-EEPRMA1_V5.1.0, X-CUBE-FREERTOS_V1.2.0, X-CUBE-GNSS1_V6.0.0, X-CUBE-MEMS1_V10.0.0, X-CUBE-NFC4_V3.0.0, X-CUBE-NFC7_V1.0.1, X-CUBE-SFXS2LP1_V4.0.0, X-CUBE-SUBG2_V5.0.0, X-CUBE-TOF1_V3.4.2]
2024-10-05 10:29:23,206 [INFO] ApiDb:240 - Found 646 in-development CPN: [B-G473E-ZEST1S, B-WB1M-WPAN1, B-WL5M-SUBG1, NUCLEO-C031C6, NUCLEO-C071RB, NUCLEO-H503RB, NUCLEO-H533RE, NUCLEO-H563ZI, NUCLEO-H7S3L8, NUCLEO-U031R8, NUCLEO-U083RC, NUCLEO-U545RE-Q, NUCLEO-U5A5ZJ-Q, NUCLEO-WB05KZ, NUCLEO-WB07CC, NUCLEO-WB09KE, NUCLEO-WBA52CG, NUCLEO-WBA55CG, STEVAL-PROTEUS1, STEVAL-SMARTAG2, STEVAL-STWINBX1, STM320518-EVAL, STM32C0116-DK, STM32C011D6Y3TR, STM32C011D6Y6TR, STM32C011F4P3, STM32C011F4P6, STM32C011F4U3, STM32C011F4U6TR, STM32C011F6P3, STM32C011F6P6, STM32C011F6U3, STM32C011F6U6TR, STM32C011J4M3, STM32C011J4M6, STM32C011J6M3, STM32C011J6M6, STM32C0316-DK, STM32C031C4T3, STM32C031C4T6, STM32C031C4U3, STM32C031C4U6, STM32C031C6T3, STM32C031C6T6, STM32C031C6U3, STM32C031C6U6, STM32C031F4P3, STM32C031F4P6, STM32C031F6P3, STM32C031F6P6, STM32C031G4U3, STM32C031G4U6, STM32C031G6U3, STM32C031G6U6, STM32C031K4T3, STM32C031K4T6, STM32C031K4U3, STM32C031K4U6, STM32C031K6T3, STM32C031K6T6, STM32C031K6U3, STM32C031K6U6, STM32C071C8T6, STM32C071C8T6N, STM32C071C8U6, STM32C071C8U6N, STM32C071CBT6, STM32C071CBT6N, STM32C071CBU6, STM32C071CBU6N, STM32C071F8P6, STM32C071F8P6N, STM32C071FBP6, STM32C071FBP6N, STM32C071FBY6TR, STM32C071G8U6, STM32C071G8U6N, STM32C071GBU6, STM32C071GBU6N, STM32C071K8T6, STM32C071K8T6N, STM32C071K8U6, STM32C071K8U6N, STM32C071KBT6, STM32C071KBT6N, STM32C071KBU6, STM32C071KBU6N, STM32C071R8T6, STM32C071R8T6N, STM32C071RBI6N, STM32C071RBT6, STM32C071RBT6N, STM32G071K8TXN, STM32G071K8UXN, STM32G081GBU6N, STM32G081KBT6N, STM32G081KBUXN, STM32G0B1CCT6N, STM32G0B1KCT6, STM32G0B1NEY6TR, STM32G0B1RCT6N, STM32G0C1CCT6, STM32G0C1CCT6N, STM32G0C1CCU6N, STM32G0C1CET6N, STM32G0C1CEU6N, STM32G0C1KCT6, STM32G0C1NEY6TR, STM32G0C1RCI6N, STM32G0C1RCT6N, STM32G0C1REI6N, STM32G0C1RET6N, STM32G0C1VCI6, STM32G0C1VEI6, STM32G411C6T3, STM32G411C6T6, STM32G411C6U3, STM32G411C6U6, STM32G411C8T3, STM32G411C8T6, STM32G411C8U3, STM32G411C8U6, STM32G411CBT3, STM32G411CBT6, STM32G411CBU3, STM32G411CBU6, STM32G411K6T3, STM32G411K6T6, STM32G411K6U3, STM32G411K6U6, STM32G411K8T3, STM32G411K8T6, STM32G411K8U3, STM32G411K8U6, STM32G411KBT3, STM32G411KBT6, STM32G411KBU3, STM32G411KBU6, STM32G411M6T3, STM32G411M6T6, STM32G411M8T3, STM32G411M8T6, STM32G411MBT3, STM32G411MBT6, STM32G411R6T3, STM32G411R6T6, STM32G411R8T3, STM32G411R8T6, STM32G411RBT3, STM32G411RBT6, STM32G414CBT3, STM32G414CBT6, STM32G414CBU3, STM32G414CBU6, STM32G414CCT3, STM32G414CCT6, STM32G414CCU3, STM32G414CCU6, STM32G414MBT3, STM32G414MBT6, STM32G414MCT3, STM32G414MCT6, STM32G414RBT3, STM32G414RBT6, STM32G414RCT3, STM32G414RCT6, STM32G414VBT3, STM32G414VBT6, STM32G414VCT3, STM32G414VCT6, STM32G431CBT3Z, STM32G431RBT3Z, STM32G471CCT6, STM32G471CCU6, STM32G471CET3, STM32G471CET6, STM32G471CEU3, STM32G471CEU6, STM32G471MCT6, STM32G471MET3, STM32G471MET6, STM32G471MEY6TR, STM32G471QCT6, STM32G471QET3, STM32G471RCT6, STM32G471RET3, STM32G471RET6, STM32G471VCH6, STM32G471VCI6, STM32G471VCT6, STM32G471VEH3, STM32G471VEH6, STM32G471VEI3, STM32G471VEI6, STM32G471VET3, STM32G471VET6, STM32G473QET3Z, STM32G473RET3Z, STM32G474CCT6, STM32G491RET3Z, STM32H503CBT6, STM32H503CBU6, STM32H503EBY6TR, STM32H503KBU6, STM32H503RBT6, STM32H523CCT6, STM32H523CCU6, STM32H523CET6, STM32H523CEU6, STM32H523HEY6TR, STM32H523RCT6, STM32H523RET6, STM32H523VCI6, STM32H523VCT6, STM32H523VEI6, STM32H523VET6, STM32H523ZCJ6, STM32H523ZCT6, STM32H523ZEJ6, STM32H523ZET6, STM32H533CET6, STM32H533CEU6, STM32H533HEY6TR, STM32H533RET6, STM32H533VEI6, STM32H533VET6, STM32H533ZEJ6, STM32H533ZET6, STM32H562AGI6, STM32H562AII6, STM32H562IGK6, STM32H562IGT6, STM32H562IIK6, STM32H562IIT6, STM32H562RGT6, STM32H562RGV6, STM32H562RIT6, STM32H562RIV6, STM32H562VGT6, STM32H562VIT6, STM32H562ZGT6, STM32H562ZIT6, STM32H563AGI6, STM32H563AII3Q, STM32H563AII6, STM32H563IGK6, STM32H563IGT6, STM32H563IIK3Q, STM32H563IIK6, STM32H563IIT3Q, STM32H563IIT6, STM32H563MIY3QTR, STM32H563RGT6, STM32H563RGV6, STM32H563RIT6, STM32H563RIV6, STM32H563VGT6, STM32H563VIT3Q, STM32H563VIT6, STM32H563ZGT6, STM32H563ZIT3Q, STM32H563ZIT6, STM32H573AII3Q, STM32H573AII6, STM32H573I-DK, STM32H573IIK3Q, STM32H573IIK6, STM32H573IIT3Q, STM32H573IIT6, STM32H573MIY3QTR, STM32H573RIT6, STM32H573RIV6, STM32H573VIT3Q, STM32H573VIT6, STM32H573ZIT3Q, STM32H573ZIT6, STM32H7R3A8I6, STM32H7R3I8K6, STM32H7R3I8T6, STM32H7R3L8H6, STM32H7R3L8H6H, STM32H7R3R8V6, STM32H7R3V8H6, STM32H7R3V8T6, STM32H7R3V8Y6TR, STM32H7R3Z8J6, STM32H7R3Z8T6, STM32H7R7A8I6, STM32H7R7I8K6, STM32H7R7I8T6, STM32H7R7L8H6, STM32H7R7L8H6H, STM32H7R7Z8J6, STM32H7S3A8I6, STM32H7S3I8K6, STM32H7S3I8T6, STM32H7S3L8H6, STM32H7S3L8H6H, STM32H7S3R8V6, STM32H7S3V8H6, STM32H7S3V8T6, STM32H7S3V8Y6TR, STM32H7S3Z8J6, STM32H7S3Z8T6, STM32H7S78-DK, STM32H7S7A8I6, STM32H7S7I8K6, STM32H7S7I8T6, STM32H7S7L8H6, STM32H7S7L8H6H, STM32H7S7Z8J6, STM32L4R5QGI6STR, STM32MP131AAE3, STM32MP131AAF3, STM32MP131AAG3, STM32MP131CAE3, STM32MP131CAF3, STM32MP131CAG3, STM32MP131DAE7, STM32MP131DAF7, STM32MP131DAG7, STM32MP131FAE7, STM32MP131FAF7, STM32MP131FAG7, STM32MP133AAE3, STM32MP133AAF3, STM32MP133AAG3, STM32MP133CAE3, STM32MP133CAF3, STM32MP133CAG3, STM32MP133DAE7, STM32MP133DAF7, STM32MP133DAG7, STM32MP133FAE7, STM32MP133FAF7, STM32MP133FAG7, STM32MP135AAE3, STM32MP135AAF3, STM32MP135AAG3, STM32MP135CAE3, STM32MP135CAF3, STM32MP135CAG3, STM32MP135DAE7, STM32MP135DAF7, STM32MP135DAG7, STM32MP135F-DK, STM32MP135FAE7, STM32MP135FAF7, STM32MP135FAF7T, STM32MP135FAF7U, STM32MP135FAG7, STM32MP251AAI3, STM32MP251AAK3, STM32MP251AAL3, STM32MP251CAI3, STM32MP251CAK3, STM32MP251CAL3, STM32MP251DAI3, STM32MP251DAK3, STM32MP251DAL3, STM32MP251FAI3, STM32MP251FAK3, STM32MP251FAL3, STM32MP253AAI3, STM32MP253AAK3, STM32MP253AAL3, STM32MP253CAI3, STM32MP253CAK3, STM32MP253CAL3, STM32MP253DAI3, STM32MP253DAK3, STM32MP253DAL3, STM32MP253FAI3, STM32MP253FAK3, STM32MP253FAL3, STM32MP255AAI3, STM32MP255AAK3, STM32MP255AAL3, STM32MP255CAI3, STM32MP255CAK3, STM32MP255CAL3, STM32MP255DAI3, STM32MP255DAK3, STM32MP255DAL3, STM32MP255FAI3, STM32MP255FAK3, STM32MP255FAL3, STM32MP257AAI3, STM32MP257AAK3, STM32MP257AAL3, STM32MP257CAI3, STM32MP257CAK3, STM32MP257CAL3, STM32MP257DAI3, STM32MP257DAK3, STM32MP257DAL3, STM32MP257F-DK, STM32MP257F-EV1, STM32MP257FAI3, STM32MP257FAK3, STM32MP257FAL3, STM32U031C6T6, STM32U031C6U6, STM32U031C8T6, STM32U031C8U6, STM32U031F4P6, STM32U031F6P6, STM32U031F8P6, STM32U031G6Y6TR, STM32U031G8Y6TR, STM32U031K4U6, STM32U031K6U6, STM32U031K8U6, STM32U031R6I6, STM32U031R6T6, STM32U031R8I6, STM32U031R8T6, STM32U073C8T6, STM32U073C8U6, STM32U073CBT6, STM32U073CBU6, STM32U073CCT6, STM32U073CCU6, STM32U073H8Y6TR, STM32U073HBY6TR, STM32U073HCY6TR, STM32U073K8U6, STM32U073KBU6, STM32U073KCU6, STM32U073M8I6, STM32U073M8T6, STM32U073MBI6, STM32U073MBT6, STM32U073MCI6, STM32U073MCT6, STM32U073R8I6, STM32U073R8T6, STM32U073RBI6, STM32U073RBT6, STM32U073RCI6, STM32U073RCT6, STM32U083C-DK, STM32U083CCT6, STM32U083CCU6, STM32U083HCY6TR, STM32U083KCU6, STM32U083MCI6, STM32U083MCT6, STM32U083RCI6, STM32U083RCT6, STM32U535CBT6, STM32U535CBT6Q, STM32U535CBU6, STM32U535CBU6Q, STM32U535CCT6, STM32U535CCT6Q, STM32U535CCU6, STM32U535CCU6Q, STM32U535CET6, STM32U535CET6Q, STM32U535CEU6, STM32U535CEU6Q, STM32U535JEY6QTR, STM32U535NCY6QTR, STM32U535NEY6QTR, STM32U535RBI6, STM32U535RBI6Q, STM32U535RBT6, STM32U535RBT6Q, STM32U535RCI6, STM32U535RCI6Q, STM32U535RCT6, STM32U535RCT6Q, STM32U535REI6, STM32U535REI6Q, STM32U535RET6, STM32U535RET6Q, STM32U535VCI6, STM32U535VCI6Q, STM32U535VCT6, STM32U535VCT6Q, STM32U535VEI6, STM32U535VEI6Q, STM32U535VET6, STM32U535VET6Q, STM32U545CET6, STM32U545CET6Q, STM32U545CEU6, STM32U545CEU6Q, STM32U545JEY6QTR, STM32U545NEY6QTR, STM32U545REI6, STM32U545REI6Q, STM32U545RET6, STM32U545RET6Q, STM32U545VEI6, STM32U545VEI6Q, STM32U545VET6, STM32U545VET6Q, STM32U595AIH6, STM32U595AIH6Q, STM32U595AJH6, STM32U595AJH6Q, STM32U595QII6, STM32U595QII6Q, STM32U595QJI6, STM32U595QJI6Q, STM32U595RIT6, STM32U595RIT6Q, STM32U595RJT6, STM32U595RJT6Q, STM32U595VIT6, STM32U595VIT6Q, STM32U595VJT6, STM32U595VJT6Q, STM32U595ZIT6, STM32U595ZIT6Q, STM32U595ZIY6QTR, STM32U595ZJT6, STM32U595ZJT6Q, STM32U595ZJY6QTR, STM32U599BJY6QTR, STM32U599NIH6Q, STM32U599NJH6Q, STM32U599VIT6Q, STM32U599VJT6, STM32U599VJT6Q, STM32U599ZIT6Q, STM32U599ZIY6QTR, STM32U599ZJT6Q, STM32U599ZJY6QTR, STM32U5A5AJH6, STM32U5A5AJH6Q, STM32U5A5QII3Q , STM32U5A5QJI6, STM32U5A5QJI6Q, STM32U5A5RJT6, STM32U5A5RJT6Q, STM32U5A5VJT6, STM32U5A5VJT6Q, STM32U5A5ZJT6, STM32U5A5ZJT6Q, STM32U5A5ZJY6QTR, STM32U5A9BJY6QTR, STM32U5A9J-DK, STM32U5A9NJH6Q, STM32U5A9VJT6Q, STM32U5A9ZJT6Q, STM32U5A9ZJY6QTR, STM32U5F7VIT6, STM32U5F7VIT6Q, STM32U5F7VJT6, STM32U5F7VJT6Q, STM32U5F9BJY6QTR, STM32U5F9NJH6Q, STM32U5F9VIT6Q, STM32U5F9VJT6Q, STM32U5F9ZIJ6QTR, STM32U5F9ZIT6Q, STM32U5F9ZJJ6QTR, STM32U5F9ZJT6Q, STM32U5G7VJT6, STM32U5G7VJT6Q, STM32U5G9BJY6QTR, STM32U5G9J-DK1, STM32U5G9J-DK2, STM32U5G9NJH6Q, STM32U5G9VJT6Q, STM32U5G9ZJJ6QTR, STM32U5G9ZJT6Q, STM32WB05KZV6TR, STM32WB05KZV7TR, STM32WB05TZF6TR, STM32WB05TZF7TR, STM32WB06CCF6TR, STM32WB06CCF7TR, STM32WB06CCV6TR, STM32WB06CCV7TR, STM32WB06KCV6TR, STM32WB06KCV7TR, STM32WB07CCF6TR, STM32WB07CCF7TR, STM32WB07CCV6TR, STM32WB07CCV7TR, STM32WB07KCV6TR, STM32WB07KCV7TR, STM32WB09KEV6TR, STM32WB09KEV7TR, STM32WB09TEF6TR, STM32WB09TEF7TR, STM32WB1MMCH6, STM32WBA50KGU6, STM32WBA50KGU6TR, STM32WBA52CEU6, STM32WBA52CEU6TR, STM32WBA52CEU7, STM32WBA52CEU7TR, STM32WBA52CGU6, STM32WBA52CGU6TR, STM32WBA52CGU6U, STM32WBA52CGU7, STM32WBA52CGU7TR, STM32WBA52KEU6, STM32WBA52KEU6TR, STM32WBA52KGU6, STM32WBA52KGU6TR, STM32WBA54CEU6, STM32WBA54CEU6TR, STM32WBA54CEU7, STM32WBA54CEU7TR, STM32WBA54CGU6, STM32WBA54CGU6TR, STM32WBA54CGU7, STM32WBA54CGU7TR, STM32WBA54KEU6, STM32WBA54KEU6TR, STM32WBA54KEU7, STM32WBA54KEU7TR, STM32WBA54KGU6, STM32WBA54KGU6TR, STM32WBA54KGU7, STM32WBA54KGU7TR, STM32WBA55CEU6, STM32WBA55CEU6TR, STM32WBA55CEU7, STM32WBA55CEU7TR, STM32WBA55CGU6, STM32WBA55CGU6TR, STM32WBA55CGU6U, STM32WBA55CGU7, STM32WBA55CGU7TR, STM32WBA55G-DK1, STM32WBA55HEF6, STM32WBA55HEF7, STM32WBA55HGF6, STM32WBA55HGF7, STM32WBA55UEI6, STM32WBA55UEI6TR, STM32WBA55UEI7, STM32WBA55UEI7TR, STM32WBA55UGI6, STM32WBA55UGI6TR, STM32WBA55UGI7, STM32WBA55UGI7TR, STM32WL5MOCH6, STM32WL5MOCH6TR]
2024-10-05 10:29:23,210 [INFO] DbMcus:218 - Found 4252 MCUs, 4252 are supported
2024-10-05 10:29:23,210 [INFO] ApiDb:423 - Load user favorites file C:\Users\s.bazargan.TOSANTECHNO/.stm32cubeide/favorites.mcus.txt: 0 item(s)
2024-10-05 10:29:23,210 [INFO] ApiDb:427 - User favorites MCUs=[]
2024-10-05 10:29:23,210 [INFO] DbMcus:224 - Set 0 / 0 favorites MCUs
2024-10-05 10:29:23,377 [INFO] ApiDb:423 - Load user favorites file C:\Users\s.bazargan.TOSANTECHNO/.stm32cubeide/favorites.boards.txt: 0 item(s)
2024-10-05 10:29:23,377 [INFO] ApiDb:427 - User favorites Boards=[]
2024-10-05 10:29:23,377 [INFO] DbBoards:198 - Set 0 / 0 favorites Boards
2024-10-05 10:29:23,377 [INFO] McuFinderGlobals:76 - Set McuFinderConnectedMode to false
2024-10-05 10:29:23,381 [INFO] MultiScanPanel:200 - Auto-refresh data requested => check proxy status ongoing
2024-10-05 10:29:23,381 [INFO] MultiScanPanel:204 - Proxy status is invalid
2024-10-05 10:29:23,383 [INFO] FinderPluginLoader:95 - Searching for filters in installed packs
2024-10-05 10:29:24,053 [INFO] DetailPanel:341 - Set advertising image to C:/Users/s.bazargan.TOSANTECHNO/STM32Cube/Repository/\en.Prom_NBSTM32U50921.jpg
2024-10-05 10:30:10,227 [INFO] MainUpdater:2873 - connection check result : 22
2024-10-05 10:30:10,256 [INFO] RulesReader:64 - Compatibility file has been processed (297 Rules)
2024-10-05 10:30:10,261 [INFO] RulesReader:64 - Compatibility file has been processed (297 Rules)
2024-10-05 10:30:10,265 [INFO] MicroXplorer:468 - Change Database Path : 
2024-10-05 10:30:10,266 [INFO] MicroXplorer:498 - Change Database Version : DB.6.0.121
2024-10-05 10:30:10,274 [WARN] ThirdParty:871 - waiting for thirdparty lock release [close project]
2024-10-05 10:30:10,274 [INFO] ThirdParty:873 - entering critical section [close project]
2024-10-05 10:30:10,275 [INFO] ThirdParty:883 - exiting critical section [close project]
2024-10-05 10:30:10,276 [INFO] PinOutPanel:1561 - setPackage(No Configuration,No Configuration)
2024-10-05 10:30:10,278 [INFO] UtilMem:75 - Begin LoadConfig() Used Memory: 433755384 Bytes (548405248)
2024-10-05 10:30:10,279 [INFO] MicroXplorer:468 - Change Database Path : 
2024-10-05 10:30:10,279 [INFO] MicroXplorer:498 - Change Database Version : DB.6.0.121
2024-10-05 10:30:10,279 [INFO] OpenFileManager:332 - Change cursor
2024-10-05 10:30:10,307 [INFO] Mcu:2032 - Initializing MCU STM32F411VETx STM32F411VETx STM32F411VET6
2024-10-05 10:30:10,968 [INFO] Context:742 - Trying to add GPIOservice into a context  which must be forbidden
2024-10-05 10:30:11,140 [INFO] ImportTextPane:205 - (OptionalMessage_ERROR) Unable to find key (Mcu.ThirdPartyNb) in loaded IOC file
2024-10-05 10:30:11,140 [INFO] ImportTextPane:205 - (OptionalMessage_ERROR) Unable to find key (Mcu.PinsNb) in loaded IOC file
2024-10-05 10:30:11,140 [INFO] ImportTextPane:205 - (OptionalMessage_ERROR) Unable to find key (Mcu.IPNb) in loaded IOC file
2024-10-05 10:30:11,183 [WARN] ModelIntegratedComponent:63 - No mode defined for component null
2024-10-05 10:30:11,183 [WARN] ModelIntegratedComponent:63 - No mode defined for component null
2024-10-05 10:30:11,183 [WARN] ModelIntegratedComponent:63 - No mode defined for component null
2024-10-05 10:30:11,183 [WARN] ModelIntegratedComponent:63 - No mode defined for component null
2024-10-05 10:30:11,183 [WARN] ModelIntegratedComponent:63 - No mode defined for component null
2024-10-05 10:30:11,183 [WARN] ModelIntegratedComponent:63 - No mode defined for component null
2024-10-05 10:30:11,183 [WARN] ModelIntegratedComponent:63 - No mode defined for component null
2024-10-05 10:30:11,183 [WARN] ModelIntegratedComponent:63 - No mode defined for component null
2024-10-05 10:30:11,183 [WARN] ModelIntegratedComponent:63 - No mode defined for component null
2024-10-05 10:30:11,183 [WARN] ModelIntegratedComponent:63 - No mode defined for component null
2024-10-05 10:30:11,183 [WARN] ModelIntegratedComponent:63 - No mode defined for component null
2024-10-05 10:30:11,183 [WARN] ModelIntegratedComponent:63 - No mode defined for component null
2024-10-05 10:30:11,183 [WARN] ModelIntegratedComponent:63 - No mode defined for component null
2024-10-05 10:30:11,183 [WARN] ModelIntegratedComponent:63 - No mode defined for component null
2024-10-05 10:30:11,183 [WARN] ModelIntegratedComponent:63 - No mode defined for component null
2024-10-05 10:30:11,184 [WARN] ModelIntegratedComponent:63 - No mode defined for component null
2024-10-05 10:30:11,184 [WARN] ModelIntegratedComponent:63 - No mode defined for component null
2024-10-05 10:30:11,184 [WARN] ModelIntegratedComponent:63 - No mode defined for component null
2024-10-05 10:30:11,184 [WARN] ModelIntegratedComponent:63 - No mode defined for component null
2024-10-05 10:30:11,184 [WARN] ModelIntegratedComponent:63 - No mode defined for component null
2024-10-05 10:30:11,184 [WARN] ModelIntegratedComponent:63 - No mode defined for component null
2024-10-05 10:30:11,184 [WARN] ModelIntegratedComponent:63 - No mode defined for component null
2024-10-05 10:30:11,184 [WARN] ModelIntegratedComponent:63 - No mode defined for component null
2024-10-05 10:30:11,184 [WARN] ModelIntegratedComponent:63 - No mode defined for component null
2024-10-05 10:30:11,184 [WARN] ModelIntegratedComponent:63 - No mode defined for component null
2024-10-05 10:30:11,184 [WARN] ModelIntegratedComponent:63 - No mode defined for component null
2024-10-05 10:30:11,184 [WARN] ModelIntegratedComponent:63 - No mode defined for component null
2024-10-05 10:30:11,184 [WARN] ModelIntegratedComponent:63 - No mode defined for component null
2024-10-05 10:30:11,184 [WARN] ModelIntegratedComponent:63 - No mode defined for component null
2024-10-05 10:30:11,184 [WARN] ModelIntegratedComponent:63 - No mode defined for component null
2024-10-05 10:30:11,184 [WARN] ModelIntegratedComponent:63 - No mode defined for component null
2024-10-05 10:30:11,184 [WARN] ModelIntegratedComponent:63 - No mode defined for component null
2024-10-05 10:30:11,184 [WARN] ModelIntegratedComponent:63 - No mode defined for component null
2024-10-05 10:30:11,184 [WARN] ModelIntegratedComponent:63 - No mode defined for component null
2024-10-05 10:30:11,184 [WARN] ModelIntegratedComponent:63 - No mode defined for component null
2024-10-05 10:30:11,184 [WARN] ModelPack:524 - Component already loaded: STMicroelectronics:HAL Drivers:0.0.0:STMicroelectronics:Device:STMicro_Driver:XSPI:HAL::0.0.1:HAL_XSPI
2024-10-05 10:30:11,197 [INFO] RtosManager:555 - Registered RTOS mode: class=CMSIS, group=RTOS, mode=CMSIS_V1, owner=FREERTOS
2024-10-05 10:30:11,197 [INFO] RtosManager:555 - Registered RTOS mode: class=CMSIS, group=RTOS2, mode=CMSIS_V2, owner=FREERTOS
2024-10-05 10:30:11,197 [INFO] RtosManager:555 - Registered RTOS mode: class=RTOS, group=Core, mode=CMSIS_V1, owner=FREERTOS
2024-10-05 10:30:11,197 [INFO] RtosManager:555 - Registered RTOS mode: class=RTOS, group=Core, mode=CMSIS_V2, owner=FREERTOS
2024-10-05 10:30:11,197 [WARN] ModelIntegratedComponent:184 - Missing modes for component STMicroelectronics:FreeRTOS:0.0.1:STMicroelectronics:RTOS:FreeRTOS:Core:::10.2.0:
2024-10-05 10:30:11,202 [WARN] ModelIntegratedComponent:182 - Modes not found for component STMicroelectronics:USB_DEVICE:1.0.0:STMicroelectronics:USB::USB Device:Audio HS::1.0:USB_DEVICE_1_0_RESTRICTED_HS
2024-10-05 10:30:11,202 [WARN] ModelIntegratedComponent:188 - Modes not found for component STMicroelectronics:USB_DEVICE:1.0.0:STMicroelectronics:USB::USB Device:Audio HS::1.0:USB_DEVICE_1_0_RESTRICTED_HS
2024-10-05 10:30:11,202 [WARN] ModelIntegratedComponent:182 - Modes not found for component STMicroelectronics:USB_DEVICE:1.0.0:STMicroelectronics:USB::USB Device:CDC HS::1.0:USB_DEVICE_1_0_RESTRICTED_HS
2024-10-05 10:30:11,202 [WARN] ModelIntegratedComponent:188 - Modes not found for component STMicroelectronics:USB_DEVICE:1.0.0:STMicroelectronics:USB::USB Device:CDC HS::1.0:USB_DEVICE_1_0_RESTRICTED_HS
2024-10-05 10:30:11,202 [WARN] ModelIntegratedComponent:182 - Modes not found for component STMicroelectronics:USB_DEVICE:1.0.0:STMicroelectronics:USB::USB Device:DFU HS::1.0:USB_DEVICE_1_0_RESTRICTED_HS
2024-10-05 10:30:11,202 [WARN] ModelIntegratedComponent:188 - Modes not found for component STMicroelectronics:USB_DEVICE:1.0.0:STMicroelectronics:USB::USB Device:DFU HS::1.0:USB_DEVICE_1_0_RESTRICTED_HS
2024-10-05 10:30:11,202 [WARN] ModelIntegratedComponent:182 - Modes not found for component STMicroelectronics:USB_DEVICE:1.0.0:STMicroelectronics:USB::USB Device:HID HS::1.0:USB_DEVICE_1_0_RESTRICTED_HS
2024-10-05 10:30:11,202 [WARN] ModelIntegratedComponent:188 - Modes not found for component STMicroelectronics:USB_DEVICE:1.0.0:STMicroelectronics:USB::USB Device:HID HS::1.0:USB_DEVICE_1_0_RESTRICTED_HS
2024-10-05 10:30:11,202 [WARN] ModelIntegratedComponent:182 - Modes not found for component STMicroelectronics:USB_DEVICE:1.0.0:STMicroelectronics:USB::USB Device:Custom HID HS::1.0:USB_DEVICE_1_0_RESTRICTED_HS
2024-10-05 10:30:11,202 [WARN] ModelIntegratedComponent:188 - Modes not found for component STMicroelectronics:USB_DEVICE:1.0.0:STMicroelectronics:USB::USB Device:Custom HID HS::1.0:USB_DEVICE_1_0_RESTRICTED_HS
2024-10-05 10:30:11,202 [WARN] ModelIntegratedComponent:182 - Modes not found for component STMicroelectronics:USB_DEVICE:1.0.0:STMicroelectronics:USB::USB Device:MSC HS::1.0:USB_DEVICE_1_0_RESTRICTED_HS
2024-10-05 10:30:11,202 [WARN] ModelIntegratedComponent:188 - Modes not found for component STMicroelectronics:USB_DEVICE:1.0.0:STMicroelectronics:USB::USB Device:MSC HS::1.0:USB_DEVICE_1_0_RESTRICTED_HS
2024-10-05 10:30:11,203 [WARN] ModelIntegratedComponent:182 - Modes not found for component STMicroelectronics:USB_HOST:1.0.0:STMicroelectronics:USB::USB Host:Audio HS::1.0:USB_HOST_1_0_RESTRICTED_HS
2024-10-05 10:30:11,203 [WARN] ModelIntegratedComponent:188 - Modes not found for component STMicroelectronics:USB_HOST:1.0.0:STMicroelectronics:USB::USB Host:Audio HS::1.0:USB_HOST_1_0_RESTRICTED_HS
2024-10-05 10:30:11,203 [WARN] ModelIntegratedComponent:182 - Modes not found for component STMicroelectronics:USB_HOST:1.0.0:STMicroelectronics:USB::USB Host:CDC HS::1.0:USB_HOST_1_0_RESTRICTED_HS
2024-10-05 10:30:11,203 [WARN] ModelIntegratedComponent:188 - Modes not found for component STMicroelectronics:USB_HOST:1.0.0:STMicroelectronics:USB::USB Host:CDC HS::1.0:USB_HOST_1_0_RESTRICTED_HS
2024-10-05 10:30:11,203 [WARN] ModelIntegratedComponent:182 - Modes not found for component STMicroelectronics:USB_HOST:1.0.0:STMicroelectronics:USB::USB Host:MSC HS::1.0:USB_HOST_1_0_RESTRICTED_HS
2024-10-05 10:30:11,203 [WARN] ModelIntegratedComponent:188 - Modes not found for component STMicroelectronics:USB_HOST:1.0.0:STMicroelectronics:USB::USB Host:MSC HS::1.0:USB_HOST_1_0_RESTRICTED_HS
2024-10-05 10:30:11,203 [WARN] ModelIntegratedComponent:182 - Modes not found for component STMicroelectronics:USB_HOST:1.0.0:STMicroelectronics:USB::USB Host:HID HS::1.0:USB_HOST_1_0_RESTRICTED_HS
2024-10-05 10:30:11,203 [WARN] ModelIntegratedComponent:188 - Modes not found for component STMicroelectronics:USB_HOST:1.0.0:STMicroelectronics:USB::USB Host:HID HS::1.0:USB_HOST_1_0_RESTRICTED_HS
2024-10-05 10:30:11,203 [WARN] ModelIntegratedComponent:182 - Modes not found for component STMicroelectronics:USB_HOST:1.0.0:STMicroelectronics:USB::USB Host:MTP HS::1.0:USB_HOST_1_0_RESTRICTED_HS
2024-10-05 10:30:11,203 [WARN] ModelIntegratedComponent:188 - Modes not found for component STMicroelectronics:USB_HOST:1.0.0:STMicroelectronics:USB::USB Host:MTP HS::1.0:USB_HOST_1_0_RESTRICTED_HS
2024-10-05 10:30:11,209 [INFO] ThirdPartyModel:298 - Start build external matchings
2024-10-05 10:30:11,212 [INFO] ThirdPartyModel:316 - End build external matchings
2024-10-05 10:30:11,372 [INFO] UtilMem:75 - End LoadConfig() Used Memory: 311974136 Bytes (548405248)
2024-10-05 10:30:11,383 [WARN] ThirdParty:833 - waiting for thirdparty lock release [change project]
2024-10-05 10:30:11,384 [INFO] ThirdParty:835 - entering critical section [change project]
2024-10-05 10:30:11,384 [INFO] ThirdParty:1030 - CMSIS Pack Vendor :STMicroelectronics USBPD 4.1
2024-10-05 10:30:11,384 [INFO] ThirdParty:1030 - CMSIS Pack Vendor :STMicroelectronics USB_HOST 2.0.0
2024-10-05 10:30:11,384 [INFO] ThirdParty:1030 - CMSIS Pack Vendor :STMicroelectronics LIBJPEG 8.0.0
2024-10-05 10:30:11,384 [INFO] ThirdParty:1030 - CMSIS Pack Vendor :STMicroelectronics USB_DEVICE 3.0.0
2024-10-05 10:30:11,385 [INFO] ThirdParty:1030 - CMSIS Pack Vendor :STMicroelectronics HAL Drivers 0.0.0
2024-10-05 10:30:11,385 [INFO] ThirdParty:1030 - CMSIS Pack Vendor :STMicroelectronics MBEDTLS 2.16.2
2024-10-05 10:30:11,385 [INFO] ThirdParty:1030 - CMSIS Pack Vendor :emotas I-CUBE-CANOPEN 1.3.0
2024-10-05 10:30:11,385 [INFO] ThirdParty:1030 - CMSIS Pack Vendor :STMicroelectronics MBEDTLS 2.14.1
2024-10-05 10:30:11,385 [INFO] ThirdParty:1030 - CMSIS Pack Vendor :ITTIA_DB I-CUBE-ITTIADB 8.9.0
2024-10-05 10:30:11,385 [INFO] ThirdParty:1030 - CMSIS Pack Vendor :portGmbH I-Cube-SoM-uGOAL 1.1.0
2024-10-05 10:30:11,385 [INFO] ThirdParty:1030 - CMSIS Pack Vendor :STMicroelectronics USB_DEVICE 2.0.0
2024-10-05 10:30:11,385 [INFO] ThirdParty:1030 - CMSIS Pack Vendor :STMicroelectronics ThreadX 1.0.0
2024-10-05 10:30:11,385 [INFO] ThirdParty:1030 - CMSIS Pack Vendor :SEGGER I-CUBE-embOS 1.3.1
2024-10-05 10:30:11,385 [INFO] ThirdParty:1030 - CMSIS Pack Vendor :STMicroelectronics FreeRTOS 0.0.1
2024-10-05 10:30:11,385 [INFO] ThirdParty:1030 - CMSIS Pack Vendor :STMicroelectronics USB_DEVICE 1.0.0
2024-10-05 10:30:11,385 [INFO] ThirdParty:1030 - CMSIS Pack Vendor :STMicroelectronics STM32_WPAN 1.0.0
2024-10-05 10:30:11,385 [INFO] ThirdParty:1030 - CMSIS Pack Vendor :STMicroelectronics ThreadX 0.0.2
2024-10-05 10:30:11,385 [INFO] ThirdParty:1030 - CMSIS Pack Vendor :EmbeddedOffice I-CUBE-FS-RTOS 1.0.1
2024-10-05 10:30:11,385 [INFO] ThirdParty:1030 - CMSIS Pack Vendor :STMicroelectronics lwIP 2.0.3
2024-10-05 10:30:11,385 [INFO] ThirdParty:1030 - CMSIS Pack Vendor :STMicroelectronics lwIP 2.1.2
2024-10-05 10:30:11,385 [INFO] ThirdParty:1030 - CMSIS Pack Vendor :Cesanta I-CUBE-Mongoose 7.13.0
2024-10-05 10:30:11,385 [INFO] ThirdParty:1030 - CMSIS Pack Vendor :STMicroelectronics USB_HOST 1.0.0
2024-10-05 10:30:11,385 [INFO] ThirdParty:1030 - CMSIS Pack Vendor :Infineon AIROC-Wi-Fi-Bluetooth-STM32 1.6.1
2024-10-05 10:30:11,385 [INFO] ThirdParty:1030 - CMSIS Pack Vendor :STMicroelectronics PDM2PCM 3.1.0
2024-10-05 10:30:11,385 [INFO] ThirdParty:1030 - CMSIS Pack Vendor :STMicroelectronics PDM2PCM 3.2.0
2024-10-05 10:30:11,385 [INFO] ThirdParty:1030 - CMSIS Pack Vendor :STMicroelectronics PDM2PCM 3.3.0
2024-10-05 10:30:11,385 [INFO] ThirdParty:841 - exiting critical section [change project]
2024-10-05 10:30:11,541 [INFO] PinOutPanel:1561 - setPackage(No Configuration,No Configuration)
2024-10-05 10:30:11,541 [INFO] PinOutPanel:1561 - setPackage(STM32F411VETx,LQFP100)
2024-10-05 10:30:11,806 [INFO] UtilMem:75 - Before build in PCC Used Memory: 244612560 Bytes (548405248)
2024-10-05 10:30:12,403 [INFO] UtilMem:75 - After build in PCC Used Memory: 306478544 Bytes (548405248)
2024-10-05 10:30:12,418 [INFO] IPUIPlugin:80 - create IPUIPlugin
2024-10-05 10:30:12,419 [INFO] IPUIPlugin:80 - create IPUIPlugin
2024-10-05 10:30:12,419 [INFO] IPUIPlugin:80 - create IPUIPlugin
2024-10-05 10:30:12,419 [INFO] IPUIPlugin:80 - create IPUIPlugin
2024-10-05 10:30:12,419 [INFO] IPUIPlugin:80 - create IPUIPlugin
2024-10-05 10:30:12,419 [INFO] IPUIPlugin:80 - create IPUIPlugin
2024-10-05 10:30:12,419 [INFO] IPUIPlugin:80 - create IPUIPlugin
2024-10-05 10:30:12,419 [INFO] IPUIPlugin:80 - create IPUIPlugin
2024-10-05 10:30:12,419 [INFO] IPUIPlugin:80 - create IPUIPlugin
2024-10-05 10:30:12,419 [INFO] IPUIPlugin:80 - create IPUIPlugin
2024-10-05 10:30:12,419 [INFO] IPUIPlugin:80 - create IPUIPlugin
2024-10-05 10:30:12,419 [INFO] IPUIPlugin:80 - create IPUIPlugin
2024-10-05 10:30:12,419 [INFO] IPUIPlugin:80 - create IPUIPlugin
2024-10-05 10:30:12,419 [INFO] IPUIPlugin:80 - create IPUIPlugin
2024-10-05 10:30:12,419 [INFO] IPUIPlugin:80 - create IPUIPlugin
2024-10-05 10:30:12,419 [INFO] IPUIPlugin:80 - create IPUIPlugin
2024-10-05 10:30:12,419 [INFO] IPUIPlugin:80 - create IPUIPlugin
2024-10-05 10:30:12,419 [INFO] IPUIPlugin:80 - create IPUIPlugin
2024-10-05 10:30:12,420 [INFO] IPUIPlugin:80 - create IPUIPlugin
2024-10-05 10:30:12,420 [INFO] IPUIPlugin:80 - create IPUIPlugin
2024-10-05 10:30:12,420 [INFO] IPUIPlugin:80 - create IPUIPlugin
2024-10-05 10:30:12,420 [INFO] IPUIPlugin:80 - create IPUIPlugin
2024-10-05 10:30:12,420 [INFO] IPUIPlugin:80 - create IPUIPlugin
2024-10-05 10:30:12,420 [INFO] IPUIPlugin:80 - create IPUIPlugin
2024-10-05 10:30:12,420 [INFO] IPUIPlugin:80 - create IPUIPlugin
2024-10-05 10:30:12,420 [INFO] IPUIPlugin:80 - create IPUIPlugin
2024-10-05 10:30:12,420 [INFO] IPUIPlugin:80 - create IPUIPlugin
2024-10-05 10:30:12,420 [INFO] IPUIPlugin:80 - create IPUIPlugin
2024-10-05 10:30:12,420 [INFO] IPUIPlugin:80 - create IPUIPlugin
2024-10-05 10:30:12,421 [INFO] IPUIPlugin:80 - create IPUIPlugin
2024-10-05 10:30:12,421 [INFO] IPUIPlugin:80 - create IPUIPlugin
2024-10-05 10:30:12,421 [INFO] IPUIPlugin:80 - create IPUIPlugin
2024-10-05 10:30:12,421 [INFO] IPUIPlugin:80 - create IPUIPlugin
2024-10-05 10:30:12,421 [INFO] IPUIPlugin:80 - create IPUIPlugin
2024-10-05 10:30:12,421 [INFO] IPUIPlugin:80 - create IPUIPlugin
2024-10-05 10:30:12,421 [INFO] IPUIPlugin:80 - create IPUIPlugin
2024-10-05 10:30:12,421 [INFO] IPUIPlugin:80 - create IPUIPlugin
2024-10-05 10:30:12,421 [INFO] IPUIPlugin:80 - create IPUIPlugin
2024-10-05 10:30:12,422 [INFO] IPUIPlugin:80 - create IPUIPlugin
2024-10-05 10:30:12,422 [INFO] IPUIPlugin:80 - create IPUIPlugin
2024-10-05 10:30:12,422 [INFO] IPUIPlugin:80 - create IPUIPlugin
2024-10-05 10:30:12,422 [INFO] IPUIPlugin:80 - create IPUIPlugin
2024-10-05 10:30:12,422 [INFO] IPUIPlugin:80 - create IPUIPlugin
2024-10-05 10:30:12,535 [INFO] ApiDbMcu:508 - Load IP Config File for PDM2PCM
2024-10-05 10:30:12,660 [INFO] CADModel:165 - CPN selected for project levelSTM32F411VET6
2024-10-05 10:30:12,660 [INFO] CADModel:114 - Register for checkConnection events
2024-10-05 10:30:12,701 [INFO] OpenFileManager:363 - Restore cursor
2024-10-05 10:30:13,109 [INFO] UtilMem:75 - End SaveConfig() Used Memory: 409241040 Bytes (548405248)
2024-10-05 10:30:13,135 [INFO] UtilMem:75 - End SaveConfig() Used Memory: 425683824 Bytes (548405248)
2024-10-05 10:30:13,379 [INFO] BlockDiagram:2766 - set Specific Code input for plugin: NVIC
2024-10-05 10:30:13,380 [INFO] BlockDiagram:2766 - set Specific Code input for plugin: RCC
2024-10-05 10:30:13,380 [INFO] CodeGenerator:807 - code generatio: config db path: C:\ST\STM32CubeIDE_1.16.1\STM32CubeIDE\plugins\com.st.stm32cube.common.mx_6.12.1.202409122256\\db\
2024-10-05 10:30:13,476 [INFO] CodeEngine:255 - oldGeneratedFile, D:\sbzrgn\My-STM32F411ve_Discovery\STM32F411Discovery_LowPower_Sleep_StandbyModes\LowPower_Sleep_StandbyModes\MXTmpFiles\license.tmp_save
2024-10-05 10:30:13,669 [INFO] CodeEngine:279 - Generated code: D:\sbzrgn\My-STM32F411ve_Discovery\STM32F411Discovery_LowPower_Sleep_StandbyModes\LowPower_Sleep_StandbyModes\MXTmpFiles\license.tmp
2024-10-05 10:30:13,680 [INFO] CodeEngine:255 - oldGeneratedFile, D:\sbzrgn\My-STM32F411ve_Discovery\STM32F411Discovery_LowPower_Sleep_StandbyModes\LowPower_Sleep_StandbyModes\Core\Src\stm32f4xx_it.c_save
2024-10-05 10:30:13,765 [INFO] CodeEngine:279 - Generated code: D:\sbzrgn\My-STM32F411ve_Discovery\STM32F411Discovery_LowPower_Sleep_StandbyModes\LowPower_Sleep_StandbyModes\Core\Src\stm32f4xx_it.c
2024-10-05 10:30:13,767 [INFO] CodeEngine:255 - oldGeneratedFile, D:\sbzrgn\My-STM32F411ve_Discovery\STM32F411Discovery_LowPower_Sleep_StandbyModes\LowPower_Sleep_StandbyModes\Core\Inc\stm32f4xx_it.h_save
2024-10-05 10:30:13,818 [INFO] CodeEngine:279 - Generated code: D:\sbzrgn\My-STM32F411ve_Discovery\STM32F411Discovery_LowPower_Sleep_StandbyModes\LowPower_Sleep_StandbyModes\Core\Inc\stm32f4xx_it.h
2024-10-05 10:30:13,867 [INFO] CodeEngine:255 - oldGeneratedFile, D:\sbzrgn\My-STM32F411ve_Discovery\STM32F411Discovery_LowPower_Sleep_StandbyModes\LowPower_Sleep_StandbyModes\Core\Src\stm32f4xx_hal_msp.c_save
2024-10-05 10:30:13,948 [INFO] CodeEngine:279 - Generated code: D:\sbzrgn\My-STM32F411ve_Discovery\STM32F411Discovery_LowPower_Sleep_StandbyModes\LowPower_Sleep_StandbyModes\Core\Src\stm32f4xx_hal_msp.c
2024-10-05 10:30:13,951 [INFO] CodeEngine:255 - oldGeneratedFile, D:\sbzrgn\My-STM32F411ve_Discovery\STM32F411Discovery_LowPower_Sleep_StandbyModes\LowPower_Sleep_StandbyModes\MXTmpFiles\system.tmp_save
2024-10-05 10:30:13,989 [INFO] CodeEngine:279 - Generated code: D:\sbzrgn\My-STM32F411ve_Discovery\STM32F411Discovery_LowPower_Sleep_StandbyModes\LowPower_Sleep_StandbyModes\MXTmpFiles\system.tmp
2024-10-05 10:30:13,997 [INFO] CodeEngine:311 - oldGeneratedFile, D:\sbzrgn\My-STM32F411ve_Discovery\STM32F411Discovery_LowPower_Sleep_StandbyModes\LowPower_Sleep_StandbyModes\Core\Inc\stm32f4xx_hal_conf.h_save
2024-10-05 10:30:14,049 [INFO] CodeEngine:335 - Generated code: D:\sbzrgn\My-STM32F411ve_Discovery\STM32F411Discovery_LowPower_Sleep_StandbyModes\LowPower_Sleep_StandbyModes\Core\Inc\stm32f4xx_hal_conf.h
2024-10-05 10:30:14,081 [INFO] CodeEngine:255 - oldGeneratedFile, D:\sbzrgn\My-STM32F411ve_Discovery\STM32F411Discovery_LowPower_Sleep_StandbyModes\LowPower_Sleep_StandbyModes\Core\Inc\main.h_save
2024-10-05 10:30:14,138 [INFO] CodeEngine:279 - Generated code: D:\sbzrgn\My-STM32F411ve_Discovery\STM32F411Discovery_LowPower_Sleep_StandbyModes\LowPower_Sleep_StandbyModes\Core\Inc\main.h
2024-10-05 10:30:14,142 [INFO] CodeEngine:255 - oldGeneratedFile, D:\sbzrgn\My-STM32F411ve_Discovery\STM32F411Discovery_LowPower_Sleep_StandbyModes\LowPower_Sleep_StandbyModes\Core\Src\main.c_save
2024-10-05 10:30:14,227 [INFO] CodeEngine:279 - Generated code: D:\sbzrgn\My-STM32F411ve_Discovery\STM32F411Discovery_LowPower_Sleep_StandbyModes\LowPower_Sleep_StandbyModes\Core\Src\main.c
2024-10-05 10:30:14,453 [INFO] ProjectBuilder:3249 - Time for Copy HAL[1] : 102mS.
2024-10-05 10:30:14,457 [INFO] ProjectBuilder:4828 - Project Generator version: 4.5.0-B34
2024-10-05 10:30:14,500 [INFO] ConfigFileManager:1531 - The Die is : DIE431
2024-10-05 10:30:14,508 [INFO] ApiDbMcu:508 - Load IP Config File for FATFS
2024-10-05 10:30:14,512 [INFO] ApiDbMcu:508 - Load IP Config File for FREERTOS
2024-10-05 10:30:14,515 [INFO] ApiDbMcu:508 - Load IP Config File for LIBJPEG
2024-10-05 10:30:14,520 [INFO] ApiDbMcu:508 - Load IP Config File for MBEDTLS
2024-10-05 10:30:14,526 [INFO] ApiDbMcu:508 - Load IP Config File for USB_DEVICE
2024-10-05 10:30:14,529 [INFO] ApiDbMcu:508 - Load IP Config File for USB_HOST
2024-10-05 10:30:14,720 [INFO] LogOutputStream:77 - [STDOUT_REDIRECT] 
2024-10-05 10:30:16,302 [INFO] ProjectBuilder:5097 - Time for Generating toolchain IDE Files: 1845mS.
2024-10-05 10:30:16,303 [INFO] ProjectBuilder:3107 - Time for Copy CMSIS : 0mS.
2024-10-05 10:30:16,304 [INFO] ProjectBuilder:3107 - Time for Copy CMSIS : 0mS.
2024-10-05 10:30:16,672 [INFO] McuFinderGlobals:76 - Set McuFinderConnectedMode to true
2024-10-05 10:30:16,674 [INFO] ApiDb:448 - Save user favorites file C:\Users\s.bazargan.TOSANTECHNO/.stm32cubeide/favorites.mcus.txt: 0 item(s)
2024-10-05 10:30:16,674 [INFO] ApiDb:452 - User favorites MCUs=[]
2024-10-05 10:30:18,207 [ERROR] ConfigurationRetriever:142 - IOException on connection: Connect timed out
2024-10-05 10:30:18,504 [ERROR] ConfigurationRetriever:142 - IOException on connection: Connect timed out
2024-10-05 10:30:20,505 [ERROR] ConfigurationRetriever:142 - IOException on connection: Connect timed out
2024-10-05 10:30:22,508 [ERROR] ConfigurationRetriever:142 - IOException on connection: Connect timed out
2024-10-05 10:30:23,210 [ERROR] ConfigurationRetriever:142 - IOException on connection: Connect timed out
2024-10-05 10:30:28,212 [ERROR] ConfigurationRetriever:142 - IOException on connection: Connect timed out
2024-10-05 10:36:12,484 [INFO] DmaTabbedPanel:205 - Cannot restore the selected Tab for DMA
2024-10-05 10:36:12,969 [INFO] Gpio:277 - dependency for GPIO [RCC, SYS]
2024-10-05 10:36:15,796 [INFO] NvicIntPanel:101 - NVIC parent = com.st.microxplorer.plugins.ip.nvic.MultiNvicIntPanel[,2,28,430x687,layout=javax.swing.BoxLayout,alignmentX=0.0,alignmentY=0.0,border=,flags=9,maximumSize=,minimumSize=,preferredSize=]
2024-10-05 10:36:16,622 [INFO] Gpio:277 - dependency for GPIO [RCC, SYS]
2024-10-05 10:37:13,572 [INFO] Gpio:277 - dependency for GPIO [RCC, SYS]
2024-10-05 10:37:14,409 [INFO] Gpio:277 - dependency for GPIO [RCC, SYS]
2024-10-05 10:37:17,488 [INFO] Gpio:277 - dependency for GPIO [RCC, SYS]
2024-10-05 10:37:38,643 [INFO] Gpio:277 - dependency for GPIO [RCC, SYS]
2024-10-05 10:37:38,659 [INFO] NvicIntPanel:101 - NVIC parent = com.st.microxplorer.plugins.ip.nvic.MultiNvicIntPanel[,0,0,0x0,invalid,layout=javax.swing.BoxLayout,alignmentX=0.0,alignmentY=0.0,border=,flags=9,maximumSize=,minimumSize=,preferredSize=]
2024-10-05 10:38:18,187 [INFO] UtilMem:75 - End SaveConfig() Used Memory: 297733720 Bytes (705691648)
2024-10-05 10:38:21,111 [INFO] UtilMem:75 - End SaveConfig() Used Memory: 320759104 Bytes (705691648)
2024-10-05 10:38:21,178 [INFO] UtilMem:75 - End SaveConfig() Used Memory: 342803832 Bytes (705691648)
2024-10-05 10:38:21,239 [INFO] BlockDiagram:2766 - set Specific Code input for plugin: NVIC
2024-10-05 10:38:21,239 [INFO] BlockDiagram:2766 - set Specific Code input for plugin: SYS
2024-10-05 10:38:21,239 [INFO] BlockDiagram:2766 - set Specific Code input for plugin: GPIO
2024-10-05 10:38:21,239 [INFO] BlockDiagram:2766 - set Specific Code input for plugin: RCC
2024-10-05 10:38:21,240 [INFO] CodeGenerator:807 - code generatio: config db path: C:\ST\STM32CubeIDE_1.16.1\STM32CubeIDE\plugins\com.st.stm32cube.common.mx_6.12.1.202409122256\\db\
2024-10-05 10:38:21,269 [INFO] CodeEngine:255 - oldGeneratedFile, D:\sbzrgn\My-STM32F411ve_Discovery\STM32F411Discovery_LowPower_Sleep_StandbyModes\LowPower_Sleep_StandbyModes\MXTmpFiles\license.tmp_save
2024-10-05 10:38:21,299 [INFO] CodeEngine:279 - Generated code: D:\sbzrgn\My-STM32F411ve_Discovery\STM32F411Discovery_LowPower_Sleep_StandbyModes\LowPower_Sleep_StandbyModes\MXTmpFiles\license.tmp
2024-10-05 10:38:21,315 [INFO] CodeEngine:255 - oldGeneratedFile, D:\sbzrgn\My-STM32F411ve_Discovery\STM32F411Discovery_LowPower_Sleep_StandbyModes\LowPower_Sleep_StandbyModes\MXTmpFiles\gpio.tmp_save
2024-10-05 10:38:21,355 [INFO] CodeEngine:279 - Generated code: D:\sbzrgn\My-STM32F411ve_Discovery\STM32F411Discovery_LowPower_Sleep_StandbyModes\LowPower_Sleep_StandbyModes\MXTmpFiles\gpio.tmp
2024-10-05 10:38:21,366 [INFO] CodeEngine:255 - oldGeneratedFile, D:\sbzrgn\My-STM32F411ve_Discovery\STM32F411Discovery_LowPower_Sleep_StandbyModes\LowPower_Sleep_StandbyModes\Core\Src\stm32f4xx_it.c_save
2024-10-05 10:38:21,412 [INFO] CodeEngine:279 - Generated code: D:\sbzrgn\My-STM32F411ve_Discovery\STM32F411Discovery_LowPower_Sleep_StandbyModes\LowPower_Sleep_StandbyModes\Core\Src\stm32f4xx_it.c
2024-10-05 10:38:21,416 [INFO] CodeEngine:255 - oldGeneratedFile, D:\sbzrgn\My-STM32F411ve_Discovery\STM32F411Discovery_LowPower_Sleep_StandbyModes\LowPower_Sleep_StandbyModes\Core\Inc\stm32f4xx_it.h_save
2024-10-05 10:38:21,451 [INFO] CodeEngine:279 - Generated code: D:\sbzrgn\My-STM32F411ve_Discovery\STM32F411Discovery_LowPower_Sleep_StandbyModes\LowPower_Sleep_StandbyModes\Core\Inc\stm32f4xx_it.h
2024-10-05 10:38:21,458 [INFO] CodeEngine:255 - oldGeneratedFile, D:\sbzrgn\My-STM32F411ve_Discovery\STM32F411Discovery_LowPower_Sleep_StandbyModes\LowPower_Sleep_StandbyModes\Core\Src\stm32f4xx_hal_msp.c_save
2024-10-05 10:38:21,502 [INFO] CodeEngine:279 - Generated code: D:\sbzrgn\My-STM32F411ve_Discovery\STM32F411Discovery_LowPower_Sleep_StandbyModes\LowPower_Sleep_StandbyModes\Core\Src\stm32f4xx_hal_msp.c
2024-10-05 10:38:21,504 [INFO] CodeEngine:255 - oldGeneratedFile, D:\sbzrgn\My-STM32F411ve_Discovery\STM32F411Discovery_LowPower_Sleep_StandbyModes\LowPower_Sleep_StandbyModes\MXTmpFiles\system.tmp_save
2024-10-05 10:38:21,532 [INFO] CodeEngine:279 - Generated code: D:\sbzrgn\My-STM32F411ve_Discovery\STM32F411Discovery_LowPower_Sleep_StandbyModes\LowPower_Sleep_StandbyModes\MXTmpFiles\system.tmp
2024-10-05 10:38:21,537 [INFO] CodeEngine:311 - oldGeneratedFile, D:\sbzrgn\My-STM32F411ve_Discovery\STM32F411Discovery_LowPower_Sleep_StandbyModes\LowPower_Sleep_StandbyModes\Core\Inc\stm32f4xx_hal_conf.h_save
2024-10-05 10:38:21,573 [INFO] CodeEngine:335 - Generated code: D:\sbzrgn\My-STM32F411ve_Discovery\STM32F411Discovery_LowPower_Sleep_StandbyModes\LowPower_Sleep_StandbyModes\Core\Inc\stm32f4xx_hal_conf.h
2024-10-05 10:38:21,589 [INFO] CodeEngine:255 - oldGeneratedFile, D:\sbzrgn\My-STM32F411ve_Discovery\STM32F411Discovery_LowPower_Sleep_StandbyModes\LowPower_Sleep_StandbyModes\Core\Inc\main.h_save
2024-10-05 10:38:21,621 [INFO] CodeEngine:279 - Generated code: D:\sbzrgn\My-STM32F411ve_Discovery\STM32F411Discovery_LowPower_Sleep_StandbyModes\LowPower_Sleep_StandbyModes\Core\Inc\main.h
2024-10-05 10:38:21,625 [INFO] CodeEngine:255 - oldGeneratedFile, D:\sbzrgn\My-STM32F411ve_Discovery\STM32F411Discovery_LowPower_Sleep_StandbyModes\LowPower_Sleep_StandbyModes\Core\Src\main.c_save
2024-10-05 10:38:21,672 [INFO] CodeEngine:279 - Generated code: D:\sbzrgn\My-STM32F411ve_Discovery\STM32F411Discovery_LowPower_Sleep_StandbyModes\LowPower_Sleep_StandbyModes\Core\Src\main.c
2024-10-05 10:38:21,825 [INFO] ProjectBuilder:3249 - Time for Copy HAL[1] : 86mS.
2024-10-05 10:38:21,826 [INFO] ProjectBuilder:4828 - Project Generator version: 4.5.0-B34
2024-10-05 10:38:21,858 [INFO] ConfigFileManager:1531 - The Die is : DIE431
2024-10-05 10:38:22,269 [INFO] ProjectBuilder:5097 - Time for Generating toolchain IDE Files: 443mS.
2024-10-05 10:38:22,269 [INFO] ProjectBuilder:3107 - Time for Copy CMSIS : 0mS.
2024-10-05 10:38:22,270 [INFO] ProjectBuilder:3107 - Time for Copy CMSIS : 0mS.
2024-10-05 10:41:36,742 [INFO] Activator:176 - 


2024-10-05 10:41:36,743 [INFO] Activator:177 - !SESSION log4j initialized
2024-10-05 10:41:39,693 [INFO] LogOutputStream:77 - [STDOUT_REDIRECT] 
