2024-11-24 18:45:44,523 [INFO] Activator:176 - 


2024-11-24 18:45:44,527 [INFO] Activator:177 - !SESSION log4j initialized
2024-11-24 18:45:51,072 [INFO] LogOutputStream:77 - [STDOUT_REDIRECT] 
2024-11-24 18:46:31,724 [INFO] ApplicationProperties:184 - Using Application install path: C:\ST\STM32CubeIDE_1.16.1\STM32CubeIDE\plugins\com.st.stm32cube.common.mx_6.12.1.202409122256
2024-11-24 18:46:31,754 [INFO] DbMcusXml:78 - Set database path to: C:\ST\STM32CubeIDE_1.16.1\STM32CubeIDE\plugins\com.st.stm32cube.common.mx_6.12.1.202409122256\\db\/mcu/
2024-11-24 18:46:31,755 [INFO] ApiDb:274 - Set plugin database path to: C:\ST\STM32CubeIDE_1.16.1\STM32CubeIDE\plugins\com.st.stm32cube.common.mx_6.12.1.202409122256\\db\/plugins/boardmanager/
2024-11-24 18:46:31,756 [WARN] ApiDb:259 - Overriding images path with different value:  => C:\ST\STM32CubeIDE_1.16.1\STM32CubeIDE\plugins\com.st.stm32cube.common.mx_6.12.1.202409122256\\db\/plugins/mcufinder/images/
2024-11-24 18:46:31,766 [INFO] ApiDb:250 - Set database path to: C:\Users\Bazar\.stmcufinder\plugins\mcufinder//mcu/
2024-11-24 18:46:31,767 [INFO] DbMcusAds:125 - Set database path to: C:\Users\Bazar\.stmcufinder\plugins\mcufinder//mcu/
2024-11-24 18:46:31,792 [INFO] CrossReferenceDbSqlite:203 - Set database path to: C:\Users\Bazar\.stmcufinder\plugins\mcufinder//mcu/cs/
2024-11-24 18:46:31,972 [INFO] RulesReader:64 - Compatibility file has been processed (297 Rules)
2024-11-24 18:46:32,110 [INFO] DbMcusXml:78 - Set database path to: C:\ST\STM32CubeIDE_1.16.1\STM32CubeIDE\plugins\com.st.stm32cube.common.mx_6.12.1.202409122256\\db\/mcu/
2024-11-24 18:46:32,110 [INFO] ApiDb:274 - Set plugin database path to: C:\ST\STM32CubeIDE_1.16.1\STM32CubeIDE\plugins\com.st.stm32cube.common.mx_6.12.1.202409122256\\db\/plugins/boardmanager/
2024-11-24 18:46:32,110 [INFO] ApiDb:261 - Set plugin images path to: C:\ST\STM32CubeIDE_1.16.1\STM32CubeIDE\plugins\com.st.stm32cube.common.mx_6.12.1.202409122256\\db\/plugins/mcufinder/images/
2024-11-24 18:46:32,111 [WARN] DbFile:41 - Overriding database path with different value: C:\Users\Bazar\.stmcufinder\plugins\mcufinder/ => C:\Users\Bazar\.stmcufinder\plugins\mcufinder
2024-11-24 18:46:32,111 [INFO] ApiDb:250 - Set database path to: C:\Users\Bazar\.stmcufinder\plugins\mcufinder//mcu/
2024-11-24 18:46:32,112 [WARN] DbFile:41 - Overriding database path with different value: C:\Users\Bazar\.stmcufinder\plugins\mcufinder/ => C:\Users\Bazar\.stmcufinder\plugins\mcufinder
2024-11-24 18:46:32,112 [INFO] DbMcusAds:125 - Set database path to: C:\Users\Bazar\.stmcufinder\plugins\mcufinder//mcu/
2024-11-24 18:46:32,112 [WARN] DbFile:41 - Overriding database path with different value: C:\Users\Bazar\.stmcufinder\plugins\mcufinder/ => C:\Users\Bazar\.stmcufinder\plugins\mcufinder
2024-11-24 18:46:32,112 [WARN] DbFile:41 - Overriding database path with different value: C:\Users\Bazar\.stmcufinder\plugins\mcufinder/ => C:\Users\Bazar\.stmcufinder\plugins\mcufinder
2024-11-24 18:46:32,112 [INFO] CrossReferenceDbSqlite:203 - Set database path to: C:\Users\Bazar\.stmcufinder\plugins\mcufinder//mcu/cs/
2024-11-24 18:46:32,248 [INFO] MainPanel:268 - HeapMemory: 268435456
2024-11-24 18:46:32,397 [INFO] DbMcusXml:78 - Set database path to: C:\ST\STM32CubeIDE_1.16.1\STM32CubeIDE\plugins\com.st.stm32cube.common.mx_6.12.1.202409122256\\db\/mcu/
2024-11-24 18:46:32,397 [INFO] ApiDb:274 - Set plugin database path to: C:\ST\STM32CubeIDE_1.16.1\STM32CubeIDE\plugins\com.st.stm32cube.common.mx_6.12.1.202409122256\\db\/plugins/boardmanager/
2024-11-24 18:46:32,397 [INFO] ApiDb:261 - Set plugin images path to: C:\ST\STM32CubeIDE_1.16.1\STM32CubeIDE\plugins\com.st.stm32cube.common.mx_6.12.1.202409122256\\db\/plugins/mcufinder/images/
2024-11-24 18:46:32,397 [WARN] DbFile:41 - Overriding database path with different value: C:\Users\Bazar\.stmcufinder\plugins\mcufinder/ => C:\Users\Bazar\.stmcufinder\plugins\mcufinder
2024-11-24 18:46:32,398 [INFO] ApiDb:250 - Set database path to: C:\Users\Bazar\.stmcufinder\plugins\mcufinder//mcu/
2024-11-24 18:46:32,398 [WARN] DbFile:41 - Overriding database path with different value: C:\Users\Bazar\.stmcufinder\plugins\mcufinder/ => C:\Users\Bazar\.stmcufinder\plugins\mcufinder
2024-11-24 18:46:32,398 [INFO] DbMcusAds:125 - Set database path to: C:\Users\Bazar\.stmcufinder\plugins\mcufinder//mcu/
2024-11-24 18:46:32,399 [WARN] DbFile:41 - Overriding database path with different value: C:\Users\Bazar\.stmcufinder\plugins\mcufinder/ => C:\Users\Bazar\.stmcufinder\plugins\mcufinder
2024-11-24 18:46:32,399 [WARN] DbFile:41 - Overriding database path with different value: C:\Users\Bazar\.stmcufinder\plugins\mcufinder/ => C:\Users\Bazar\.stmcufinder\plugins\mcufinder
2024-11-24 18:46:32,399 [INFO] CrossReferenceDbSqlite:203 - Set database path to: C:\Users\Bazar\.stmcufinder\plugins\mcufinder//mcu/cs/
2024-11-24 18:46:32,423 [INFO] ApplicationProperties:184 - Using Application install path: C:\ST\STM32CubeIDE_1.16.1\STM32CubeIDE\plugins\com.st.stm32cube.common.mx_6.12.1.202409122256
2024-11-24 18:46:32,426 [INFO] PluginManage:196 - Search for loadable plugins [exclusion list=, ]
2024-11-24 18:46:32,428 [INFO] PluginManage:310 - Check plugin analytics
2024-11-24 18:46:32,736 [INFO] AnalyticsPlugin:253 - Accepted Software Licenses: 
2024-11-24 18:46:32,736 [INFO] AnalyticsPlugin:255 - Accepted CMSIS Pack Licenses: 
2024-11-24 18:46:32,736 [INFO] AnalyticsPlugin:257 - Accepted Firmware Licenses: FW.F4.1.27.0
2024-11-24 18:46:32,740 [INFO] PluginManage:359 - Loaded plugin analytics (category:tool,tabindex:-1)
2024-11-24 18:46:32,741 [INFO] PluginManage:310 - Check plugin cadmodel
2024-11-24 18:46:32,774 [INFO] CADModel:105 - Init CAD model plugin
2024-11-24 18:46:32,774 [INFO] PluginManage:359 - Loaded plugin cadmodel (category:power,tabindex:5)
2024-11-24 18:46:32,774 [INFO] PluginManage:310 - Check plugin clock
2024-11-24 18:46:32,812 [INFO] PluginManage:359 - Loaded plugin clock (category:base,tabindex:2)
2024-11-24 18:46:32,812 [INFO] PluginManage:310 - Check plugin ddr
2024-11-24 18:46:32,820 [INFO] PluginManage:359 - Loaded plugin ddr (category:tool,tabindex:6)
2024-11-24 18:46:32,820 [INFO] PluginManage:310 - Check plugin filemanager
2024-11-24 18:46:33,072 [INFO] PluginManage:359 - Loaded plugin filemanager (category:base,tabindex:10)
2024-11-24 18:46:33,073 [INFO] PluginManage:310 - Check plugin ipmanager
2024-11-24 18:46:33,085 [INFO] PluginManage:359 - Loaded plugin ipmanager (category:base,tabindex:5)
2024-11-24 18:46:33,086 [INFO] PluginManage:310 - Check plugin lpbam
2024-11-24 18:46:33,118 [INFO] PluginManage:359 - Loaded plugin lpbam (category:base,tabindex:0)
2024-11-24 18:46:33,118 [INFO] PluginManage:310 - Check plugin memorymap
2024-11-24 18:46:33,151 [INFO] PluginManage:359 - Loaded plugin memorymap (category:base,tabindex:4)
2024-11-24 18:46:33,151 [INFO] PluginManage:310 - Check plugin pinoutandconfiguration
2024-11-24 18:46:33,174 [INFO] PluginManage:359 - Loaded plugin pinoutandconfiguration (category:base,tabindex:1)
2024-11-24 18:46:33,174 [INFO] PluginManage:310 - Check plugin pinoutconfig
2024-11-24 18:46:33,422 [WARN] SupportedApi:132 - Cannot load RTOS API schema: s4s-elt-must-match.1: The content of 'definitions' must match (annotation?, (simpleType | complexType)?, (unique | key | keyref)*)). A problem was found starting at: attribute.
2024-11-24 18:46:33,700 [INFO] PluginManage:359 - Loaded plugin pinoutconfig (category:base,tabindex:0)
2024-11-24 18:46:33,701 [INFO] PluginManage:310 - Check plugin power
2024-11-24 18:46:33,735 [INFO] PluginManage:359 - Loaded plugin power (category:power,tabindex:4)
2024-11-24 18:46:33,736 [INFO] PluginManage:310 - Check plugin projectmanager
2024-11-24 18:46:33,762 [INFO] PluginManage:359 - Loaded plugin projectmanager (category:projectmanager,tabindex:4)
2024-11-24 18:46:33,763 [INFO] PluginManage:310 - Check plugin rif
2024-11-24 18:46:33,788 [INFO] PluginManage:359 - Loaded plugin rif (category:base,tabindex:3)
2024-11-24 18:46:33,788 [INFO] PluginManage:310 - Check plugin thirdparty
2024-11-24 18:46:34,237 [INFO] PluginManage:359 - Loaded plugin thirdparty (category:base,tabindex:-1)
2024-11-24 18:46:34,238 [INFO] PluginManage:310 - Check plugin tools
2024-11-24 18:46:34,237 [WARN] IntegrityCheckThread:84 - waiting for thirdparty lock release [integrity check]
2024-11-24 18:46:34,238 [INFO] IntegrityCheckThread:86 - entering critical section [integrity check]
2024-11-24 18:46:34,239 [INFO] ThirdPartyUpdaterWithRetryManager:70 - Updater plugin not ready yet. [1/15]
2024-11-24 18:46:34,309 [INFO] PluginManage:359 - Loaded plugin tools (category:base,tabindex:7)
2024-11-24 18:46:34,309 [INFO] PluginManage:310 - Check plugin tutovideos
2024-11-24 18:46:34,549 [INFO] PluginManage:359 - Loaded plugin tutovideos (category:base,tabindex:-1)
2024-11-24 18:46:34,549 [INFO] PluginManage:310 - Check plugin updater
2024-11-24 18:46:34,572 [INFO] PluginManage:359 - Loaded plugin updater (category:base,tabindex:12)
2024-11-24 18:46:34,572 [INFO] PluginManage:310 - Check plugin userauth
2024-11-24 18:46:34,580 [INFO] UserAuth:113 - Init User Auth plugin
2024-11-24 18:46:34,580 [INFO] PluginManage:359 - Loaded plugin userauth (category:base,tabindex:14)
2024-11-24 18:46:34,580 [INFO] PluginManage:283 - PluginManage : Loaded plugins [18]
2024-11-24 18:46:34,849 [INFO] PinOutPanel:1561 - setPackage(No Configuration,No Configuration)
2024-11-24 18:46:34,975 [INFO] CADModel:165 - CPN selected for project level
2024-11-24 18:46:34,976 [INFO] CADModel:114 - Register for checkConnection events
2024-11-24 18:46:35,006 [INFO] IPUIPlugin:80 - create IPUIPlugin
2024-11-24 18:46:35,006 [INFO] PluginManager:220 - loadIPPluginJar : add adc
2024-11-24 18:46:35,051 [INFO] IPUIPlugin:80 - create IPUIPlugin
2024-11-24 18:46:35,051 [INFO] PluginManager:220 - loadIPPluginJar : add aes
2024-11-24 18:46:35,101 [INFO] IPUIPlugin:80 - create IPUIPlugin
2024-11-24 18:46:35,101 [INFO] PluginManager:220 - loadIPPluginJar : add can
2024-11-24 18:46:35,130 [INFO] IPUIPlugin:80 - create IPUIPlugin
2024-11-24 18:46:35,130 [INFO] PluginManager:220 - loadIPPluginJar : add comp
2024-11-24 18:46:35,170 [INFO] IPUIPlugin:80 - create IPUIPlugin
2024-11-24 18:46:35,170 [INFO] PluginManager:220 - loadIPPluginJar : add cryp
2024-11-24 18:46:35,186 [INFO] IPUIPlugin:80 - create IPUIPlugin
2024-11-24 18:46:35,186 [INFO] PluginManager:220 - loadIPPluginJar : add ddr_ctrl_phy
2024-11-24 18:46:35,223 [INFO] IPUIPlugin:80 - create IPUIPlugin
2024-11-24 18:46:35,223 [INFO] PluginManager:220 - loadIPPluginJar : add dfsdm
2024-11-24 18:46:35,239 [INFO] IPUIPlugin:80 - create IPUIPlugin
2024-11-24 18:46:35,240 [INFO] PluginManager:220 - loadIPPluginJar : add dma
2024-11-24 18:46:35,299 [INFO] IPUIPlugin:80 - create IPUIPlugin
2024-11-24 18:46:35,299 [INFO] PluginManager:220 - loadIPPluginJar : add dma3
2024-11-24 18:46:35,358 [INFO] IPUIPlugin:80 - create IPUIPlugin
2024-11-24 18:46:35,358 [INFO] PluginManager:220 - loadIPPluginJar : add extmemmanager
2024-11-24 18:46:35,385 [INFO] IPUIPlugin:80 - create IPUIPlugin
2024-11-24 18:46:35,385 [INFO] PluginManager:220 - loadIPPluginJar : add fatfs
2024-11-24 18:46:35,451 [INFO] IPUIPlugin:80 - create IPUIPlugin
2024-11-24 18:46:35,451 [INFO] PluginManager:220 - loadIPPluginJar : add fmc
2024-11-24 18:46:35,473 [INFO] IPUIPlugin:80 - create IPUIPlugin
2024-11-24 18:46:35,474 [INFO] PluginManager:220 - loadIPPluginJar : add freertos
2024-11-24 18:46:35,503 [INFO] IPUIPlugin:80 - create IPUIPlugin
2024-11-24 18:46:35,503 [INFO] PluginManager:220 - loadIPPluginJar : add genericplugin
2024-11-24 18:46:35,645 [INFO] IPUIPlugin:80 - create IPUIPlugin
2024-11-24 18:46:35,645 [INFO] PluginManager:220 - loadIPPluginJar : add gfxmmu
2024-11-24 18:46:35,832 [INFO] IPUIPlugin:80 - create IPUIPlugin
2024-11-24 18:46:35,832 [INFO] PluginManager:220 - loadIPPluginJar : add gic
2024-11-24 18:46:35,851 [INFO] IPUIPlugin:80 - create IPUIPlugin
2024-11-24 18:46:35,852 [INFO] PluginManager:220 - loadIPPluginJar : add gpio
2024-11-24 18:46:35,988 [INFO] IPUIPlugin:80 - create IPUIPlugin
2024-11-24 18:46:35,988 [INFO] PluginManager:220 - loadIPPluginJar : add gtzc
2024-11-24 18:46:36,034 [INFO] IPUIPlugin:80 - create IPUIPlugin
2024-11-24 18:46:36,034 [INFO] PluginManager:220 - loadIPPluginJar : add hash
2024-11-24 18:46:36,107 [INFO] IPUIPlugin:80 - create IPUIPlugin
2024-11-24 18:46:36,108 [INFO] PluginManager:220 - loadIPPluginJar : add i2c
2024-11-24 18:46:36,169 [INFO] IPUIPlugin:80 - create IPUIPlugin
2024-11-24 18:46:36,169 [INFO] PluginManager:220 - loadIPPluginJar : add i2s
2024-11-24 18:46:36,222 [INFO] IPUIPlugin:80 - create IPUIPlugin
2024-11-24 18:46:36,223 [INFO] PluginManager:220 - loadIPPluginJar : add i3c
2024-11-24 18:46:36,360 [INFO] IPUIPlugin:80 - create IPUIPlugin
2024-11-24 18:46:36,360 [INFO] PluginManager:220 - loadIPPluginJar : add ipddr
2024-11-24 18:46:36,482 [INFO] IPUIPlugin:80 - create IPUIPlugin
2024-11-24 18:46:36,482 [INFO] PluginManager:220 - loadIPPluginJar : add linkedlist
2024-11-24 18:46:36,528 [INFO] IPUIPlugin:80 - create IPUIPlugin
2024-11-24 18:46:36,528 [INFO] PluginManager:220 - loadIPPluginJar : add lorawan
2024-11-24 18:46:36,576 [INFO] IPUIPlugin:80 - create IPUIPlugin
2024-11-24 18:46:36,576 [INFO] PluginManager:220 - loadIPPluginJar : add ltdc
2024-11-24 18:46:36,593 [INFO] IPUIPlugin:80 - create IPUIPlugin
2024-11-24 18:46:36,593 [INFO] PluginManager:220 - loadIPPluginJar : add mdma
2024-11-24 18:46:36,608 [INFO] IPUIPlugin:80 - create IPUIPlugin
2024-11-24 18:46:36,608 [INFO] PluginManager:220 - loadIPPluginJar : add nvic
2024-11-24 18:46:36,655 [INFO] IPUIPlugin:80 - create IPUIPlugin
2024-11-24 18:46:36,655 [INFO] PluginManager:220 - loadIPPluginJar : add opamp
2024-11-24 18:46:36,733 [INFO] IPUIPlugin:80 - create IPUIPlugin
2024-11-24 18:46:36,733 [INFO] PluginManager:220 - loadIPPluginJar : add openamp
2024-11-24 18:46:36,788 [INFO] IPUIPlugin:80 - create IPUIPlugin
2024-11-24 18:46:36,788 [INFO] PluginManager:220 - loadIPPluginJar : add pdm2pcm
2024-11-24 18:46:36,806 [INFO] IPUIPlugin:80 - create IPUIPlugin
2024-11-24 18:46:36,809 [INFO] PluginManager:220 - loadIPPluginJar : add plateformsettings
2024-11-24 18:46:36,837 [INFO] IPUIPlugin:80 - create IPUIPlugin
2024-11-24 18:46:36,837 [INFO] PluginManager:220 - loadIPPluginJar : add quadspi
2024-11-24 18:46:36,869 [INFO] IPUIPlugin:80 - create IPUIPlugin
2024-11-24 18:46:36,869 [INFO] PluginManager:220 - loadIPPluginJar : add radio
2024-11-24 18:46:36,886 [INFO] IPUIPlugin:80 - create IPUIPlugin
2024-11-24 18:46:36,886 [INFO] PluginManager:220 - loadIPPluginJar : add resmgrutility
2024-11-24 18:46:36,947 [INFO] IPUIPlugin:80 - create IPUIPlugin
2024-11-24 18:46:36,947 [INFO] PluginManager:220 - loadIPPluginJar : add sai
2024-11-24 18:46:36,996 [INFO] IPUIPlugin:80 - create IPUIPlugin
2024-11-24 18:46:36,996 [INFO] PluginManager:220 - loadIPPluginJar : add spi
2024-11-24 18:46:37,085 [INFO] IPUIPlugin:80 - create IPUIPlugin
2024-11-24 18:46:37,085 [INFO] PluginManager:220 - loadIPPluginJar : add stm32_wpan
2024-11-24 18:46:37,115 [INFO] IPUIPlugin:80 - create IPUIPlugin
2024-11-24 18:46:37,115 [INFO] PluginManager:220 - loadIPPluginJar : add tim
2024-11-24 18:46:37,209 [INFO] IPUIPlugin:80 - create IPUIPlugin
2024-11-24 18:46:37,209 [INFO] PluginManager:220 - loadIPPluginJar : add touchsensing
2024-11-24 18:46:37,239 [INFO] IPUIPlugin:80 - create IPUIPlugin
2024-11-24 18:46:37,240 [INFO] PluginManager:220 - loadIPPluginJar : add tracer_emb
2024-11-24 18:46:37,241 [INFO] ThirdPartyUpdaterWithRetryManager:70 - Updater plugin not ready yet. [2/15]
2024-11-24 18:46:37,269 [INFO] IPUIPlugin:80 - create IPUIPlugin
2024-11-24 18:46:37,269 [INFO] PluginManager:220 - loadIPPluginJar : add ts
2024-11-24 18:46:37,296 [INFO] IPUIPlugin:80 - create IPUIPlugin
2024-11-24 18:46:37,296 [INFO] PluginManager:220 - loadIPPluginJar : add tsc
2024-11-24 18:46:37,323 [INFO] IPUIPlugin:80 - create IPUIPlugin
2024-11-24 18:46:37,323 [INFO] PluginManager:220 - loadIPPluginJar : add ucpd
2024-11-24 18:46:37,377 [INFO] IPUIPlugin:80 - create IPUIPlugin
2024-11-24 18:46:37,377 [INFO] PluginManager:220 - loadIPPluginJar : add usart
2024-11-24 18:46:37,433 [INFO] IPUIPlugin:80 - create IPUIPlugin
2024-11-24 18:46:37,433 [INFO] PluginManager:220 - loadIPPluginJar : add usbx
2024-11-24 18:46:37,574 [INFO] CADModel:165 - CPN selected for project level
2024-11-24 18:46:37,574 [INFO] CADModel:114 - Register for checkConnection events
2024-11-24 18:46:37,575 [FATAL] Updater:334 - Updater called before beeing initialized
2024-11-24 18:46:37,575 [ERROR] CADModel:125 - Updater not yet initialized, retry later 
2024-11-24 18:46:37,764 [INFO] CADModel:165 - CPN selected for project level
2024-11-24 18:46:37,765 [INFO] CADModel:114 - Register for checkConnection events
2024-11-24 18:46:37,765 [FATAL] Updater:334 - Updater called before beeing initialized
2024-11-24 18:46:37,765 [ERROR] CADModel:125 - Updater not yet initialized, retry later 
2024-11-24 18:46:37,768 [FATAL] Updater:334 - Updater called before beeing initialized
2024-11-24 18:46:37,904 [FATAL] Updater:334 - Updater called before beeing initialized
2024-11-24 18:46:37,915 [INFO] DbMcusAds:53 - JSON generation date=Thu Sep 30 10:25:09 IRST 2021 (1632984909247)
2024-11-24 18:46:37,915 [FATAL] Updater:334 - Updater called before beeing initialized
2024-11-24 18:46:37,961 [WARN] DetailPanel:346 - Failed to get advertising image, set to default
2024-11-24 18:46:38,068 [FATAL] Updater:334 - Updater called before beeing initialized
2024-11-24 18:46:38,070 [FATAL] Updater:334 - Updater called before beeing initialized
2024-11-24 18:46:38,070 [FATAL] Updater:334 - Updater called before beeing initialized
2024-11-24 18:46:38,070 [WARN] DetailPanel:346 - Failed to get advertising image, set to default
2024-11-24 18:46:38,071 [FATAL] Updater:334 - Updater called before beeing initialized
2024-11-24 18:46:38,157 [ERROR] Updater:1164 - MainUpdater not yet initialized. External WinMGr cannot be set.
2024-11-24 18:46:38,172 [INFO] Updater:1100 - Updater Version found : 6.12.1
2024-11-24 18:46:38,196 [INFO] ApplicationProperties:184 - Using Application install path: C:\ST\STM32CubeIDE_1.16.1\STM32CubeIDE\plugins\com.st.stm32cube.common.mx_6.12.1.202409122256
2024-11-24 18:46:39,793 [ERROR] LogOutputStream:75 - [STDERR_REDIRECT] Nov 24, 2024 6:46:39 PM java.util.prefs.WindowsPreferences <init>
2024-11-24 18:46:39,796 [ERROR] LogOutputStream:75 - [STDERR_REDIRECT] WARNING: Could not open/create prefs root node Software\JavaSoft\Prefs at root 0xffffffff80000002. Windows RegCreateKeyEx(...) returned error code 5.
2024-11-24 18:46:39,796 [ERROR] LogOutputStream:75 - [STDERR_REDIRECT] 
2024-11-24 18:46:40,242 [INFO] ThirdPartyUpdaterWithRetryManager:70 - Updater plugin not ready yet. [3/15]
2024-11-24 18:46:40,387 [ERROR] CheckConnectionManager:249 - Problem, Http access forbiden
2024-11-24 18:46:40,391 [INFO] MainUpdater:2873 - connection check result : 22
2024-11-24 18:46:40,392 [INFO] MainUpdater:290 - Updater Check For Update Now.
2024-11-24 18:46:40,393 [INFO] MicroXplorer:498 - Change Database Version : DB.6.0.121
2024-11-24 18:46:40,416 [INFO] McuFinderGlobals:63 - Set McuFinder mode to 2 (CubeIDE integrated)
2024-11-24 18:46:40,426 [INFO] UserAuth:417 - Internet connection configuration mode: 2
2024-11-24 18:46:40,435 [INFO] UserAuth:417 - Internet connection configuration mode: 2
2024-11-24 18:46:40,756 [INFO] CheckServerUpdateThread:120 - End of CheckServer Thread
2024-11-24 18:46:41,041 [ERROR] CheckConnectionManager:249 - Problem, Http access forbiden
2024-11-24 18:46:41,043 [INFO] MainUpdater:2873 - connection check result : 22
2024-11-24 18:46:42,052 [INFO] UserAuth:417 - Internet connection configuration mode: 2
2024-11-24 18:46:42,192 [INFO] UserAuth:417 - Internet connection configuration mode: 2
2024-11-24 18:46:42,354 [INFO] UserAuth:417 - Internet connection configuration mode: 2
2024-11-24 18:46:42,399 [INFO] CheckServerUpdateThread:120 - End of CheckServer Thread
2024-11-24 18:46:43,243 [WARN] MainUpdater:1194 - Updater busy. Cannot search thirdparties
2024-11-24 18:46:43,243 [INFO] ThirdPartyUpdaterWithRetryManager:96 - Updater plugin is busy. [1/15]
2024-11-24 18:46:46,243 [WARN] MainUpdater:1194 - Updater busy. Cannot search thirdparties
2024-11-24 18:46:46,244 [INFO] ThirdPartyUpdaterWithRetryManager:96 - Updater plugin is busy. [2/15]
2024-11-24 18:46:48,538 [INFO] UserAuth:417 - Internet connection configuration mode: 2
2024-11-24 18:46:49,245 [WARN] MainUpdater:1194 - Updater busy. Cannot search thirdparties
2024-11-24 18:46:49,245 [INFO] ThirdPartyUpdaterWithRetryManager:96 - Updater plugin is busy. [3/15]
2024-11-24 18:46:52,247 [WARN] MainUpdater:1194 - Updater busy. Cannot search thirdparties
2024-11-24 18:46:52,248 [INFO] ThirdPartyUpdaterWithRetryManager:96 - Updater plugin is busy. [4/15]
2024-11-24 18:46:55,249 [WARN] MainUpdater:1194 - Updater busy. Cannot search thirdparties
2024-11-24 18:46:55,250 [INFO] ThirdPartyUpdaterWithRetryManager:96 - Updater plugin is busy. [5/15]
2024-11-24 18:46:58,251 [WARN] MainUpdater:1194 - Updater busy. Cannot search thirdparties
2024-11-24 18:46:58,251 [INFO] ThirdPartyUpdaterWithRetryManager:96 - Updater plugin is busy. [6/15]
2024-11-24 18:47:01,256 [WARN] MainUpdater:1194 - Updater busy. Cannot search thirdparties
2024-11-24 18:47:01,259 [INFO] ThirdPartyUpdaterWithRetryManager:96 - Updater plugin is busy. [7/15]
2024-11-24 18:47:04,261 [WARN] MainUpdater:1194 - Updater busy. Cannot search thirdparties
2024-11-24 18:47:04,261 [INFO] ThirdPartyUpdaterWithRetryManager:96 - Updater plugin is busy. [8/15]
2024-11-24 18:47:07,291 [WARN] MainUpdater:1194 - Updater busy. Cannot search thirdparties
2024-11-24 18:47:07,291 [INFO] ThirdPartyUpdaterWithRetryManager:96 - Updater plugin is busy. [9/15]
2024-11-24 18:47:10,292 [WARN] MainUpdater:1194 - Updater busy. Cannot search thirdparties
2024-11-24 18:47:10,292 [INFO] ThirdPartyUpdaterWithRetryManager:96 - Updater plugin is busy. [10/15]
2024-11-24 18:47:13,294 [WARN] MainUpdater:1194 - Updater busy. Cannot search thirdparties
2024-11-24 18:47:13,295 [INFO] ThirdPartyUpdaterWithRetryManager:96 - Updater plugin is busy. [11/15]
2024-11-24 18:47:16,296 [WARN] MainUpdater:1194 - Updater busy. Cannot search thirdparties
2024-11-24 18:47:16,296 [INFO] ThirdPartyUpdaterWithRetryManager:96 - Updater plugin is busy. [12/15]
2024-11-24 18:47:19,297 [WARN] MainUpdater:1194 - Updater busy. Cannot search thirdparties
2024-11-24 18:47:19,297 [INFO] ThirdPartyUpdaterWithRetryManager:96 - Updater plugin is busy. [13/15]
2024-11-24 18:47:22,299 [WARN] MainUpdater:1194 - Updater busy. Cannot search thirdparties
2024-11-24 18:47:22,299 [INFO] ThirdPartyUpdaterWithRetryManager:96 - Updater plugin is busy. [14/15]
2024-11-24 18:47:25,301 [WARN] MainUpdater:1194 - Updater busy. Cannot search thirdparties
2024-11-24 18:47:25,301 [INFO] ThirdPartyUpdaterWithRetryManager:96 - Updater plugin is busy. [15/15]
2024-11-24 18:47:25,301 [ERROR] IntegrityCheckThread:130 - Cannot retrieve database content from updater: error -1
2024-11-24 18:47:25,302 [INFO] ThirdParty:978 - Integrity check success = false
2024-11-24 18:47:25,302 [INFO] IntegrityCheckThread:100 - exiting critical section [integrity check]
2024-11-24 18:47:25,302 [INFO] IntegrityCheckThread:103 - End integrity checks thread
2024-11-24 18:48:22,186 [WARN] ComputerFile:980 - Pack skipped since not installed in expected folder : C:\Users\Bazar\STM32Cube\Repository\Packs\STMicroelectronics\X-CUBE-TOUCHGFX
2024-11-24 18:48:22,195 [INFO] UserAuth:417 - Internet connection configuration mode: 2
2024-11-24 18:48:22,551 [ERROR] ServerAccessManage:1096 - Problem, Http access forbiden
2024-11-24 18:48:22,552 [ERROR] ServerAccessManage:651 - Problem, Http access forbiden : updaters.zip.
2024-11-24 18:48:24,027 [WARN] LoadServerUpdatesThread:475 - Updater definition download error.
2024-11-24 18:48:24,033 [INFO] LoadServerUpdatesThread:375 - End of LoadServerUpdate Thread
2024-11-24 18:48:24,279 [INFO] UserAuth:417 - Internet connection configuration mode: 2
2024-11-24 18:48:24,399 [INFO] UserAuth:417 - Internet connection configuration mode: 2
2024-11-24 18:48:24,402 [INFO] CheckServerUpdateThread:120 - End of CheckServer Thread
2024-11-24 18:48:30,962 [INFO] UserAuth:417 - Internet connection configuration mode: 2
2024-11-24 18:49:05,698 [ERROR] CheckConnectionManager:249 - Problem, Http access forbiden
2024-11-24 18:49:05,700 [INFO] MainUpdater:2873 - connection check result : 22
2024-11-24 18:49:05,719 [WARN] ComputerFile:980 - Pack skipped since not installed in expected folder : C:\Users\Bazar\STM32Cube\Repository\Packs\STMicroelectronics\X-CUBE-TOUCHGFX
2024-11-24 18:49:05,973 [INFO] UserAuth:417 - Internet connection configuration mode: 2
2024-11-24 18:49:05,989 [INFO] UserAuth:417 - Internet connection configuration mode: 2
2024-11-24 18:49:06,016 [INFO] CheckServerUpdateThread:120 - End of CheckServer Thread
2024-11-24 18:49:08,456 [WARN] ComputerFile:980 - Pack skipped since not installed in expected folder : C:\Users\Bazar\STM32Cube\Repository\Packs\STMicroelectronics\X-CUBE-TOUCHGFX
2024-11-24 18:49:08,467 [INFO] UserAuth:417 - Internet connection configuration mode: 2
2024-11-24 18:49:08,649 [ERROR] ServerAccessManage:1096 - Problem, Http access forbiden
2024-11-24 18:49:08,652 [ERROR] ServerAccessManage:651 - Problem, Http access forbiden : updaters.zip.
2024-11-24 18:49:10,469 [WARN] LoadServerUpdatesThread:475 - Updater definition download error.
2024-11-24 18:49:10,471 [INFO] LoadServerUpdatesThread:375 - End of LoadServerUpdate Thread
2024-11-24 18:49:10,669 [INFO] UserAuth:417 - Internet connection configuration mode: 2
2024-11-24 18:49:10,751 [INFO] UserAuth:417 - Internet connection configuration mode: 2
2024-11-24 18:49:10,754 [INFO] CheckServerUpdateThread:120 - End of CheckServer Thread
2024-11-24 18:49:31,661 [INFO] UserAuth:417 - Internet connection configuration mode: 2
2024-11-24 18:50:34,767 [ERROR] CheckConnectionManager:249 - Problem, Http access forbiden
2024-11-24 18:50:34,770 [INFO] MainUpdater:2873 - connection check result : 22
2024-11-24 18:50:34,786 [WARN] ComputerFile:980 - Pack skipped since not installed in expected folder : C:\Users\Bazar\STM32Cube\Repository\Packs\STMicroelectronics\X-CUBE-TOUCHGFX
2024-11-24 18:50:34,963 [INFO] UserAuth:417 - Internet connection configuration mode: 2
2024-11-24 18:50:34,974 [INFO] UserAuth:417 - Internet connection configuration mode: 2
2024-11-24 18:50:34,994 [INFO] CheckServerUpdateThread:120 - End of CheckServer Thread
2024-11-24 18:50:36,951 [INFO] UserAuth:417 - Internet connection configuration mode: 2
2024-11-24 18:52:33,050 [ERROR] CheckConnectionManager:249 - Problem, Http access forbiden
2024-11-24 18:52:33,052 [INFO] MainUpdater:2873 - connection check result : 22
2024-11-24 18:52:33,069 [WARN] ComputerFile:980 - Pack skipped since not installed in expected folder : C:\Users\Bazar\STM32Cube\Repository\Packs\STMicroelectronics\X-CUBE-TOUCHGFX
2024-11-24 18:52:33,270 [INFO] UserAuth:417 - Internet connection configuration mode: 2
2024-11-24 18:52:33,282 [INFO] UserAuth:417 - Internet connection configuration mode: 2
2024-11-24 18:52:33,299 [INFO] CheckServerUpdateThread:120 - End of CheckServer Thread
2024-11-24 18:53:36,741 [INFO] UserAuth:417 - Internet connection configuration mode: 2
2024-11-24 18:53:43,657 [INFO] AnalyticsPlugin:368 - Accepted License(s): [STMicroelectronics.X-CUBE-TOUCHGFX.4.24.0]
2024-11-24 18:53:43,659 [INFO] FileExtend:240 - Unzip File : en.x-cube-touchgfx-4.24.0.zip
2024-11-24 18:53:43,659 [INFO] FileExtend:255 - Standard Zip Deflate
2024-11-24 18:53:51,116 [INFO] UserAuth:417 - Internet connection configuration mode: 2
2024-11-24 18:53:51,671 [INFO] LoadLocalFilesThread:304 - End of Local Load Thread
2024-11-24 18:53:51,743 [WARN] ThirdParty:509 - waiting for thirdparty lock release [add software pack]
2024-11-24 18:53:51,744 [INFO] ThirdParty:511 - entering critical section [add software pack]
2024-11-24 18:53:51,791 [WARN] PackLoader:240 - Cannot read IP mode file for STMicroelectronics.X-CUBE-TOUCHGFX.4.24.0
2024-11-24 18:53:51,915 [INFO] ThirdPartyPackRequestProcessor:621 - CMSIS Pack Vendor :STMicroelectronics USBPD 4.1
2024-11-24 18:53:51,915 [INFO] ThirdPartyPackRequestProcessor:621 - CMSIS Pack Vendor :STMicroelectronics ThreadX 1.0.0
2024-11-24 18:53:51,915 [INFO] ThirdPartyPackRequestProcessor:621 - CMSIS Pack Vendor :STMicroelectronics USB_HOST 2.0.0
2024-11-24 18:53:51,915 [INFO] ThirdPartyPackRequestProcessor:621 - CMSIS Pack Vendor :STMicroelectronics LIBJPEG 8.0.0
2024-11-24 18:53:51,915 [INFO] ThirdPartyPackRequestProcessor:621 - CMSIS Pack Vendor :STMicroelectronics FreeRTOS 0.0.1
2024-11-24 18:53:51,915 [INFO] ThirdPartyPackRequestProcessor:621 - CMSIS Pack Vendor :STMicroelectronics USB_DEVICE 1.0.0
2024-11-24 18:53:51,915 [INFO] ThirdPartyPackRequestProcessor:621 - CMSIS Pack Vendor :STMicroelectronics STM32_WPAN 1.0.0
2024-11-24 18:53:51,916 [INFO] ThirdPartyPackRequestProcessor:621 - CMSIS Pack Vendor :STMicroelectronics USB_DEVICE 3.0.0
2024-11-24 18:53:51,916 [INFO] ThirdPartyPackRequestProcessor:621 - CMSIS Pack Vendor :STMicroelectronics HAL Drivers 0.0.0
2024-11-24 18:53:51,916 [INFO] ThirdPartyPackRequestProcessor:621 - CMSIS Pack Vendor :STMicroelectronics MBEDTLS 2.16.2
2024-11-24 18:53:51,916 [INFO] ThirdPartyPackRequestProcessor:621 - CMSIS Pack Vendor :STMicroelectronics ThreadX 0.0.2
2024-11-24 18:53:51,916 [INFO] ThirdPartyPackRequestProcessor:621 - CMSIS Pack Vendor :STMicroelectronics lwIP 2.0.3
2024-11-24 18:53:51,916 [INFO] ThirdPartyPackRequestProcessor:621 - CMSIS Pack Vendor :STMicroelectronics lwIP 2.1.2
2024-11-24 18:53:51,916 [INFO] ThirdPartyPackRequestProcessor:621 - CMSIS Pack Vendor :STMicroelectronics MBEDTLS 2.14.1
2024-11-24 18:53:51,916 [INFO] ThirdPartyPackRequestProcessor:621 - CMSIS Pack Vendor :STMicroelectronics X-CUBE-TOUCHGFX 4.24.0
2024-11-24 18:53:51,916 [INFO] ThirdPartyPackRequestProcessor:621 - CMSIS Pack Vendor :STMicroelectronics USB_HOST 1.0.0
2024-11-24 18:53:51,916 [INFO] ThirdPartyPackRequestProcessor:621 - CMSIS Pack Vendor :STMicroelectronics PDM2PCM 3.1.0
2024-11-24 18:53:51,916 [INFO] ThirdPartyPackRequestProcessor:621 - CMSIS Pack Vendor :STMicroelectronics PDM2PCM 3.2.0
2024-11-24 18:53:51,916 [INFO] ThirdPartyPackRequestProcessor:621 - CMSIS Pack Vendor :STMicroelectronics USB_DEVICE 2.0.0
2024-11-24 18:53:51,916 [INFO] ThirdPartyPackRequestProcessor:621 - CMSIS Pack Vendor :STMicroelectronics PDM2PCM 3.3.0
2024-11-24 18:53:51,917 [INFO] ThirdParty:514 - exiting critical section [add software pack]
2024-11-24 18:53:51,935 [WARN] ComputerFile:980 - Pack skipped since not installed in expected folder : C:\Users\Bazar\STM32Cube\Repository\Packs\STMicroelectronics\X-CUBE-TOUCHGFX
2024-11-24 18:53:51,951 [INFO] LoadServerUpdatesThread:375 - End of LoadServerUpdate Thread
2024-11-24 18:53:52,134 [INFO] UserAuth:417 - Internet connection configuration mode: 2
2024-11-24 18:53:52,211 [INFO] UserAuth:417 - Internet connection configuration mode: 2
2024-11-24 18:53:52,216 [INFO] CheckServerUpdateThread:120 - End of CheckServer Thread
2024-11-24 18:55:33,831 [INFO] UserAuth:417 - Internet connection configuration mode: 2
2024-11-24 18:55:34,258 [ERROR] FileExtend:455 - File entry not found
2024-11-24 18:55:34,259 [ERROR] CmsisPacksFileManager:123 - Missing pdsc file within cmsis pack : Invalid pack file
2024-11-24 18:55:34,259 [ERROR] LoadLocalFilesThread:607 - Cmsis pack invalid or pdsc file is missing.
2024-11-24 18:55:36,509 [INFO] LoadLocalFilesThread:304 - End of Local Load Thread
2024-11-24 18:55:36,648 [WARN] ComputerFile:980 - Pack skipped since not installed in expected folder : C:\Users\Bazar\STM32Cube\Repository\Packs\STMicroelectronics\X-CUBE-TOUCHGFX
2024-11-24 18:55:36,660 [INFO] LoadServerUpdatesThread:375 - End of LoadServerUpdate Thread
2024-11-24 18:55:36,805 [INFO] UserAuth:417 - Internet connection configuration mode: 2
2024-11-24 18:55:36,849 [INFO] UserAuth:417 - Internet connection configuration mode: 2
2024-11-24 18:55:36,863 [INFO] UserAuth:417 - Internet connection configuration mode: 2
2024-11-24 18:55:36,865 [INFO] CheckServerUpdateThread:120 - End of CheckServer Thread
2024-11-24 18:55:40,860 [INFO] UserAuth:417 - Internet connection configuration mode: 2
2024-11-24 18:55:44,261 [WARN] ComputerFile:980 - Pack skipped since not installed in expected folder : C:\Users\Bazar\STM32Cube\Repository\Packs\STMicroelectronics\X-CUBE-TOUCHGFX
2024-11-24 18:55:44,271 [INFO] UserAuth:417 - Internet connection configuration mode: 2
2024-11-24 18:55:44,439 [ERROR] ServerAccessManage:1096 - Problem, Http access forbiden
2024-11-24 18:55:44,440 [ERROR] ServerAccessManage:651 - Problem, Http access forbiden : updaters.zip.
2024-11-24 18:55:46,092 [WARN] LoadServerUpdatesThread:475 - Updater definition download error.
2024-11-24 18:55:46,095 [INFO] LoadServerUpdatesThread:375 - End of LoadServerUpdate Thread
2024-11-24 18:55:46,262 [INFO] UserAuth:417 - Internet connection configuration mode: 2
2024-11-24 18:55:46,318 [INFO] UserAuth:417 - Internet connection configuration mode: 2
2024-11-24 18:55:46,337 [INFO] CheckServerUpdateThread:120 - End of CheckServer Thread
2024-11-24 18:55:47,995 [INFO] UserAuth:417 - Internet connection configuration mode: 2
2024-11-24 19:16:11,797 [INFO] McuFinderGlobals:63 - Set McuFinder mode to 2 (CubeIDE integrated)
2024-11-24 19:16:12,310 [INFO] ApiDb:581 - Connected to CubeFinder SQLite database (C:\Users\Bazar\.stmcufinder\plugins\mcufinder\mcu\cube-finder-db.db)
2024-11-24 19:16:12,462 [INFO] ApiDb:668 - CubeFinder database Data Model version=2.1
2024-11-24 19:16:12,462 [INFO] ApiDb:669 - CubeFinder database Configuration version=3.0.39
2024-11-24 19:16:12,464 [INFO] ApiDb:670 - CubeFinder database generation date=2024-08-28 (1724861534)
2024-11-24 19:16:12,464 [INFO] ApiDb:671 - CubeFinder database FW Pack versions=[FP-ATR-ASTRA1_V2.0.0, FP-SNS-FLIGHT1_V5.0.2, FP-SNS-MOTENV1_V5.0.0, FP-SNS-MOTENVWB1_V1.4.0, FP-SNS-SMARTAG2_V1.2.0, FP-SNS-STBOX1_V2.0.0, STM32Cube_FW_C0_V1.2.0, STM32Cube_FW_F4_V1.28.0, STM32Cube_FW_F7_V1.17.2, STM32Cube_FW_G0_V1.6.2, STM32Cube_FW_G4_V1.6.0, STM32Cube_FW_H5_V1.3.0, STM32Cube_FW_H7RS_V1.1.0, STM32Cube_FW_H7_V1.11.2, STM32Cube_FW_L0_V1.12.2, STM32Cube_FW_L5_V1.5.1, STM32Cube_FW_U0_V1.1.0, STM32Cube_FW_U5_V1.6.0, STM32Cube_FW_WB0_V1.0.0, STM32Cube_FW_WBA_V1.4.1, STM32Cube_FW_WB_V1.20.0, STM32Cube_FW_WL_V1.3.0, X-CUBE-ALGOBUILD_V1.4.0, X-CUBE-ALS_V1.0.2, X-CUBE-AZRTOS-F4_V1.1.0, X-CUBE-AZRTOS-F7_V1.1.0, X-CUBE-AZRTOS-G0_V1.1.0, X-CUBE-AZRTOS-G4_V2.0.0, X-CUBE-AZRTOS-H7RS_V1.0.0, X-CUBE-AZRTOS-H7_V3.2.0, X-CUBE-AZRTOS-L4_V2.0.0, X-CUBE-AZRTOS-L5_V1.1.0, X-CUBE-AZRTOS-WB_V2.0.0, X-CUBE-AZRTOS-WL_V2.0.0, X-CUBE-BLE1_V7.0.0, X-CUBE-BLE2_V3.3.0, X-CUBE-BLEMGR_V3.1.0, X-CUBE-EEPRMA1_V5.1.0, X-CUBE-FREERTOS_V1.2.0, X-CUBE-GNSS1_V6.0.0, X-CUBE-MEMS1_V10.0.0, X-CUBE-NFC4_V3.0.0, X-CUBE-NFC7_V1.0.1, X-CUBE-SFXS2LP1_V4.0.0, X-CUBE-SUBG2_V5.0.0, X-CUBE-TOF1_V3.4.2]
2024-11-24 19:16:12,676 [INFO] DbBoardsSqlite:226 - include board P-NUCLEO-WB55-NUCLEO as a kit item of type 'Nucleo-64'
2024-11-24 19:16:12,677 [INFO] DbBoardsSqlite:226 - include board P-NUCLEO-WB55-USBDONGLE as a kit item of type 'Nucleo USB Dongle'
2024-11-24 19:16:12,679 [INFO] DbBoardsSqlite:226 - include board STEVAL-IDP005V1 as a kit item of type 'Evaluation Board'
2024-11-24 19:16:12,680 [INFO] DbBoardsSqlite:226 - include board STEVAL-IDP005V2 as a kit item of type 'Evaluation Board'
2024-11-24 19:16:13,202 [INFO] ApiDb:240 - Found 646 in-development CPN: [B-G473E-ZEST1S, B-WB1M-WPAN1, B-WL5M-SUBG1, NUCLEO-C031C6, NUCLEO-C071RB, NUCLEO-H503RB, NUCLEO-H533RE, NUCLEO-H563ZI, NUCLEO-H7S3L8, NUCLEO-U031R8, NUCLEO-U083RC, NUCLEO-U545RE-Q, NUCLEO-U5A5ZJ-Q, NUCLEO-WB05KZ, NUCLEO-WB07CC, NUCLEO-WB09KE, NUCLEO-WBA52CG, NUCLEO-WBA55CG, STEVAL-PROTEUS1, STEVAL-SMARTAG2, STEVAL-STWINBX1, STM320518-EVAL, STM32C0116-DK, STM32C011D6Y3TR, STM32C011D6Y6TR, STM32C011F4P3, STM32C011F4P6, STM32C011F4U3, STM32C011F4U6TR, STM32C011F6P3, STM32C011F6P6, STM32C011F6U3, STM32C011F6U6TR, STM32C011J4M3, STM32C011J4M6, STM32C011J6M3, STM32C011J6M6, STM32C0316-DK, STM32C031C4T3, STM32C031C4T6, STM32C031C4U3, STM32C031C4U6, STM32C031C6T3, STM32C031C6T6, STM32C031C6U3, STM32C031C6U6, STM32C031F4P3, STM32C031F4P6, STM32C031F6P3, STM32C031F6P6, STM32C031G4U3, STM32C031G4U6, STM32C031G6U3, STM32C031G6U6, STM32C031K4T3, STM32C031K4T6, STM32C031K4U3, STM32C031K4U6, STM32C031K6T3, STM32C031K6T6, STM32C031K6U3, STM32C031K6U6, STM32C071C8T6, STM32C071C8T6N, STM32C071C8U6, STM32C071C8U6N, STM32C071CBT6, STM32C071CBT6N, STM32C071CBU6, STM32C071CBU6N, STM32C071F8P6, STM32C071F8P6N, STM32C071FBP6, STM32C071FBP6N, STM32C071FBY6TR, STM32C071G8U6, STM32C071G8U6N, STM32C071GBU6, STM32C071GBU6N, STM32C071K8T6, STM32C071K8T6N, STM32C071K8U6, STM32C071K8U6N, STM32C071KBT6, STM32C071KBT6N, STM32C071KBU6, STM32C071KBU6N, STM32C071R8T6, STM32C071R8T6N, STM32C071RBI6N, STM32C071RBT6, STM32C071RBT6N, STM32G071K8TXN, STM32G071K8UXN, STM32G081GBU6N, STM32G081KBT6N, STM32G081KBUXN, STM32G0B1CCT6N, STM32G0B1KCT6, STM32G0B1NEY6TR, STM32G0B1RCT6N, STM32G0C1CCT6, STM32G0C1CCT6N, STM32G0C1CCU6N, STM32G0C1CET6N, STM32G0C1CEU6N, STM32G0C1KCT6, STM32G0C1NEY6TR, STM32G0C1RCI6N, STM32G0C1RCT6N, STM32G0C1REI6N, STM32G0C1RET6N, STM32G0C1VCI6, STM32G0C1VEI6, STM32G411C6T3, STM32G411C6T6, STM32G411C6U3, STM32G411C6U6, STM32G411C8T3, STM32G411C8T6, STM32G411C8U3, STM32G411C8U6, STM32G411CBT3, STM32G411CBT6, STM32G411CBU3, STM32G411CBU6, STM32G411K6T3, STM32G411K6T6, STM32G411K6U3, STM32G411K6U6, STM32G411K8T3, STM32G411K8T6, STM32G411K8U3, STM32G411K8U6, STM32G411KBT3, STM32G411KBT6, STM32G411KBU3, STM32G411KBU6, STM32G411M6T3, STM32G411M6T6, STM32G411M8T3, STM32G411M8T6, STM32G411MBT3, STM32G411MBT6, STM32G411R6T3, STM32G411R6T6, STM32G411R8T3, STM32G411R8T6, STM32G411RBT3, STM32G411RBT6, STM32G414CBT3, STM32G414CBT6, STM32G414CBU3, STM32G414CBU6, STM32G414CCT3, STM32G414CCT6, STM32G414CCU3, STM32G414CCU6, STM32G414MBT3, STM32G414MBT6, STM32G414MCT3, STM32G414MCT6, STM32G414RBT3, STM32G414RBT6, STM32G414RCT3, STM32G414RCT6, STM32G414VBT3, STM32G414VBT6, STM32G414VCT3, STM32G414VCT6, STM32G431CBT3Z, STM32G431RBT3Z, STM32G471CCT6, STM32G471CCU6, STM32G471CET3, STM32G471CET6, STM32G471CEU3, STM32G471CEU6, STM32G471MCT6, STM32G471MET3, STM32G471MET6, STM32G471MEY6TR, STM32G471QCT6, STM32G471QET3, STM32G471RCT6, STM32G471RET3, STM32G471RET6, STM32G471VCH6, STM32G471VCI6, STM32G471VCT6, STM32G471VEH3, STM32G471VEH6, STM32G471VEI3, STM32G471VEI6, STM32G471VET3, STM32G471VET6, STM32G473QET3Z, STM32G473RET3Z, STM32G474CCT6, STM32G491RET3Z, STM32H503CBT6, STM32H503CBU6, STM32H503EBY6TR, STM32H503KBU6, STM32H503RBT6, STM32H523CCT6, STM32H523CCU6, STM32H523CET6, STM32H523CEU6, STM32H523HEY6TR, STM32H523RCT6, STM32H523RET6, STM32H523VCI6, STM32H523VCT6, STM32H523VEI6, STM32H523VET6, STM32H523ZCJ6, STM32H523ZCT6, STM32H523ZEJ6, STM32H523ZET6, STM32H533CET6, STM32H533CEU6, STM32H533HEY6TR, STM32H533RET6, STM32H533VEI6, STM32H533VET6, STM32H533ZEJ6, STM32H533ZET6, STM32H562AGI6, STM32H562AII6, STM32H562IGK6, STM32H562IGT6, STM32H562IIK6, STM32H562IIT6, STM32H562RGT6, STM32H562RGV6, STM32H562RIT6, STM32H562RIV6, STM32H562VGT6, STM32H562VIT6, STM32H562ZGT6, STM32H562ZIT6, STM32H563AGI6, STM32H563AII3Q, STM32H563AII6, STM32H563IGK6, STM32H563IGT6, STM32H563IIK3Q, STM32H563IIK6, STM32H563IIT3Q, STM32H563IIT6, STM32H563MIY3QTR, STM32H563RGT6, STM32H563RGV6, STM32H563RIT6, STM32H563RIV6, STM32H563VGT6, STM32H563VIT3Q, STM32H563VIT6, STM32H563ZGT6, STM32H563ZIT3Q, STM32H563ZIT6, STM32H573AII3Q, STM32H573AII6, STM32H573I-DK, STM32H573IIK3Q, STM32H573IIK6, STM32H573IIT3Q, STM32H573IIT6, STM32H573MIY3QTR, STM32H573RIT6, STM32H573RIV6, STM32H573VIT3Q, STM32H573VIT6, STM32H573ZIT3Q, STM32H573ZIT6, STM32H7R3A8I6, STM32H7R3I8K6, STM32H7R3I8T6, STM32H7R3L8H6, STM32H7R3L8H6H, STM32H7R3R8V6, STM32H7R3V8H6, STM32H7R3V8T6, STM32H7R3V8Y6TR, STM32H7R3Z8J6, STM32H7R3Z8T6, STM32H7R7A8I6, STM32H7R7I8K6, STM32H7R7I8T6, STM32H7R7L8H6, STM32H7R7L8H6H, STM32H7R7Z8J6, STM32H7S3A8I6, STM32H7S3I8K6, STM32H7S3I8T6, STM32H7S3L8H6, STM32H7S3L8H6H, STM32H7S3R8V6, STM32H7S3V8H6, STM32H7S3V8T6, STM32H7S3V8Y6TR, STM32H7S3Z8J6, STM32H7S3Z8T6, STM32H7S78-DK, STM32H7S7A8I6, STM32H7S7I8K6, STM32H7S7I8T6, STM32H7S7L8H6, STM32H7S7L8H6H, STM32H7S7Z8J6, STM32L4R5QGI6STR, STM32MP131AAE3, STM32MP131AAF3, STM32MP131AAG3, STM32MP131CAE3, STM32MP131CAF3, STM32MP131CAG3, STM32MP131DAE7, STM32MP131DAF7, STM32MP131DAG7, STM32MP131FAE7, STM32MP131FAF7, STM32MP131FAG7, STM32MP133AAE3, STM32MP133AAF3, STM32MP133AAG3, STM32MP133CAE3, STM32MP133CAF3, STM32MP133CAG3, STM32MP133DAE7, STM32MP133DAF7, STM32MP133DAG7, STM32MP133FAE7, STM32MP133FAF7, STM32MP133FAG7, STM32MP135AAE3, STM32MP135AAF3, STM32MP135AAG3, STM32MP135CAE3, STM32MP135CAF3, STM32MP135CAG3, STM32MP135DAE7, STM32MP135DAF7, STM32MP135DAG7, STM32MP135F-DK, STM32MP135FAE7, STM32MP135FAF7, STM32MP135FAF7T, STM32MP135FAF7U, STM32MP135FAG7, STM32MP251AAI3, STM32MP251AAK3, STM32MP251AAL3, STM32MP251CAI3, STM32MP251CAK3, STM32MP251CAL3, STM32MP251DAI3, STM32MP251DAK3, STM32MP251DAL3, STM32MP251FAI3, STM32MP251FAK3, STM32MP251FAL3, STM32MP253AAI3, STM32MP253AAK3, STM32MP253AAL3, STM32MP253CAI3, STM32MP253CAK3, STM32MP253CAL3, STM32MP253DAI3, STM32MP253DAK3, STM32MP253DAL3, STM32MP253FAI3, STM32MP253FAK3, STM32MP253FAL3, STM32MP255AAI3, STM32MP255AAK3, STM32MP255AAL3, STM32MP255CAI3, STM32MP255CAK3, STM32MP255CAL3, STM32MP255DAI3, STM32MP255DAK3, STM32MP255DAL3, STM32MP255FAI3, STM32MP255FAK3, STM32MP255FAL3, STM32MP257AAI3, STM32MP257AAK3, STM32MP257AAL3, STM32MP257CAI3, STM32MP257CAK3, STM32MP257CAL3, STM32MP257DAI3, STM32MP257DAK3, STM32MP257DAL3, STM32MP257F-DK, STM32MP257F-EV1, STM32MP257FAI3, STM32MP257FAK3, STM32MP257FAL3, STM32U031C6T6, STM32U031C6U6, STM32U031C8T6, STM32U031C8U6, STM32U031F4P6, STM32U031F6P6, STM32U031F8P6, STM32U031G6Y6TR, STM32U031G8Y6TR, STM32U031K4U6, STM32U031K6U6, STM32U031K8U6, STM32U031R6I6, STM32U031R6T6, STM32U031R8I6, STM32U031R8T6, STM32U073C8T6, STM32U073C8U6, STM32U073CBT6, STM32U073CBU6, STM32U073CCT6, STM32U073CCU6, STM32U073H8Y6TR, STM32U073HBY6TR, STM32U073HCY6TR, STM32U073K8U6, STM32U073KBU6, STM32U073KCU6, STM32U073M8I6, STM32U073M8T6, STM32U073MBI6, STM32U073MBT6, STM32U073MCI6, STM32U073MCT6, STM32U073R8I6, STM32U073R8T6, STM32U073RBI6, STM32U073RBT6, STM32U073RCI6, STM32U073RCT6, STM32U083C-DK, STM32U083CCT6, STM32U083CCU6, STM32U083HCY6TR, STM32U083KCU6, STM32U083MCI6, STM32U083MCT6, STM32U083RCI6, STM32U083RCT6, STM32U535CBT6, STM32U535CBT6Q, STM32U535CBU6, STM32U535CBU6Q, STM32U535CCT6, STM32U535CCT6Q, STM32U535CCU6, STM32U535CCU6Q, STM32U535CET6, STM32U535CET6Q, STM32U535CEU6, STM32U535CEU6Q, STM32U535JEY6QTR, STM32U535NCY6QTR, STM32U535NEY6QTR, STM32U535RBI6, STM32U535RBI6Q, STM32U535RBT6, STM32U535RBT6Q, STM32U535RCI6, STM32U535RCI6Q, STM32U535RCT6, STM32U535RCT6Q, STM32U535REI6, STM32U535REI6Q, STM32U535RET6, STM32U535RET6Q, STM32U535VCI6, STM32U535VCI6Q, STM32U535VCT6, STM32U535VCT6Q, STM32U535VEI6, STM32U535VEI6Q, STM32U535VET6, STM32U535VET6Q, STM32U545CET6, STM32U545CET6Q, STM32U545CEU6, STM32U545CEU6Q, STM32U545JEY6QTR, STM32U545NEY6QTR, STM32U545REI6, STM32U545REI6Q, STM32U545RET6, STM32U545RET6Q, STM32U545VEI6, STM32U545VEI6Q, STM32U545VET6, STM32U545VET6Q, STM32U595AIH6, STM32U595AIH6Q, STM32U595AJH6, STM32U595AJH6Q, STM32U595QII6, STM32U595QII6Q, STM32U595QJI6, STM32U595QJI6Q, STM32U595RIT6, STM32U595RIT6Q, STM32U595RJT6, STM32U595RJT6Q, STM32U595VIT6, STM32U595VIT6Q, STM32U595VJT6, STM32U595VJT6Q, STM32U595ZIT6, STM32U595ZIT6Q, STM32U595ZIY6QTR, STM32U595ZJT6, STM32U595ZJT6Q, STM32U595ZJY6QTR, STM32U599BJY6QTR, STM32U599NIH6Q, STM32U599NJH6Q, STM32U599VIT6Q, STM32U599VJT6, STM32U599VJT6Q, STM32U599ZIT6Q, STM32U599ZIY6QTR, STM32U599ZJT6Q, STM32U599ZJY6QTR, STM32U5A5AJH6, STM32U5A5AJH6Q, STM32U5A5QII3Q , STM32U5A5QJI6, STM32U5A5QJI6Q, STM32U5A5RJT6, STM32U5A5RJT6Q, STM32U5A5VJT6, STM32U5A5VJT6Q, STM32U5A5ZJT6, STM32U5A5ZJT6Q, STM32U5A5ZJY6QTR, STM32U5A9BJY6QTR, STM32U5A9J-DK, STM32U5A9NJH6Q, STM32U5A9VJT6Q, STM32U5A9ZJT6Q, STM32U5A9ZJY6QTR, STM32U5F7VIT6, STM32U5F7VIT6Q, STM32U5F7VJT6, STM32U5F7VJT6Q, STM32U5F9BJY6QTR, STM32U5F9NJH6Q, STM32U5F9VIT6Q, STM32U5F9VJT6Q, STM32U5F9ZIJ6QTR, STM32U5F9ZIT6Q, STM32U5F9ZJJ6QTR, STM32U5F9ZJT6Q, STM32U5G7VJT6, STM32U5G7VJT6Q, STM32U5G9BJY6QTR, STM32U5G9J-DK1, STM32U5G9J-DK2, STM32U5G9NJH6Q, STM32U5G9VJT6Q, STM32U5G9ZJJ6QTR, STM32U5G9ZJT6Q, STM32WB05KZV6TR, STM32WB05KZV7TR, STM32WB05TZF6TR, STM32WB05TZF7TR, STM32WB06CCF6TR, STM32WB06CCF7TR, STM32WB06CCV6TR, STM32WB06CCV7TR, STM32WB06KCV6TR, STM32WB06KCV7TR, STM32WB07CCF6TR, STM32WB07CCF7TR, STM32WB07CCV6TR, STM32WB07CCV7TR, STM32WB07KCV6TR, STM32WB07KCV7TR, STM32WB09KEV6TR, STM32WB09KEV7TR, STM32WB09TEF6TR, STM32WB09TEF7TR, STM32WB1MMCH6, STM32WBA50KGU6, STM32WBA50KGU6TR, STM32WBA52CEU6, STM32WBA52CEU6TR, STM32WBA52CEU7, STM32WBA52CEU7TR, STM32WBA52CGU6, STM32WBA52CGU6TR, STM32WBA52CGU6U, STM32WBA52CGU7, STM32WBA52CGU7TR, STM32WBA52KEU6, STM32WBA52KEU6TR, STM32WBA52KGU6, STM32WBA52KGU6TR, STM32WBA54CEU6, STM32WBA54CEU6TR, STM32WBA54CEU7, STM32WBA54CEU7TR, STM32WBA54CGU6, STM32WBA54CGU6TR, STM32WBA54CGU7, STM32WBA54CGU7TR, STM32WBA54KEU6, STM32WBA54KEU6TR, STM32WBA54KEU7, STM32WBA54KEU7TR, STM32WBA54KGU6, STM32WBA54KGU6TR, STM32WBA54KGU7, STM32WBA54KGU7TR, STM32WBA55CEU6, STM32WBA55CEU6TR, STM32WBA55CEU7, STM32WBA55CEU7TR, STM32WBA55CGU6, STM32WBA55CGU6TR, STM32WBA55CGU6U, STM32WBA55CGU7, STM32WBA55CGU7TR, STM32WBA55G-DK1, STM32WBA55HEF6, STM32WBA55HEF7, STM32WBA55HGF6, STM32WBA55HGF7, STM32WBA55UEI6, STM32WBA55UEI6TR, STM32WBA55UEI7, STM32WBA55UEI7TR, STM32WBA55UGI6, STM32WBA55UGI6TR, STM32WBA55UGI7, STM32WBA55UGI7TR, STM32WL5MOCH6, STM32WL5MOCH6TR]
2024-11-24 19:16:13,535 [INFO] BoardInfo:889 - No configuration file found for board P-NUCLEO-WB55
2024-11-24 19:16:13,537 [INFO] DbBoards:161 - Kit is not supported: P-NUCLEO-WB55
2024-11-24 19:16:13,548 [INFO] BoardInfo:889 - No configuration file found for board STEVAL-BFA001V1B
2024-11-24 19:16:13,548 [INFO] DbBoards:161 - Kit is not supported: STEVAL-BFA001V1B
2024-11-24 19:16:13,550 [INFO] BoardInfo:889 - No configuration file found for board STEVAL-BFA001V2B
2024-11-24 19:16:13,551 [INFO] DbBoards:161 - Kit is not supported: STEVAL-BFA001V2B
2024-11-24 19:16:13,780 [INFO] DbBoards:168 - Found 201 boards, 198 are supported
2024-11-24 19:16:13,780 [INFO] DbBoards:169 - Found 201 boards, 25 of them is supported for  Bsp
2024-11-24 19:16:13,784 [INFO] ApiDb:668 - CubeFinder database Data Model version=2.1
2024-11-24 19:16:13,784 [INFO] ApiDb:669 - CubeFinder database Configuration version=3.0.39
2024-11-24 19:16:13,784 [INFO] ApiDb:670 - CubeFinder database generation date=2024-08-28 (1724861534)
2024-11-24 19:16:13,784 [INFO] ApiDb:671 - CubeFinder database FW Pack versions=[FP-ATR-ASTRA1_V2.0.0, FP-SNS-FLIGHT1_V5.0.2, FP-SNS-MOTENV1_V5.0.0, FP-SNS-MOTENVWB1_V1.4.0, FP-SNS-SMARTAG2_V1.2.0, FP-SNS-STBOX1_V2.0.0, STM32Cube_FW_C0_V1.2.0, STM32Cube_FW_F4_V1.28.0, STM32Cube_FW_F7_V1.17.2, STM32Cube_FW_G0_V1.6.2, STM32Cube_FW_G4_V1.6.0, STM32Cube_FW_H5_V1.3.0, STM32Cube_FW_H7RS_V1.1.0, STM32Cube_FW_H7_V1.11.2, STM32Cube_FW_L0_V1.12.2, STM32Cube_FW_L5_V1.5.1, STM32Cube_FW_U0_V1.1.0, STM32Cube_FW_U5_V1.6.0, STM32Cube_FW_WB0_V1.0.0, STM32Cube_FW_WBA_V1.4.1, STM32Cube_FW_WB_V1.20.0, STM32Cube_FW_WL_V1.3.0, X-CUBE-ALGOBUILD_V1.4.0, X-CUBE-ALS_V1.0.2, X-CUBE-AZRTOS-F4_V1.1.0, X-CUBE-AZRTOS-F7_V1.1.0, X-CUBE-AZRTOS-G0_V1.1.0, X-CUBE-AZRTOS-G4_V2.0.0, X-CUBE-AZRTOS-H7RS_V1.0.0, X-CUBE-AZRTOS-H7_V3.2.0, X-CUBE-AZRTOS-L4_V2.0.0, X-CUBE-AZRTOS-L5_V1.1.0, X-CUBE-AZRTOS-WB_V2.0.0, X-CUBE-AZRTOS-WL_V2.0.0, X-CUBE-BLE1_V7.0.0, X-CUBE-BLE2_V3.3.0, X-CUBE-BLEMGR_V3.1.0, X-CUBE-EEPRMA1_V5.1.0, X-CUBE-FREERTOS_V1.2.0, X-CUBE-GNSS1_V6.0.0, X-CUBE-MEMS1_V10.0.0, X-CUBE-NFC4_V3.0.0, X-CUBE-NFC7_V1.0.1, X-CUBE-SFXS2LP1_V4.0.0, X-CUBE-SUBG2_V5.0.0, X-CUBE-TOF1_V3.4.2]
2024-11-24 19:16:16,474 [INFO] ApiDb:240 - Found 646 in-development CPN: [B-G473E-ZEST1S, B-WB1M-WPAN1, B-WL5M-SUBG1, NUCLEO-C031C6, NUCLEO-C071RB, NUCLEO-H503RB, NUCLEO-H533RE, NUCLEO-H563ZI, NUCLEO-H7S3L8, NUCLEO-U031R8, NUCLEO-U083RC, NUCLEO-U545RE-Q, NUCLEO-U5A5ZJ-Q, NUCLEO-WB05KZ, NUCLEO-WB07CC, NUCLEO-WB09KE, NUCLEO-WBA52CG, NUCLEO-WBA55CG, STEVAL-PROTEUS1, STEVAL-SMARTAG2, STEVAL-STWINBX1, STM320518-EVAL, STM32C0116-DK, STM32C011D6Y3TR, STM32C011D6Y6TR, STM32C011F4P3, STM32C011F4P6, STM32C011F4U3, STM32C011F4U6TR, STM32C011F6P3, STM32C011F6P6, STM32C011F6U3, STM32C011F6U6TR, STM32C011J4M3, STM32C011J4M6, STM32C011J6M3, STM32C011J6M6, STM32C0316-DK, STM32C031C4T3, STM32C031C4T6, STM32C031C4U3, STM32C031C4U6, STM32C031C6T3, STM32C031C6T6, STM32C031C6U3, STM32C031C6U6, STM32C031F4P3, STM32C031F4P6, STM32C031F6P3, STM32C031F6P6, STM32C031G4U3, STM32C031G4U6, STM32C031G6U3, STM32C031G6U6, STM32C031K4T3, STM32C031K4T6, STM32C031K4U3, STM32C031K4U6, STM32C031K6T3, STM32C031K6T6, STM32C031K6U3, STM32C031K6U6, STM32C071C8T6, STM32C071C8T6N, STM32C071C8U6, STM32C071C8U6N, STM32C071CBT6, STM32C071CBT6N, STM32C071CBU6, STM32C071CBU6N, STM32C071F8P6, STM32C071F8P6N, STM32C071FBP6, STM32C071FBP6N, STM32C071FBY6TR, STM32C071G8U6, STM32C071G8U6N, STM32C071GBU6, STM32C071GBU6N, STM32C071K8T6, STM32C071K8T6N, STM32C071K8U6, STM32C071K8U6N, STM32C071KBT6, STM32C071KBT6N, STM32C071KBU6, STM32C071KBU6N, STM32C071R8T6, STM32C071R8T6N, STM32C071RBI6N, STM32C071RBT6, STM32C071RBT6N, STM32G071K8TXN, STM32G071K8UXN, STM32G081GBU6N, STM32G081KBT6N, STM32G081KBUXN, STM32G0B1CCT6N, STM32G0B1KCT6, STM32G0B1NEY6TR, STM32G0B1RCT6N, STM32G0C1CCT6, STM32G0C1CCT6N, STM32G0C1CCU6N, STM32G0C1CET6N, STM32G0C1CEU6N, STM32G0C1KCT6, STM32G0C1NEY6TR, STM32G0C1RCI6N, STM32G0C1RCT6N, STM32G0C1REI6N, STM32G0C1RET6N, STM32G0C1VCI6, STM32G0C1VEI6, STM32G411C6T3, STM32G411C6T6, STM32G411C6U3, STM32G411C6U6, STM32G411C8T3, STM32G411C8T6, STM32G411C8U3, STM32G411C8U6, STM32G411CBT3, STM32G411CBT6, STM32G411CBU3, STM32G411CBU6, STM32G411K6T3, STM32G411K6T6, STM32G411K6U3, STM32G411K6U6, STM32G411K8T3, STM32G411K8T6, STM32G411K8U3, STM32G411K8U6, STM32G411KBT3, STM32G411KBT6, STM32G411KBU3, STM32G411KBU6, STM32G411M6T3, STM32G411M6T6, STM32G411M8T3, STM32G411M8T6, STM32G411MBT3, STM32G411MBT6, STM32G411R6T3, STM32G411R6T6, STM32G411R8T3, STM32G411R8T6, STM32G411RBT3, STM32G411RBT6, STM32G414CBT3, STM32G414CBT6, STM32G414CBU3, STM32G414CBU6, STM32G414CCT3, STM32G414CCT6, STM32G414CCU3, STM32G414CCU6, STM32G414MBT3, STM32G414MBT6, STM32G414MCT3, STM32G414MCT6, STM32G414RBT3, STM32G414RBT6, STM32G414RCT3, STM32G414RCT6, STM32G414VBT3, STM32G414VBT6, STM32G414VCT3, STM32G414VCT6, STM32G431CBT3Z, STM32G431RBT3Z, STM32G471CCT6, STM32G471CCU6, STM32G471CET3, STM32G471CET6, STM32G471CEU3, STM32G471CEU6, STM32G471MCT6, STM32G471MET3, STM32G471MET6, STM32G471MEY6TR, STM32G471QCT6, STM32G471QET3, STM32G471RCT6, STM32G471RET3, STM32G471RET6, STM32G471VCH6, STM32G471VCI6, STM32G471VCT6, STM32G471VEH3, STM32G471VEH6, STM32G471VEI3, STM32G471VEI6, STM32G471VET3, STM32G471VET6, STM32G473QET3Z, STM32G473RET3Z, STM32G474CCT6, STM32G491RET3Z, STM32H503CBT6, STM32H503CBU6, STM32H503EBY6TR, STM32H503KBU6, STM32H503RBT6, STM32H523CCT6, STM32H523CCU6, STM32H523CET6, STM32H523CEU6, STM32H523HEY6TR, STM32H523RCT6, STM32H523RET6, STM32H523VCI6, STM32H523VCT6, STM32H523VEI6, STM32H523VET6, STM32H523ZCJ6, STM32H523ZCT6, STM32H523ZEJ6, STM32H523ZET6, STM32H533CET6, STM32H533CEU6, STM32H533HEY6TR, STM32H533RET6, STM32H533VEI6, STM32H533VET6, STM32H533ZEJ6, STM32H533ZET6, STM32H562AGI6, STM32H562AII6, STM32H562IGK6, STM32H562IGT6, STM32H562IIK6, STM32H562IIT6, STM32H562RGT6, STM32H562RGV6, STM32H562RIT6, STM32H562RIV6, STM32H562VGT6, STM32H562VIT6, STM32H562ZGT6, STM32H562ZIT6, STM32H563AGI6, STM32H563AII3Q, STM32H563AII6, STM32H563IGK6, STM32H563IGT6, STM32H563IIK3Q, STM32H563IIK6, STM32H563IIT3Q, STM32H563IIT6, STM32H563MIY3QTR, STM32H563RGT6, STM32H563RGV6, STM32H563RIT6, STM32H563RIV6, STM32H563VGT6, STM32H563VIT3Q, STM32H563VIT6, STM32H563ZGT6, STM32H563ZIT3Q, STM32H563ZIT6, STM32H573AII3Q, STM32H573AII6, STM32H573I-DK, STM32H573IIK3Q, STM32H573IIK6, STM32H573IIT3Q, STM32H573IIT6, STM32H573MIY3QTR, STM32H573RIT6, STM32H573RIV6, STM32H573VIT3Q, STM32H573VIT6, STM32H573ZIT3Q, STM32H573ZIT6, STM32H7R3A8I6, STM32H7R3I8K6, STM32H7R3I8T6, STM32H7R3L8H6, STM32H7R3L8H6H, STM32H7R3R8V6, STM32H7R3V8H6, STM32H7R3V8T6, STM32H7R3V8Y6TR, STM32H7R3Z8J6, STM32H7R3Z8T6, STM32H7R7A8I6, STM32H7R7I8K6, STM32H7R7I8T6, STM32H7R7L8H6, STM32H7R7L8H6H, STM32H7R7Z8J6, STM32H7S3A8I6, STM32H7S3I8K6, STM32H7S3I8T6, STM32H7S3L8H6, STM32H7S3L8H6H, STM32H7S3R8V6, STM32H7S3V8H6, STM32H7S3V8T6, STM32H7S3V8Y6TR, STM32H7S3Z8J6, STM32H7S3Z8T6, STM32H7S78-DK, STM32H7S7A8I6, STM32H7S7I8K6, STM32H7S7I8T6, STM32H7S7L8H6, STM32H7S7L8H6H, STM32H7S7Z8J6, STM32L4R5QGI6STR, STM32MP131AAE3, STM32MP131AAF3, STM32MP131AAG3, STM32MP131CAE3, STM32MP131CAF3, STM32MP131CAG3, STM32MP131DAE7, STM32MP131DAF7, STM32MP131DAG7, STM32MP131FAE7, STM32MP131FAF7, STM32MP131FAG7, STM32MP133AAE3, STM32MP133AAF3, STM32MP133AAG3, STM32MP133CAE3, STM32MP133CAF3, STM32MP133CAG3, STM32MP133DAE7, STM32MP133DAF7, STM32MP133DAG7, STM32MP133FAE7, STM32MP133FAF7, STM32MP133FAG7, STM32MP135AAE3, STM32MP135AAF3, STM32MP135AAG3, STM32MP135CAE3, STM32MP135CAF3, STM32MP135CAG3, STM32MP135DAE7, STM32MP135DAF7, STM32MP135DAG7, STM32MP135F-DK, STM32MP135FAE7, STM32MP135FAF7, STM32MP135FAF7T, STM32MP135FAF7U, STM32MP135FAG7, STM32MP251AAI3, STM32MP251AAK3, STM32MP251AAL3, STM32MP251CAI3, STM32MP251CAK3, STM32MP251CAL3, STM32MP251DAI3, STM32MP251DAK3, STM32MP251DAL3, STM32MP251FAI3, STM32MP251FAK3, STM32MP251FAL3, STM32MP253AAI3, STM32MP253AAK3, STM32MP253AAL3, STM32MP253CAI3, STM32MP253CAK3, STM32MP253CAL3, STM32MP253DAI3, STM32MP253DAK3, STM32MP253DAL3, STM32MP253FAI3, STM32MP253FAK3, STM32MP253FAL3, STM32MP255AAI3, STM32MP255AAK3, STM32MP255AAL3, STM32MP255CAI3, STM32MP255CAK3, STM32MP255CAL3, STM32MP255DAI3, STM32MP255DAK3, STM32MP255DAL3, STM32MP255FAI3, STM32MP255FAK3, STM32MP255FAL3, STM32MP257AAI3, STM32MP257AAK3, STM32MP257AAL3, STM32MP257CAI3, STM32MP257CAK3, STM32MP257CAL3, STM32MP257DAI3, STM32MP257DAK3, STM32MP257DAL3, STM32MP257F-DK, STM32MP257F-EV1, STM32MP257FAI3, STM32MP257FAK3, STM32MP257FAL3, STM32U031C6T6, STM32U031C6U6, STM32U031C8T6, STM32U031C8U6, STM32U031F4P6, STM32U031F6P6, STM32U031F8P6, STM32U031G6Y6TR, STM32U031G8Y6TR, STM32U031K4U6, STM32U031K6U6, STM32U031K8U6, STM32U031R6I6, STM32U031R6T6, STM32U031R8I6, STM32U031R8T6, STM32U073C8T6, STM32U073C8U6, STM32U073CBT6, STM32U073CBU6, STM32U073CCT6, STM32U073CCU6, STM32U073H8Y6TR, STM32U073HBY6TR, STM32U073HCY6TR, STM32U073K8U6, STM32U073KBU6, STM32U073KCU6, STM32U073M8I6, STM32U073M8T6, STM32U073MBI6, STM32U073MBT6, STM32U073MCI6, STM32U073MCT6, STM32U073R8I6, STM32U073R8T6, STM32U073RBI6, STM32U073RBT6, STM32U073RCI6, STM32U073RCT6, STM32U083C-DK, STM32U083CCT6, STM32U083CCU6, STM32U083HCY6TR, STM32U083KCU6, STM32U083MCI6, STM32U083MCT6, STM32U083RCI6, STM32U083RCT6, STM32U535CBT6, STM32U535CBT6Q, STM32U535CBU6, STM32U535CBU6Q, STM32U535CCT6, STM32U535CCT6Q, STM32U535CCU6, STM32U535CCU6Q, STM32U535CET6, STM32U535CET6Q, STM32U535CEU6, STM32U535CEU6Q, STM32U535JEY6QTR, STM32U535NCY6QTR, STM32U535NEY6QTR, STM32U535RBI6, STM32U535RBI6Q, STM32U535RBT6, STM32U535RBT6Q, STM32U535RCI6, STM32U535RCI6Q, STM32U535RCT6, STM32U535RCT6Q, STM32U535REI6, STM32U535REI6Q, STM32U535RET6, STM32U535RET6Q, STM32U535VCI6, STM32U535VCI6Q, STM32U535VCT6, STM32U535VCT6Q, STM32U535VEI6, STM32U535VEI6Q, STM32U535VET6, STM32U535VET6Q, STM32U545CET6, STM32U545CET6Q, STM32U545CEU6, STM32U545CEU6Q, STM32U545JEY6QTR, STM32U545NEY6QTR, STM32U545REI6, STM32U545REI6Q, STM32U545RET6, STM32U545RET6Q, STM32U545VEI6, STM32U545VEI6Q, STM32U545VET6, STM32U545VET6Q, STM32U595AIH6, STM32U595AIH6Q, STM32U595AJH6, STM32U595AJH6Q, STM32U595QII6, STM32U595QII6Q, STM32U595QJI6, STM32U595QJI6Q, STM32U595RIT6, STM32U595RIT6Q, STM32U595RJT6, STM32U595RJT6Q, STM32U595VIT6, STM32U595VIT6Q, STM32U595VJT6, STM32U595VJT6Q, STM32U595ZIT6, STM32U595ZIT6Q, STM32U595ZIY6QTR, STM32U595ZJT6, STM32U595ZJT6Q, STM32U595ZJY6QTR, STM32U599BJY6QTR, STM32U599NIH6Q, STM32U599NJH6Q, STM32U599VIT6Q, STM32U599VJT6, STM32U599VJT6Q, STM32U599ZIT6Q, STM32U599ZIY6QTR, STM32U599ZJT6Q, STM32U599ZJY6QTR, STM32U5A5AJH6, STM32U5A5AJH6Q, STM32U5A5QII3Q , STM32U5A5QJI6, STM32U5A5QJI6Q, STM32U5A5RJT6, STM32U5A5RJT6Q, STM32U5A5VJT6, STM32U5A5VJT6Q, STM32U5A5ZJT6, STM32U5A5ZJT6Q, STM32U5A5ZJY6QTR, STM32U5A9BJY6QTR, STM32U5A9J-DK, STM32U5A9NJH6Q, STM32U5A9VJT6Q, STM32U5A9ZJT6Q, STM32U5A9ZJY6QTR, STM32U5F7VIT6, STM32U5F7VIT6Q, STM32U5F7VJT6, STM32U5F7VJT6Q, STM32U5F9BJY6QTR, STM32U5F9NJH6Q, STM32U5F9VIT6Q, STM32U5F9VJT6Q, STM32U5F9ZIJ6QTR, STM32U5F9ZIT6Q, STM32U5F9ZJJ6QTR, STM32U5F9ZJT6Q, STM32U5G7VJT6, STM32U5G7VJT6Q, STM32U5G9BJY6QTR, STM32U5G9J-DK1, STM32U5G9J-DK2, STM32U5G9NJH6Q, STM32U5G9VJT6Q, STM32U5G9ZJJ6QTR, STM32U5G9ZJT6Q, STM32WB05KZV6TR, STM32WB05KZV7TR, STM32WB05TZF6TR, STM32WB05TZF7TR, STM32WB06CCF6TR, STM32WB06CCF7TR, STM32WB06CCV6TR, STM32WB06CCV7TR, STM32WB06KCV6TR, STM32WB06KCV7TR, STM32WB07CCF6TR, STM32WB07CCF7TR, STM32WB07CCV6TR, STM32WB07CCV7TR, STM32WB07KCV6TR, STM32WB07KCV7TR, STM32WB09KEV6TR, STM32WB09KEV7TR, STM32WB09TEF6TR, STM32WB09TEF7TR, STM32WB1MMCH6, STM32WBA50KGU6, STM32WBA50KGU6TR, STM32WBA52CEU6, STM32WBA52CEU6TR, STM32WBA52CEU7, STM32WBA52CEU7TR, STM32WBA52CGU6, STM32WBA52CGU6TR, STM32WBA52CGU6U, STM32WBA52CGU7, STM32WBA52CGU7TR, STM32WBA52KEU6, STM32WBA52KEU6TR, STM32WBA52KGU6, STM32WBA52KGU6TR, STM32WBA54CEU6, STM32WBA54CEU6TR, STM32WBA54CEU7, STM32WBA54CEU7TR, STM32WBA54CGU6, STM32WBA54CGU6TR, STM32WBA54CGU7, STM32WBA54CGU7TR, STM32WBA54KEU6, STM32WBA54KEU6TR, STM32WBA54KEU7, STM32WBA54KEU7TR, STM32WBA54KGU6, STM32WBA54KGU6TR, STM32WBA54KGU7, STM32WBA54KGU7TR, STM32WBA55CEU6, STM32WBA55CEU6TR, STM32WBA55CEU7, STM32WBA55CEU7TR, STM32WBA55CGU6, STM32WBA55CGU6TR, STM32WBA55CGU6U, STM32WBA55CGU7, STM32WBA55CGU7TR, STM32WBA55G-DK1, STM32WBA55HEF6, STM32WBA55HEF7, STM32WBA55HGF6, STM32WBA55HGF7, STM32WBA55UEI6, STM32WBA55UEI6TR, STM32WBA55UEI7, STM32WBA55UEI7TR, STM32WBA55UGI6, STM32WBA55UGI6TR, STM32WBA55UGI7, STM32WBA55UGI7TR, STM32WL5MOCH6, STM32WL5MOCH6TR]
2024-11-24 19:16:16,482 [INFO] DbMcus:218 - Found 4252 MCUs, 4252 are supported
2024-11-24 19:16:16,482 [INFO] ApiDb:423 - Load user favorites file C:\Users\Bazar/.stm32cubeide/favorites.mcus.txt: 0 item(s)
2024-11-24 19:16:16,483 [INFO] ApiDb:427 - User favorites MCUs=[]
2024-11-24 19:16:16,483 [INFO] DbMcus:224 - Set 0 / 0 favorites MCUs
2024-11-24 19:16:16,938 [INFO] ApiDb:414 - User favorites file not found: C:\Users\Bazar/.stm32cubeide/favorites.boards.txt
2024-11-24 19:16:16,938 [INFO] DbBoards:198 - Set 0 / 0 favorites Boards
2024-11-24 19:16:16,939 [INFO] McuFinderGlobals:76 - Set McuFinderConnectedMode to false
2024-11-24 19:16:16,947 [INFO] MultiScanPanel:207 - No auto-refresh data => no check proxy status
2024-11-24 19:16:16,950 [INFO] FinderPluginLoader:95 - Searching for filters in installed packs
2024-11-24 19:16:16,952 [INFO] FinderPluginLoader:108 - Found C:\Users\Bazar\STM32Cube\Repository\Packs\STMicroelectronics\X-CUBE-AI\9.0.0\CubeMX\plugins\ip\ai.9.0.0.jar
2024-11-24 19:16:16,953 [INFO] FinderPluginLoader:118 - Loading ai.9.0.0
2024-11-24 19:16:17,008 [INFO] McuExtendedFiltersManager:95 - Add MCU extended filter: Artificial Intelligence
2024-11-24 19:16:17,910 [INFO] AInterface:112 - AInterface using toolDir: C:/Users/Bazar/STM32Cube/Repository//Packs/STMicroelectronics/X-CUBE-AI/9.0.0/Utilities/windows
2024-11-24 19:16:18,553 [WARN] DetailPanel:346 - Failed to get advertising image, set to default
2024-11-24 19:16:58,707 [ERROR] CheckConnectionManager:249 - Problem, Http access forbiden
2024-11-24 19:16:58,709 [INFO] MainUpdater:2873 - connection check result : 22
2024-11-24 19:16:58,774 [INFO] RulesReader:64 - Compatibility file has been processed (297 Rules)
2024-11-24 19:16:58,792 [INFO] RulesReader:64 - Compatibility file has been processed (297 Rules)
2024-11-24 19:16:58,796 [INFO] MicroXplorer:468 - Change Database Path : 
2024-11-24 19:16:58,797 [INFO] MicroXplorer:498 - Change Database Version : DB.6.0.121
2024-11-24 19:16:58,805 [WARN] ThirdParty:871 - waiting for thirdparty lock release [close project]
2024-11-24 19:16:58,806 [INFO] ThirdParty:873 - entering critical section [close project]
2024-11-24 19:16:58,807 [INFO] ThirdParty:883 - exiting critical section [close project]
2024-11-24 19:16:58,810 [INFO] PinOutPanel:1561 - setPackage(No Configuration,No Configuration)
2024-11-24 19:16:58,829 [INFO] UtilMem:75 - Begin LoadConfig() Used Memory: 238377800 Bytes (630194176)
2024-11-24 19:16:58,831 [INFO] MicroXplorer:468 - Change Database Path : 
2024-11-24 19:16:58,831 [INFO] MicroXplorer:498 - Change Database Version : DB.6.0.121
2024-11-24 19:16:58,831 [INFO] OpenFileManager:332 - Change cursor
2024-11-24 19:16:58,850 [WARN] IntegrityCheckThread:84 - waiting for thirdparty lock release [integrity check]
2024-11-24 19:16:58,850 [INFO] IntegrityCheckThread:86 - entering critical section [integrity check]
2024-11-24 19:16:58,961 [WARN] PackLoader:240 - Cannot read IP mode file for STMicroelectronics.FP-SNS-FLIGHT1.5.0.2
2024-11-24 19:16:58,982 [WARN] PackLoader:240 - Cannot read IP mode file for STMicroelectronics.X-CUBE-BLE1.7.0.0
2024-11-24 19:16:59,000 [WARN] PackLoader:240 - Cannot read IP mode file for STMicroelectronics.FP-SNS-SMARTAG2.1.2.0
2024-11-24 19:16:59,019 [WARN] PackLoader:240 - Cannot read IP mode file for STMicroelectronics.X-CUBE-BLE2.3.3.0
2024-11-24 19:16:59,033 [WARN] PackLoader:240 - Cannot read IP mode file for STMicroelectronics.FP-ATR-SIGFOX1.3.2.0
2024-11-24 19:16:59,040 [WARN] PackLoader:240 - Cannot read IP mode file for STMicroelectronics.X-CUBE-TOUCHGFX.4.24.0
2024-11-24 19:16:59,096 [WARN] PackLoader:240 - Cannot read IP mode file for STMicroelectronics.FP-ATR-ASTRA1.2.0.0
2024-11-24 19:16:59,097 [INFO] ThirdParty:978 - Integrity check success = true
2024-11-24 19:16:59,097 [INFO] IntegrityCheckThread:100 - exiting critical section [integrity check]
2024-11-24 19:16:59,097 [INFO] IntegrityCheckThread:103 - End integrity checks thread
2024-11-24 19:16:59,193 [INFO] Mcu:2032 - Initializing MCU STM32F411VETx STM32F411VETx STM32F411VET6
2024-11-24 19:17:01,246 [INFO] Context:742 - Trying to add GPIOservice into a context  which must be forbidden
2024-11-24 19:17:01,703 [INFO] ImportTextPane:205 - (OptionalMessage_ERROR) Unable to find key (Mcu.ThirdPartyNb) in loaded IOC file
2024-11-24 19:17:01,703 [INFO] ImportTextPane:205 - (OptionalMessage_ERROR) Unable to find key (Mcu.PinsNb) in loaded IOC file
2024-11-24 19:17:01,703 [INFO] ImportTextPane:205 - (OptionalMessage_ERROR) Unable to find key (Mcu.IPNb) in loaded IOC file
2024-11-24 19:17:01,792 [WARN] ModelIntegratedComponent:63 - No mode defined for component null
2024-11-24 19:17:01,792 [WARN] ModelIntegratedComponent:63 - No mode defined for component null
2024-11-24 19:17:01,792 [WARN] ModelIntegratedComponent:63 - No mode defined for component null
2024-11-24 19:17:01,792 [WARN] ModelIntegratedComponent:63 - No mode defined for component null
2024-11-24 19:17:01,793 [WARN] ModelIntegratedComponent:63 - No mode defined for component null
2024-11-24 19:17:01,793 [WARN] ModelIntegratedComponent:63 - No mode defined for component null
2024-11-24 19:17:01,793 [WARN] ModelIntegratedComponent:63 - No mode defined for component null
2024-11-24 19:17:01,793 [WARN] ModelIntegratedComponent:63 - No mode defined for component null
2024-11-24 19:17:01,793 [WARN] ModelIntegratedComponent:63 - No mode defined for component null
2024-11-24 19:17:01,793 [WARN] ModelIntegratedComponent:63 - No mode defined for component null
2024-11-24 19:17:01,793 [WARN] ModelIntegratedComponent:63 - No mode defined for component null
2024-11-24 19:17:01,793 [WARN] ModelIntegratedComponent:63 - No mode defined for component null
2024-11-24 19:17:01,793 [WARN] ModelIntegratedComponent:63 - No mode defined for component null
2024-11-24 19:17:01,793 [WARN] ModelIntegratedComponent:63 - No mode defined for component null
2024-11-24 19:17:01,793 [WARN] ModelIntegratedComponent:63 - No mode defined for component null
2024-11-24 19:17:01,793 [WARN] ModelIntegratedComponent:63 - No mode defined for component null
2024-11-24 19:17:01,794 [WARN] ModelIntegratedComponent:63 - No mode defined for component null
2024-11-24 19:17:01,794 [WARN] ModelIntegratedComponent:63 - No mode defined for component null
2024-11-24 19:17:01,794 [WARN] ModelIntegratedComponent:63 - No mode defined for component null
2024-11-24 19:17:01,794 [WARN] ModelIntegratedComponent:63 - No mode defined for component null
2024-11-24 19:17:01,794 [WARN] ModelIntegratedComponent:63 - No mode defined for component null
2024-11-24 19:17:01,794 [WARN] ModelIntegratedComponent:63 - No mode defined for component null
2024-11-24 19:17:01,794 [WARN] ModelIntegratedComponent:63 - No mode defined for component null
2024-11-24 19:17:01,794 [WARN] ModelIntegratedComponent:63 - No mode defined for component null
2024-11-24 19:17:01,794 [WARN] ModelIntegratedComponent:63 - No mode defined for component null
2024-11-24 19:17:01,794 [WARN] ModelIntegratedComponent:63 - No mode defined for component null
2024-11-24 19:17:01,795 [WARN] ModelIntegratedComponent:63 - No mode defined for component null
2024-11-24 19:17:01,795 [WARN] ModelIntegratedComponent:63 - No mode defined for component null
2024-11-24 19:17:01,795 [WARN] ModelIntegratedComponent:63 - No mode defined for component null
2024-11-24 19:17:01,795 [WARN] ModelIntegratedComponent:63 - No mode defined for component null
2024-11-24 19:17:01,795 [WARN] ModelIntegratedComponent:63 - No mode defined for component null
2024-11-24 19:17:01,795 [WARN] ModelIntegratedComponent:63 - No mode defined for component null
2024-11-24 19:17:01,795 [WARN] ModelIntegratedComponent:63 - No mode defined for component null
2024-11-24 19:17:01,795 [WARN] ModelIntegratedComponent:63 - No mode defined for component null
2024-11-24 19:17:01,795 [WARN] ModelIntegratedComponent:63 - No mode defined for component null
2024-11-24 19:17:01,795 [WARN] ModelPack:524 - Component already loaded: STMicroelectronics:HAL Drivers:0.0.0:STMicroelectronics:Device:STMicro_Driver:XSPI:HAL::0.0.1:HAL_XSPI
2024-11-24 19:17:01,800 [INFO] RtosManager:555 - Registered RTOS mode: class=CMSIS, group=RTOS, mode=CMSIS_V1, owner=FREERTOS
2024-11-24 19:17:01,800 [INFO] RtosManager:555 - Registered RTOS mode: class=CMSIS, group=RTOS2, mode=CMSIS_V2, owner=FREERTOS
2024-11-24 19:17:01,800 [INFO] RtosManager:555 - Registered RTOS mode: class=RTOS, group=Core, mode=CMSIS_V1, owner=FREERTOS
2024-11-24 19:17:01,800 [INFO] RtosManager:555 - Registered RTOS mode: class=RTOS, group=Core, mode=CMSIS_V2, owner=FREERTOS
2024-11-24 19:17:01,800 [WARN] ModelIntegratedComponent:184 - Missing modes for component STMicroelectronics:FreeRTOS:0.0.1:STMicroelectronics:RTOS:FreeRTOS:Core:::10.2.0:
2024-11-24 19:17:01,801 [WARN] ModelIntegratedComponent:182 - Modes not found for component STMicroelectronics:USB_DEVICE:1.0.0:STMicroelectronics:USB::USB Device:Audio HS::1.0:USB_DEVICE_1_0_RESTRICTED_HS
2024-11-24 19:17:01,801 [WARN] ModelIntegratedComponent:188 - Modes not found for component STMicroelectronics:USB_DEVICE:1.0.0:STMicroelectronics:USB::USB Device:Audio HS::1.0:USB_DEVICE_1_0_RESTRICTED_HS
2024-11-24 19:17:01,801 [WARN] ModelIntegratedComponent:182 - Modes not found for component STMicroelectronics:USB_DEVICE:1.0.0:STMicroelectronics:USB::USB Device:CDC HS::1.0:USB_DEVICE_1_0_RESTRICTED_HS
2024-11-24 19:17:01,801 [WARN] ModelIntegratedComponent:188 - Modes not found for component STMicroelectronics:USB_DEVICE:1.0.0:STMicroelectronics:USB::USB Device:CDC HS::1.0:USB_DEVICE_1_0_RESTRICTED_HS
2024-11-24 19:17:01,802 [WARN] ModelIntegratedComponent:182 - Modes not found for component STMicroelectronics:USB_DEVICE:1.0.0:STMicroelectronics:USB::USB Device:DFU HS::1.0:USB_DEVICE_1_0_RESTRICTED_HS
2024-11-24 19:17:01,802 [WARN] ModelIntegratedComponent:188 - Modes not found for component STMicroelectronics:USB_DEVICE:1.0.0:STMicroelectronics:USB::USB Device:DFU HS::1.0:USB_DEVICE_1_0_RESTRICTED_HS
2024-11-24 19:17:01,802 [WARN] ModelIntegratedComponent:182 - Modes not found for component STMicroelectronics:USB_DEVICE:1.0.0:STMicroelectronics:USB::USB Device:HID HS::1.0:USB_DEVICE_1_0_RESTRICTED_HS
2024-11-24 19:17:01,802 [WARN] ModelIntegratedComponent:188 - Modes not found for component STMicroelectronics:USB_DEVICE:1.0.0:STMicroelectronics:USB::USB Device:HID HS::1.0:USB_DEVICE_1_0_RESTRICTED_HS
2024-11-24 19:17:01,802 [WARN] ModelIntegratedComponent:182 - Modes not found for component STMicroelectronics:USB_DEVICE:1.0.0:STMicroelectronics:USB::USB Device:Custom HID HS::1.0:USB_DEVICE_1_0_RESTRICTED_HS
2024-11-24 19:17:01,802 [WARN] ModelIntegratedComponent:188 - Modes not found for component STMicroelectronics:USB_DEVICE:1.0.0:STMicroelectronics:USB::USB Device:Custom HID HS::1.0:USB_DEVICE_1_0_RESTRICTED_HS
2024-11-24 19:17:01,802 [WARN] ModelIntegratedComponent:182 - Modes not found for component STMicroelectronics:USB_DEVICE:1.0.0:STMicroelectronics:USB::USB Device:MSC HS::1.0:USB_DEVICE_1_0_RESTRICTED_HS
2024-11-24 19:17:01,802 [WARN] ModelIntegratedComponent:188 - Modes not found for component STMicroelectronics:USB_DEVICE:1.0.0:STMicroelectronics:USB::USB Device:MSC HS::1.0:USB_DEVICE_1_0_RESTRICTED_HS
2024-11-24 19:17:01,805 [WARN] ModelIntegratedComponent:182 - Modes not found for component STMicroelectronics:USB_HOST:1.0.0:STMicroelectronics:USB::USB Host:Audio HS::1.0:USB_HOST_1_0_RESTRICTED_HS
2024-11-24 19:17:01,805 [WARN] ModelIntegratedComponent:188 - Modes not found for component STMicroelectronics:USB_HOST:1.0.0:STMicroelectronics:USB::USB Host:Audio HS::1.0:USB_HOST_1_0_RESTRICTED_HS
2024-11-24 19:17:01,805 [WARN] ModelIntegratedComponent:182 - Modes not found for component STMicroelectronics:USB_HOST:1.0.0:STMicroelectronics:USB::USB Host:CDC HS::1.0:USB_HOST_1_0_RESTRICTED_HS
2024-11-24 19:17:01,805 [WARN] ModelIntegratedComponent:188 - Modes not found for component STMicroelectronics:USB_HOST:1.0.0:STMicroelectronics:USB::USB Host:CDC HS::1.0:USB_HOST_1_0_RESTRICTED_HS
2024-11-24 19:17:01,805 [WARN] ModelIntegratedComponent:182 - Modes not found for component STMicroelectronics:USB_HOST:1.0.0:STMicroelectronics:USB::USB Host:MSC HS::1.0:USB_HOST_1_0_RESTRICTED_HS
2024-11-24 19:17:01,805 [WARN] ModelIntegratedComponent:188 - Modes not found for component STMicroelectronics:USB_HOST:1.0.0:STMicroelectronics:USB::USB Host:MSC HS::1.0:USB_HOST_1_0_RESTRICTED_HS
2024-11-24 19:17:01,805 [WARN] ModelIntegratedComponent:182 - Modes not found for component STMicroelectronics:USB_HOST:1.0.0:STMicroelectronics:USB::USB Host:HID HS::1.0:USB_HOST_1_0_RESTRICTED_HS
2024-11-24 19:17:01,805 [WARN] ModelIntegratedComponent:188 - Modes not found for component STMicroelectronics:USB_HOST:1.0.0:STMicroelectronics:USB::USB Host:HID HS::1.0:USB_HOST_1_0_RESTRICTED_HS
2024-11-24 19:17:01,806 [WARN] ModelIntegratedComponent:182 - Modes not found for component STMicroelectronics:USB_HOST:1.0.0:STMicroelectronics:USB::USB Host:MTP HS::1.0:USB_HOST_1_0_RESTRICTED_HS
2024-11-24 19:17:01,806 [WARN] ModelIntegratedComponent:188 - Modes not found for component STMicroelectronics:USB_HOST:1.0.0:STMicroelectronics:USB::USB Host:MTP HS::1.0:USB_HOST_1_0_RESTRICTED_HS
2024-11-24 19:17:01,811 [INFO] ThirdPartyModel:298 - Start build external matchings
2024-11-24 19:17:01,817 [INFO] ThirdPartyModel:316 - End build external matchings
2024-11-24 19:17:02,418 [INFO] UtilMem:75 - End LoadConfig() Used Memory: 364205920 Bytes (808452096)
2024-11-24 19:17:02,476 [WARN] ThirdParty:833 - waiting for thirdparty lock release [change project]
2024-11-24 19:17:02,476 [INFO] ThirdParty:835 - entering critical section [change project]
2024-11-24 19:17:02,476 [INFO] ThirdParty:1030 - CMSIS Pack Vendor :STMicroelectronics USBPD 4.1
2024-11-24 19:17:02,477 [INFO] ThirdParty:1030 - CMSIS Pack Vendor :STMicroelectronics USB_HOST 2.0.0
2024-11-24 19:17:02,477 [INFO] ThirdParty:1030 - CMSIS Pack Vendor :STMicroelectronics LIBJPEG 8.0.0
2024-11-24 19:17:02,477 [INFO] ThirdParty:1030 - CMSIS Pack Vendor :STMicroelectronics X-CUBE-BLE1 7.0.0
2024-11-24 19:17:02,477 [INFO] ThirdParty:1030 - CMSIS Pack Vendor :STMicroelectronics FP-ATR-SIGFOX1 3.2.0
2024-11-24 19:17:02,477 [INFO] ThirdParty:1030 - CMSIS Pack Vendor :STMicroelectronics USB_DEVICE 3.0.0
2024-11-24 19:17:02,477 [INFO] ThirdParty:1030 - CMSIS Pack Vendor :STMicroelectronics HAL Drivers 0.0.0
2024-11-24 19:17:02,477 [INFO] ThirdParty:1030 - CMSIS Pack Vendor :STMicroelectronics MBEDTLS 2.16.2
2024-11-24 19:17:02,477 [INFO] ThirdParty:1030 - CMSIS Pack Vendor :STMicroelectronics MBEDTLS 2.14.1
2024-11-24 19:17:02,477 [INFO] ThirdParty:1030 - CMSIS Pack Vendor :STMicroelectronics X-CUBE-TOUCHGFX 4.24.0
2024-11-24 19:17:02,477 [INFO] ThirdParty:1030 - CMSIS Pack Vendor :STMicroelectronics USB_DEVICE 2.0.0
2024-11-24 19:17:02,477 [INFO] ThirdParty:1030 - CMSIS Pack Vendor :STMicroelectronics ThreadX 1.0.0
2024-11-24 19:17:02,477 [INFO] ThirdParty:1030 - CMSIS Pack Vendor :STMicroelectronics FP-SNS-SMARTAG2 1.2.0
2024-11-24 19:17:02,477 [INFO] ThirdParty:1030 - CMSIS Pack Vendor :STMicroelectronics FreeRTOS 0.0.1
2024-11-24 19:17:02,477 [INFO] ThirdParty:1030 - CMSIS Pack Vendor :STMicroelectronics USB_DEVICE 1.0.0
2024-11-24 19:17:02,478 [INFO] ThirdParty:1030 - CMSIS Pack Vendor :STMicroelectronics STM32_WPAN 1.0.0
2024-11-24 19:17:02,478 [INFO] ThirdParty:1030 - CMSIS Pack Vendor :STMicroelectronics ThreadX 0.0.2
2024-11-24 19:17:02,478 [INFO] ThirdParty:1030 - CMSIS Pack Vendor :STMicroelectronics FP-ATR-ASTRA1 2.0.0
2024-11-24 19:17:02,478 [INFO] ThirdParty:1030 - CMSIS Pack Vendor :STMicroelectronics lwIP 2.0.3
2024-11-24 19:17:02,478 [INFO] ThirdParty:1030 - CMSIS Pack Vendor :STMicroelectronics lwIP 2.1.2
2024-11-24 19:17:02,478 [INFO] ThirdParty:1030 - CMSIS Pack Vendor :STMicroelectronics FP-SNS-FLIGHT1 5.0.2
2024-11-24 19:17:02,478 [INFO] ThirdParty:1030 - CMSIS Pack Vendor :STMicroelectronics X-CUBE-BLE2 3.3.0
2024-11-24 19:17:02,478 [INFO] ThirdParty:1030 - CMSIS Pack Vendor :STMicroelectronics USB_HOST 1.0.0
2024-11-24 19:17:02,478 [INFO] ThirdParty:1030 - CMSIS Pack Vendor :STMicroelectronics PDM2PCM 3.1.0
2024-11-24 19:17:02,478 [INFO] ThirdParty:1030 - CMSIS Pack Vendor :STMicroelectronics PDM2PCM 3.2.0
2024-11-24 19:17:02,478 [INFO] ThirdParty:1030 - CMSIS Pack Vendor :STMicroelectronics PDM2PCM 3.3.0
2024-11-24 19:17:02,478 [INFO] ThirdParty:841 - exiting critical section [change project]
2024-11-24 19:17:02,931 [INFO] PinOutPanel:1561 - setPackage(No Configuration,No Configuration)
2024-11-24 19:17:02,933 [INFO] PinOutPanel:1561 - setPackage(STM32F411VETx,LQFP100)
2024-11-24 19:17:03,605 [INFO] UtilMem:75 - Before build in PCC Used Memory: 548218864 Bytes (808452096)
2024-11-24 19:17:04,651 [INFO] UtilMem:75 - After build in PCC Used Memory: 619522032 Bytes (808452096)
2024-11-24 19:17:04,691 [INFO] IPUIPlugin:80 - create IPUIPlugin
2024-11-24 19:17:04,692 [INFO] IPUIPlugin:80 - create IPUIPlugin
2024-11-24 19:17:04,692 [INFO] IPUIPlugin:80 - create IPUIPlugin
2024-11-24 19:17:04,692 [INFO] IPUIPlugin:80 - create IPUIPlugin
2024-11-24 19:17:04,693 [INFO] IPUIPlugin:80 - create IPUIPlugin
2024-11-24 19:17:04,693 [INFO] IPUIPlugin:80 - create IPUIPlugin
2024-11-24 19:17:04,693 [INFO] IPUIPlugin:80 - create IPUIPlugin
2024-11-24 19:17:04,693 [INFO] IPUIPlugin:80 - create IPUIPlugin
2024-11-24 19:17:04,693 [INFO] IPUIPlugin:80 - create IPUIPlugin
2024-11-24 19:17:04,694 [INFO] IPUIPlugin:80 - create IPUIPlugin
2024-11-24 19:17:04,694 [INFO] IPUIPlugin:80 - create IPUIPlugin
2024-11-24 19:17:04,694 [INFO] IPUIPlugin:80 - create IPUIPlugin
2024-11-24 19:17:04,694 [INFO] IPUIPlugin:80 - create IPUIPlugin
2024-11-24 19:17:04,694 [INFO] IPUIPlugin:80 - create IPUIPlugin
2024-11-24 19:17:04,695 [INFO] IPUIPlugin:80 - create IPUIPlugin
2024-11-24 19:17:04,695 [INFO] IPUIPlugin:80 - create IPUIPlugin
2024-11-24 19:17:04,695 [INFO] IPUIPlugin:80 - create IPUIPlugin
2024-11-24 19:17:04,715 [INFO] IPUIPlugin:80 - create IPUIPlugin
2024-11-24 19:17:04,715 [INFO] IPUIPlugin:80 - create IPUIPlugin
2024-11-24 19:17:04,716 [INFO] IPUIPlugin:80 - create IPUIPlugin
2024-11-24 19:17:04,716 [INFO] IPUIPlugin:80 - create IPUIPlugin
2024-11-24 19:17:04,717 [INFO] IPUIPlugin:80 - create IPUIPlugin
2024-11-24 19:17:04,717 [INFO] IPUIPlugin:80 - create IPUIPlugin
2024-11-24 19:17:04,718 [INFO] IPUIPlugin:80 - create IPUIPlugin
2024-11-24 19:17:04,719 [INFO] IPUIPlugin:80 - create IPUIPlugin
2024-11-24 19:17:04,719 [INFO] IPUIPlugin:80 - create IPUIPlugin
2024-11-24 19:17:04,720 [INFO] IPUIPlugin:80 - create IPUIPlugin
2024-11-24 19:17:04,721 [INFO] IPUIPlugin:80 - create IPUIPlugin
2024-11-24 19:17:04,721 [INFO] IPUIPlugin:80 - create IPUIPlugin
2024-11-24 19:17:04,723 [INFO] IPUIPlugin:80 - create IPUIPlugin
2024-11-24 19:17:04,723 [INFO] IPUIPlugin:80 - create IPUIPlugin
2024-11-24 19:17:04,724 [INFO] IPUIPlugin:80 - create IPUIPlugin
2024-11-24 19:17:04,724 [INFO] IPUIPlugin:80 - create IPUIPlugin
2024-11-24 19:17:04,725 [INFO] IPUIPlugin:80 - create IPUIPlugin
2024-11-24 19:17:04,725 [INFO] IPUIPlugin:80 - create IPUIPlugin
2024-11-24 19:17:04,726 [INFO] IPUIPlugin:80 - create IPUIPlugin
2024-11-24 19:17:04,726 [INFO] IPUIPlugin:80 - create IPUIPlugin
2024-11-24 19:17:04,727 [INFO] IPUIPlugin:80 - create IPUIPlugin
2024-11-24 19:17:04,728 [INFO] IPUIPlugin:80 - create IPUIPlugin
2024-11-24 19:17:04,729 [INFO] IPUIPlugin:80 - create IPUIPlugin
2024-11-24 19:17:04,730 [INFO] IPUIPlugin:80 - create IPUIPlugin
2024-11-24 19:17:04,730 [INFO] IPUIPlugin:80 - create IPUIPlugin
2024-11-24 19:17:04,731 [INFO] IPUIPlugin:80 - create IPUIPlugin
2024-11-24 19:17:04,854 [INFO] ApiDbMcu:508 - Load IP Config File for PDM2PCM
2024-11-24 19:17:05,139 [INFO] CADModel:165 - CPN selected for project levelSTM32F411VET6
2024-11-24 19:17:05,140 [INFO] CADModel:114 - Register for checkConnection events
2024-11-24 19:17:05,212 [INFO] OpenFileManager:363 - Restore cursor
2024-11-24 19:17:07,496 [INFO] UtilMem:75 - End SaveConfig() Used Memory: 277273600 Bytes (808452096)
2024-11-24 19:17:22,155 [INFO] UtilMem:75 - End SaveConfig() Used Memory: 300823896 Bytes (808452096)
2024-11-24 19:17:22,904 [INFO] BlockDiagram:2766 - set Specific Code input for plugin: NVIC
2024-11-24 19:17:22,904 [INFO] BlockDiagram:2766 - set Specific Code input for plugin: RCC
2024-11-24 19:17:22,906 [INFO] CodeGenerator:807 - code generatio: config db path: C:\ST\STM32CubeIDE_1.16.1\STM32CubeIDE\plugins\com.st.stm32cube.common.mx_6.12.1.202409122256\\db\
2024-11-24 19:17:23,258 [INFO] CodeEngine:255 - oldGeneratedFile, C:\Users\Bazar\Desktop\STM32\STM32F411Discovery\My-STM32F411ve_Discovery\STM32F411Discovery_LCD_TFT_2-4_Inch\LCD_TFT_2_Inch\LCD_TFT_2_Inch\MXTmpFiles\license.tmp_save
2024-11-24 19:17:23,882 [INFO] CodeEngine:279 - Generated code: C:\Users\Bazar\Desktop\STM32\STM32F411Discovery\My-STM32F411ve_Discovery\STM32F411Discovery_LCD_TFT_2-4_Inch\LCD_TFT_2_Inch\LCD_TFT_2_Inch\MXTmpFiles\license.tmp
2024-11-24 19:17:23,934 [INFO] CodeEngine:255 - oldGeneratedFile, C:\Users\Bazar\Desktop\STM32\STM32F411Discovery\My-STM32F411ve_Discovery\STM32F411Discovery_LCD_TFT_2-4_Inch\LCD_TFT_2_Inch\LCD_TFT_2_Inch\Core\Src\stm32f4xx_it.c_save
2024-11-24 19:17:24,195 [INFO] CodeEngine:279 - Generated code: C:\Users\Bazar\Desktop\STM32\STM32F411Discovery\My-STM32F411ve_Discovery\STM32F411Discovery_LCD_TFT_2-4_Inch\LCD_TFT_2_Inch\LCD_TFT_2_Inch\Core\Src\stm32f4xx_it.c
2024-11-24 19:17:24,211 [INFO] CodeEngine:255 - oldGeneratedFile, C:\Users\Bazar\Desktop\STM32\STM32F411Discovery\My-STM32F411ve_Discovery\STM32F411Discovery_LCD_TFT_2-4_Inch\LCD_TFT_2_Inch\LCD_TFT_2_Inch\Core\Inc\stm32f4xx_it.h_save
2024-11-24 19:17:24,376 [INFO] CodeEngine:279 - Generated code: C:\Users\Bazar\Desktop\STM32\STM32F411Discovery\My-STM32F411ve_Discovery\STM32F411Discovery_LCD_TFT_2-4_Inch\LCD_TFT_2_Inch\LCD_TFT_2_Inch\Core\Inc\stm32f4xx_it.h
2024-11-24 19:17:24,517 [INFO] CodeEngine:255 - oldGeneratedFile, C:\Users\Bazar\Desktop\STM32\STM32F411Discovery\My-STM32F411ve_Discovery\STM32F411Discovery_LCD_TFT_2-4_Inch\LCD_TFT_2_Inch\LCD_TFT_2_Inch\Core\Src\stm32f4xx_hal_msp.c_save
2024-11-24 19:17:24,809 [INFO] CodeEngine:279 - Generated code: C:\Users\Bazar\Desktop\STM32\STM32F411Discovery\My-STM32F411ve_Discovery\STM32F411Discovery_LCD_TFT_2-4_Inch\LCD_TFT_2_Inch\LCD_TFT_2_Inch\Core\Src\stm32f4xx_hal_msp.c
2024-11-24 19:17:24,828 [INFO] CodeEngine:255 - oldGeneratedFile, C:\Users\Bazar\Desktop\STM32\STM32F411Discovery\My-STM32F411ve_Discovery\STM32F411Discovery_LCD_TFT_2-4_Inch\LCD_TFT_2_Inch\LCD_TFT_2_Inch\MXTmpFiles\system.tmp_save
2024-11-24 19:17:24,960 [INFO] CodeEngine:279 - Generated code: C:\Users\Bazar\Desktop\STM32\STM32F411Discovery\My-STM32F411ve_Discovery\STM32F411Discovery_LCD_TFT_2-4_Inch\LCD_TFT_2_Inch\LCD_TFT_2_Inch\MXTmpFiles\system.tmp
2024-11-24 19:17:24,994 [INFO] CodeEngine:311 - oldGeneratedFile, C:\Users\Bazar\Desktop\STM32\STM32F411Discovery\My-STM32F411ve_Discovery\STM32F411Discovery_LCD_TFT_2-4_Inch\LCD_TFT_2_Inch\LCD_TFT_2_Inch\Core\Inc\stm32f4xx_hal_conf.h_save
2024-11-24 19:17:25,206 [INFO] CodeEngine:335 - Generated code: C:\Users\Bazar\Desktop\STM32\STM32F411Discovery\My-STM32F411ve_Discovery\STM32F411Discovery_LCD_TFT_2-4_Inch\LCD_TFT_2_Inch\LCD_TFT_2_Inch\Core\Inc\stm32f4xx_hal_conf.h
2024-11-24 19:17:25,319 [INFO] CodeEngine:255 - oldGeneratedFile, C:\Users\Bazar\Desktop\STM32\STM32F411Discovery\My-STM32F411ve_Discovery\STM32F411Discovery_LCD_TFT_2-4_Inch\LCD_TFT_2_Inch\LCD_TFT_2_Inch\Core\Inc\main.h_save
2024-11-24 19:17:25,525 [INFO] CodeEngine:279 - Generated code: C:\Users\Bazar\Desktop\STM32\STM32F411Discovery\My-STM32F411ve_Discovery\STM32F411Discovery_LCD_TFT_2-4_Inch\LCD_TFT_2_Inch\LCD_TFT_2_Inch\Core\Inc\main.h
2024-11-24 19:17:25,552 [INFO] CodeEngine:255 - oldGeneratedFile, C:\Users\Bazar\Desktop\STM32\STM32F411Discovery\My-STM32F411ve_Discovery\STM32F411Discovery_LCD_TFT_2-4_Inch\LCD_TFT_2_Inch\LCD_TFT_2_Inch\Core\Src\main.c_save
2024-11-24 19:17:25,817 [INFO] CodeEngine:279 - Generated code: C:\Users\Bazar\Desktop\STM32\STM32F411Discovery\My-STM32F411ve_Discovery\STM32F411Discovery_LCD_TFT_2-4_Inch\LCD_TFT_2_Inch\LCD_TFT_2_Inch\Core\Src\main.c
2024-11-24 19:17:30,146 [INFO] McuFinderGlobals:76 - Set McuFinderConnectedMode to true
2024-11-24 19:17:30,154 [INFO] ApiDb:448 - Save user favorites file C:\Users\Bazar/.stm32cubeide/favorites.mcus.txt: 0 item(s)
2024-11-24 19:17:30,155 [INFO] ApiDb:452 - User favorites MCUs=[]
2024-11-24 19:19:05,789 [INFO] NvicIntPanel:101 - NVIC parent = com.st.microxplorer.plugins.ip.nvic.MultiNvicIntPanel[,0,0,0x0,invalid,layout=javax.swing.BoxLayout,alignmentX=0.0,alignmentY=0.0,border=,flags=9,maximumSize=,minimumSize=,preferredSize=]
2024-11-24 19:25:24,696 [INFO] UtilMem:75 - End SaveConfig() Used Memory: 588897792 Bytes (961544192)
2024-11-24 19:25:28,028 [INFO] UtilMem:75 - End SaveConfig() Used Memory: 608533536 Bytes (961544192)
2024-11-24 19:25:28,218 [INFO] UserAuth:417 - Internet connection configuration mode: 2
2024-11-24 19:25:31,112 [INFO] UtilMem:75 - End SaveConfig() Used Memory: 633464320 Bytes (961544192)
2024-11-24 19:25:31,270 [INFO] BlockDiagram:2766 - set Specific Code input for plugin: NVIC
2024-11-24 19:25:31,271 [INFO] BlockDiagram:2766 - set Specific Code input for plugin: TIM1_8
2024-11-24 19:25:31,271 [INFO] BlockDiagram:2766 - set Specific Code input for plugin: SYS
2024-11-24 19:25:31,271 [INFO] BlockDiagram:2766 - set Specific Code input for plugin: GPIO
2024-11-24 19:25:31,271 [INFO] BlockDiagram:2766 - set Specific Code input for plugin: RCC
2024-11-24 19:25:31,272 [INFO] CodeGenerator:807 - code generatio: config db path: C:\ST\STM32CubeIDE_1.16.1\STM32CubeIDE\plugins\com.st.stm32cube.common.mx_6.12.1.202409122256\\db\
2024-11-24 19:25:31,404 [INFO] CodeEngine:255 - oldGeneratedFile, C:\Users\Bazar\Desktop\STM32\STM32F411Discovery\My-STM32F411ve_Discovery\STM32F411Discovery_LCD_TFT_2-4_Inch\LCD_TFT_2_Inch\LCD_TFT_2_Inch\MXTmpFiles\license.tmp_save
2024-11-24 19:25:31,637 [INFO] CodeEngine:279 - Generated code: C:\Users\Bazar\Desktop\STM32\STM32F411Discovery\My-STM32F411ve_Discovery\STM32F411Discovery_LCD_TFT_2-4_Inch\LCD_TFT_2_Inch\LCD_TFT_2_Inch\MXTmpFiles\license.tmp
2024-11-24 19:25:31,822 [INFO] CodeEngine:255 - oldGeneratedFile, C:\Users\Bazar\Desktop\STM32\STM32F411Discovery\My-STM32F411ve_Discovery\STM32F411Discovery_LCD_TFT_2-4_Inch\LCD_TFT_2_Inch\LCD_TFT_2_Inch\MXTmpFiles\gpio.tmp_save
2024-11-24 19:25:32,092 [INFO] CodeEngine:279 - Generated code: C:\Users\Bazar\Desktop\STM32\STM32F411Discovery\My-STM32F411ve_Discovery\STM32F411Discovery_LCD_TFT_2-4_Inch\LCD_TFT_2_Inch\LCD_TFT_2_Inch\MXTmpFiles\gpio.tmp
2024-11-24 19:25:32,313 [INFO] CodeEngine:255 - oldGeneratedFile, C:\Users\Bazar\Desktop\STM32\STM32F411Discovery\My-STM32F411ve_Discovery\STM32F411Discovery_LCD_TFT_2-4_Inch\LCD_TFT_2_Inch\LCD_TFT_2_Inch\Core\Src\stm32f4xx_it.c_save
2024-11-24 19:25:32,611 [INFO] CodeEngine:279 - Generated code: C:\Users\Bazar\Desktop\STM32\STM32F411Discovery\My-STM32F411ve_Discovery\STM32F411Discovery_LCD_TFT_2-4_Inch\LCD_TFT_2_Inch\LCD_TFT_2_Inch\Core\Src\stm32f4xx_it.c
2024-11-24 19:25:32,618 [INFO] CodeEngine:255 - oldGeneratedFile, C:\Users\Bazar\Desktop\STM32\STM32F411Discovery\My-STM32F411ve_Discovery\STM32F411Discovery_LCD_TFT_2-4_Inch\LCD_TFT_2_Inch\LCD_TFT_2_Inch\Core\Inc\stm32f4xx_it.h_save
2024-11-24 19:25:32,794 [INFO] CodeEngine:279 - Generated code: C:\Users\Bazar\Desktop\STM32\STM32F411Discovery\My-STM32F411ve_Discovery\STM32F411Discovery_LCD_TFT_2-4_Inch\LCD_TFT_2_Inch\LCD_TFT_2_Inch\Core\Inc\stm32f4xx_it.h
2024-11-24 19:25:32,811 [INFO] CodeEngine:255 - oldGeneratedFile, C:\Users\Bazar\Desktop\STM32\STM32F411Discovery\My-STM32F411ve_Discovery\STM32F411Discovery_LCD_TFT_2-4_Inch\LCD_TFT_2_Inch\LCD_TFT_2_Inch\Core\Src\stm32f4xx_hal_msp.c_save
2024-11-24 19:25:33,084 [INFO] CodeEngine:279 - Generated code: C:\Users\Bazar\Desktop\STM32\STM32F411Discovery\My-STM32F411ve_Discovery\STM32F411Discovery_LCD_TFT_2-4_Inch\LCD_TFT_2_Inch\LCD_TFT_2_Inch\Core\Src\stm32f4xx_hal_msp.c
2024-11-24 19:25:33,091 [INFO] CodeEngine:255 - oldGeneratedFile, C:\Users\Bazar\Desktop\STM32\STM32F411Discovery\My-STM32F411ve_Discovery\STM32F411Discovery_LCD_TFT_2-4_Inch\LCD_TFT_2_Inch\LCD_TFT_2_Inch\MXTmpFiles\system.tmp_save
2024-11-24 19:25:33,278 [INFO] CodeEngine:279 - Generated code: C:\Users\Bazar\Desktop\STM32\STM32F411Discovery\My-STM32F411ve_Discovery\STM32F411Discovery_LCD_TFT_2-4_Inch\LCD_TFT_2_Inch\LCD_TFT_2_Inch\MXTmpFiles\system.tmp
2024-11-24 19:25:33,291 [INFO] CodeEngine:311 - oldGeneratedFile, C:\Users\Bazar\Desktop\STM32\STM32F411Discovery\My-STM32F411ve_Discovery\STM32F411Discovery_LCD_TFT_2-4_Inch\LCD_TFT_2_Inch\LCD_TFT_2_Inch\Core\Inc\stm32f4xx_hal_conf.h_save
2024-11-24 19:25:33,559 [INFO] CodeEngine:335 - Generated code: C:\Users\Bazar\Desktop\STM32\STM32F411Discovery\My-STM32F411ve_Discovery\STM32F411Discovery_LCD_TFT_2-4_Inch\LCD_TFT_2_Inch\LCD_TFT_2_Inch\Core\Inc\stm32f4xx_hal_conf.h
2024-11-24 19:25:33,606 [WARN] IPConfigManager:3554 - IP not found : TIM
2024-11-24 19:25:33,608 [WARN] CodeGenerator:4002 - IP not found : null
2024-11-24 19:25:33,618 [INFO] CodeEngine:255 - oldGeneratedFile, C:\Users\Bazar\Desktop\STM32\STM32F411Discovery\My-STM32F411ve_Discovery\STM32F411Discovery_LCD_TFT_2-4_Inch\LCD_TFT_2_Inch\LCD_TFT_2_Inch\Core\Inc\main.h_save
2024-11-24 19:25:33,870 [INFO] CodeEngine:279 - Generated code: C:\Users\Bazar\Desktop\STM32\STM32F411Discovery\My-STM32F411ve_Discovery\STM32F411Discovery_LCD_TFT_2-4_Inch\LCD_TFT_2_Inch\LCD_TFT_2_Inch\Core\Inc\main.h
2024-11-24 19:25:33,877 [INFO] CodeEngine:255 - oldGeneratedFile, C:\Users\Bazar\Desktop\STM32\STM32F411Discovery\My-STM32F411ve_Discovery\STM32F411Discovery_LCD_TFT_2-4_Inch\LCD_TFT_2_Inch\LCD_TFT_2_Inch\Core\Src\main.c_save
2024-11-24 19:25:34,118 [INFO] CodeEngine:279 - Generated code: C:\Users\Bazar\Desktop\STM32\STM32F411Discovery\My-STM32F411ve_Discovery\STM32F411Discovery_LCD_TFT_2-4_Inch\LCD_TFT_2_Inch\LCD_TFT_2_Inch\Core\Src\main.c
2024-11-24 19:25:41,746 [INFO] UtilMem:75 - End SaveConfig() Used Memory: 303558648 Bytes (961544192)
2024-11-24 19:25:43,602 [INFO] UtilMem:75 - End SaveConfig() Used Memory: 323617400 Bytes (961544192)
2024-11-24 19:25:43,780 [INFO] UtilMem:75 - End SaveConfig() Used Memory: 343926776 Bytes (961544192)
2024-11-24 19:25:43,980 [INFO] BlockDiagram:2766 - set Specific Code input for plugin: NVIC
2024-11-24 19:25:43,980 [INFO] BlockDiagram:2766 - set Specific Code input for plugin: TIM1_8
2024-11-24 19:25:43,980 [INFO] BlockDiagram:2766 - set Specific Code input for plugin: SYS
2024-11-24 19:25:43,981 [INFO] BlockDiagram:2766 - set Specific Code input for plugin: GPIO
2024-11-24 19:25:43,981 [INFO] BlockDiagram:2766 - set Specific Code input for plugin: RCC
2024-11-24 19:25:43,982 [INFO] CodeGenerator:807 - code generatio: config db path: C:\ST\STM32CubeIDE_1.16.1\STM32CubeIDE\plugins\com.st.stm32cube.common.mx_6.12.1.202409122256\\db\
2024-11-24 19:25:44,090 [INFO] CodeEngine:255 - oldGeneratedFile, C:\Users\Bazar\Desktop\STM32\STM32F411Discovery\My-STM32F411ve_Discovery\STM32F411Discovery_LCD_TFT_2-4_Inch\LCD_TFT_2_Inch\LCD_TFT_2_Inch\MXTmpFiles\license.tmp_save
2024-11-24 19:25:44,224 [INFO] CodeEngine:279 - Generated code: C:\Users\Bazar\Desktop\STM32\STM32F411Discovery\My-STM32F411ve_Discovery\STM32F411Discovery_LCD_TFT_2-4_Inch\LCD_TFT_2_Inch\LCD_TFT_2_Inch\MXTmpFiles\license.tmp
2024-11-24 19:25:44,269 [INFO] CodeEngine:255 - oldGeneratedFile, C:\Users\Bazar\Desktop\STM32\STM32F411Discovery\My-STM32F411ve_Discovery\STM32F411Discovery_LCD_TFT_2-4_Inch\LCD_TFT_2_Inch\LCD_TFT_2_Inch\MXTmpFiles\gpio.tmp_save
2024-11-24 19:25:44,441 [INFO] CodeEngine:279 - Generated code: C:\Users\Bazar\Desktop\STM32\STM32F411Discovery\My-STM32F411ve_Discovery\STM32F411Discovery_LCD_TFT_2-4_Inch\LCD_TFT_2_Inch\LCD_TFT_2_Inch\MXTmpFiles\gpio.tmp
2024-11-24 19:25:44,558 [INFO] CodeEngine:255 - oldGeneratedFile, C:\Users\Bazar\Desktop\STM32\STM32F411Discovery\My-STM32F411ve_Discovery\STM32F411Discovery_LCD_TFT_2-4_Inch\LCD_TFT_2_Inch\LCD_TFT_2_Inch\Core\Src\stm32f4xx_it.c_save
2024-11-24 19:25:44,720 [INFO] CodeEngine:279 - Generated code: C:\Users\Bazar\Desktop\STM32\STM32F411Discovery\My-STM32F411ve_Discovery\STM32F411Discovery_LCD_TFT_2-4_Inch\LCD_TFT_2_Inch\LCD_TFT_2_Inch\Core\Src\stm32f4xx_it.c
2024-11-24 19:25:44,732 [INFO] CodeEngine:255 - oldGeneratedFile, C:\Users\Bazar\Desktop\STM32\STM32F411Discovery\My-STM32F411ve_Discovery\STM32F411Discovery_LCD_TFT_2-4_Inch\LCD_TFT_2_Inch\LCD_TFT_2_Inch\Core\Inc\stm32f4xx_it.h_save
2024-11-24 19:25:44,875 [INFO] CodeEngine:279 - Generated code: C:\Users\Bazar\Desktop\STM32\STM32F411Discovery\My-STM32F411ve_Discovery\STM32F411Discovery_LCD_TFT_2-4_Inch\LCD_TFT_2_Inch\LCD_TFT_2_Inch\Core\Inc\stm32f4xx_it.h
2024-11-24 19:25:44,904 [INFO] CodeEngine:255 - oldGeneratedFile, C:\Users\Bazar\Desktop\STM32\STM32F411Discovery\My-STM32F411ve_Discovery\STM32F411Discovery_LCD_TFT_2-4_Inch\LCD_TFT_2_Inch\LCD_TFT_2_Inch\Core\Src\stm32f4xx_hal_msp.c_save
2024-11-24 19:25:45,034 [INFO] CodeEngine:279 - Generated code: C:\Users\Bazar\Desktop\STM32\STM32F411Discovery\My-STM32F411ve_Discovery\STM32F411Discovery_LCD_TFT_2-4_Inch\LCD_TFT_2_Inch\LCD_TFT_2_Inch\Core\Src\stm32f4xx_hal_msp.c
2024-11-24 19:25:45,040 [INFO] CodeEngine:255 - oldGeneratedFile, C:\Users\Bazar\Desktop\STM32\STM32F411Discovery\My-STM32F411ve_Discovery\STM32F411Discovery_LCD_TFT_2-4_Inch\LCD_TFT_2_Inch\LCD_TFT_2_Inch\MXTmpFiles\system.tmp_save
2024-11-24 19:25:45,111 [INFO] CodeEngine:279 - Generated code: C:\Users\Bazar\Desktop\STM32\STM32F411Discovery\My-STM32F411ve_Discovery\STM32F411Discovery_LCD_TFT_2-4_Inch\LCD_TFT_2_Inch\LCD_TFT_2_Inch\MXTmpFiles\system.tmp
2024-11-24 19:25:45,137 [INFO] CodeEngine:311 - oldGeneratedFile, C:\Users\Bazar\Desktop\STM32\STM32F411Discovery\My-STM32F411ve_Discovery\STM32F411Discovery_LCD_TFT_2-4_Inch\LCD_TFT_2_Inch\LCD_TFT_2_Inch\Core\Inc\stm32f4xx_hal_conf.h_save
2024-11-24 19:25:45,255 [INFO] CodeEngine:335 - Generated code: C:\Users\Bazar\Desktop\STM32\STM32F411Discovery\My-STM32F411ve_Discovery\STM32F411Discovery_LCD_TFT_2-4_Inch\LCD_TFT_2_Inch\LCD_TFT_2_Inch\Core\Inc\stm32f4xx_hal_conf.h
2024-11-24 19:25:45,295 [WARN] IPConfigManager:3554 - IP not found : TIM
2024-11-24 19:25:45,296 [WARN] CodeGenerator:4002 - IP not found : null
2024-11-24 19:25:45,325 [INFO] CodeEngine:255 - oldGeneratedFile, C:\Users\Bazar\Desktop\STM32\STM32F411Discovery\My-STM32F411ve_Discovery\STM32F411Discovery_LCD_TFT_2-4_Inch\LCD_TFT_2_Inch\LCD_TFT_2_Inch\Core\Inc\main.h_save
2024-11-24 19:25:45,488 [INFO] CodeEngine:279 - Generated code: C:\Users\Bazar\Desktop\STM32\STM32F411Discovery\My-STM32F411ve_Discovery\STM32F411Discovery_LCD_TFT_2-4_Inch\LCD_TFT_2_Inch\LCD_TFT_2_Inch\Core\Inc\main.h
2024-11-24 19:25:45,514 [INFO] CodeEngine:255 - oldGeneratedFile, C:\Users\Bazar\Desktop\STM32\STM32F411Discovery\My-STM32F411ve_Discovery\STM32F411Discovery_LCD_TFT_2-4_Inch\LCD_TFT_2_Inch\LCD_TFT_2_Inch\Core\Src\main.c_save
2024-11-24 19:25:45,804 [INFO] CodeEngine:279 - Generated code: C:\Users\Bazar\Desktop\STM32\STM32F411Discovery\My-STM32F411ve_Discovery\STM32F411Discovery_LCD_TFT_2-4_Inch\LCD_TFT_2_Inch\LCD_TFT_2_Inch\Core\Src\main.c
2024-11-24 19:25:46,211 [INFO] ProjectBuilder:3249 - Time for Copy HAL[1] : 224mS.
2024-11-24 19:25:46,222 [INFO] ProjectBuilder:4828 - Project Generator version: 4.5.0-B34
2024-11-24 19:25:46,326 [INFO] ConfigFileManager:1531 - The Die is : DIE431
2024-11-24 19:25:46,343 [INFO] ApiDbMcu:508 - Load IP Config File for FATFS
2024-11-24 19:25:46,358 [INFO] ApiDbMcu:508 - Load IP Config File for FREERTOS
2024-11-24 19:25:46,370 [INFO] ApiDbMcu:508 - Load IP Config File for LIBJPEG
2024-11-24 19:25:46,386 [INFO] ApiDbMcu:508 - Load IP Config File for MBEDTLS
2024-11-24 19:25:46,406 [INFO] ApiDbMcu:508 - Load IP Config File for USB_DEVICE
2024-11-24 19:25:46,421 [INFO] ApiDbMcu:508 - Load IP Config File for USB_HOST
2024-11-24 19:25:47,318 [INFO] LogOutputStream:77 - [STDOUT_REDIRECT] 
2024-11-24 19:25:51,984 [INFO] ProjectBuilder:5097 - Time for Generating toolchain IDE Files: 5763mS.
2024-11-24 19:25:51,985 [INFO] ProjectBuilder:3107 - Time for Copy CMSIS : 0mS.
2024-11-24 19:25:51,988 [INFO] ProjectBuilder:3107 - Time for Copy CMSIS : 0mS.
2024-11-24 19:26:54,959 [ERROR] ConfigurationRetriever:142 - IOException on connection: Remote host terminated the handshake
2024-11-24 19:26:57,949 [ERROR] LogOutputStream:75 - [STDERR_REDIRECT] 
2024-11-24 19:27:14,238 [INFO] Activator:176 - 


2024-11-24 19:27:14,241 [INFO] Activator:177 - !SESSION log4j initialized
2024-11-24 19:27:21,936 [INFO] LogOutputStream:77 - [STDOUT_REDIRECT] 
